[0.052s] Invoking command in '/home/moulik/drone_ws/build/drone_description': CMAKE_PREFIX_PATH=${CMAKE_PREFIX_PATH}:/opt/ros/humble /usr/bin/cmake --build /home/moulik/drone_ws/build/drone_description -- -j1 -l1
[0.349s] Invoked command in '/home/moulik/drone_ws/build/drone_description' returned '0': CMAKE_PREFIX_PATH=${CMAKE_PREFIX_PATH}:/opt/ros/humble /usr/bin/cmake --build /home/moulik/drone_ws/build/drone_description -- -j1 -l1
[0.383s] Invoking command in '/home/moulik/drone_ws/build/drone_description': CMAKE_PREFIX_PATH=${CMAKE_PREFIX_PATH}:/opt/ros/humble /usr/bin/cmake --install /home/moulik/drone_ws/build/drone_description
[0.400s] -- Install configuration: ""
[0.402s] -- Up-to-date: /home/moulik/drone_ws/install/drone_description/share/ament_index/resource_index/package_run_dependencies/drone_description
[0.405s] -- Up-to-date: /home/moulik/drone_ws/install/drone_description/share/ament_index/resource_index/parent_prefix_path/drone_description
[0.405s] -- Up-to-date: /home/moulik/drone_ws/install/drone_description/share/drone_description/environment/ament_prefix_path.sh
[0.406s] -- Up-to-date: /home/moulik/drone_ws/install/drone_description/share/drone_description/environment/ament_prefix_path.dsv
[0.406s] -- Up-to-date: /home/moulik/drone_ws/install/drone_description/share/drone_description/environment/path.sh
[0.406s] -- Up-to-date: /home/moulik/drone_ws/install/drone_description/share/drone_description/environment/path.dsv
[0.407s] -- Up-to-date: /home/moulik/drone_ws/install/drone_description/share/drone_description/local_setup.bash
[0.407s] -- Up-to-date: /home/moulik/drone_ws/install/drone_description/share/drone_description/local_setup.sh
[0.407s] -- Up-to-date: /home/moulik/drone_ws/install/drone_description/share/drone_description/local_setup.zsh
[0.408s] -- Up-to-date: /home/moulik/drone_ws/install/drone_description/share/drone_description/local_setup.dsv
[0.408s] -- Installing: /home/moulik/drone_ws/install/drone_description/share/drone_description/package.dsv
[0.408s] -- Up-to-date: /home/moulik/drone_ws/install/drone_description/share/ament_index/resource_index/packages/drone_description
[0.409s] -- Up-to-date: /home/moulik/drone_ws/install/drone_description/share/drone_description/cmake/drone_descriptionConfig.cmake
[0.409s] -- Up-to-date: /home/moulik/drone_ws/install/drone_description/share/drone_description/cmake/drone_descriptionConfig-version.cmake
[0.409s] -- Up-to-date: /home/moulik/drone_ws/install/drone_description/share/drone_description/package.xml
[0.412s] Invoked command in '/home/moulik/drone_ws/build/drone_description' returned '0': CMAKE_PREFIX_PATH=${CMAKE_PREFIX_PATH}:/opt/ros/humble /usr/bin/cmake --install /home/moulik/drone_ws/build/drone_description
