running egg_info
writing ../../build/car_navigation/car_navigation.egg-info/PKG-INFO
writing dependency_links to ../../build/car_navigation/car_navigation.egg-info/dependency_links.txt
writing entry points to ../../build/car_navigation/car_navigation.egg-info/entry_points.txt
writing requirements to ../../build/car_navigation/car_navigation.egg-info/requires.txt
writing top-level names to ../../build/car_navigation/car_navigation.egg-info/top_level.txt
reading manifest file '../../build/car_navigation/car_navigation.egg-info/SOURCES.txt'
writing manifest file '../../build/car_navigation/car_navigation.egg-info/SOURCES.txt'
running build
running build_py
copying car_navigation/obstacle_avoidance.py -> /home/moulik/drone_ws/build/car_navigation/build/lib/car_navigation
running install
running install_lib
copying /home/moulik/drone_ws/build/car_navigation/build/lib/car_navigation/obstacle_avoidance.py -> /home/moulik/drone_ws/install/car_navigation/lib/python3.10/site-packages/car_navigation
byte-compiling /home/moulik/drone_ws/install/car_navigation/lib/python3.10/site-packages/car_navigation/obstacle_avoidance.py to obstacle_avoidance.cpython-310.pyc
running install_data
running install_egg_info
removing '/home/moulik/drone_ws/install/car_navigation/lib/python3.10/site-packages/car_navigation-0.0.0-py3.10.egg-info' (and everything under it)
Copying ../../build/car_navigation/car_navigation.egg-info to /home/moulik/drone_ws/install/car_navigation/lib/python3.10/site-packages/car_navigation-0.0.0-py3.10.egg-info
running install_scripts
Installing obstacle_avoidance script to /home/moulik/drone_ws/install/car_navigation/lib/car_navigation
Installing simple_lidar_test script to /home/moulik/drone_ws/install/car_navigation/lib/car_navigation
writing list of installed files to '/home/moulik/drone_ws/build/car_navigation/install.log'
