[1.866s] Invoking command in '/home/moulik/drone_ws/src/car_navigation': PYTHONPATH=/home/moulik/drone_ws/build/car_navigation/prefix_override:/usr/lib/python3/dist-packages/colcon_core/task/python/colcon_distutils_commands:/home/moulik/drone_ws/install/car_navigation/lib/python3.10/site-packages:${PYTHONPATH} /usr/bin/python3 -W ignore:setup.py install is deprecated -W ignore:easy_install command is deprecated setup.py egg_info --egg-base ../../build/car_navigation build --build-base /home/moulik/drone_ws/build/car_navigation/build install --record /home/moulik/drone_ws/build/car_navigation/install.log --single-version-externally-managed install_data
[2.610s] running egg_info
[2.614s] writing ../../build/car_navigation/car_navigation.egg-info/PKG-INFO
[2.615s] writing dependency_links to ../../build/car_navigation/car_navigation.egg-info/dependency_links.txt
[2.618s] writing entry points to ../../build/car_navigation/car_navigation.egg-info/entry_points.txt
[2.621s] writing requirements to ../../build/car_navigation/car_navigation.egg-info/requires.txt
[2.624s] writing top-level names to ../../build/car_navigation/car_navigation.egg-info/top_level.txt
[2.630s] reading manifest file '../../build/car_navigation/car_navigation.egg-info/SOURCES.txt'
[2.649s] writing manifest file '../../build/car_navigation/car_navigation.egg-info/SOURCES.txt'
[2.667s] running build
[2.667s] running build_py
[2.667s] copying car_navigation/obstacle_avoidance.py -> /home/moulik/drone_ws/build/car_navigation/build/lib/car_navigation
[2.667s] running install
[2.667s] running install_lib
[2.667s] copying /home/moulik/drone_ws/build/car_navigation/build/lib/car_navigation/obstacle_avoidance.py -> /home/moulik/drone_ws/install/car_navigation/lib/python3.10/site-packages/car_navigation
[2.667s] byte-compiling /home/moulik/drone_ws/install/car_navigation/lib/python3.10/site-packages/car_navigation/obstacle_avoidance.py to obstacle_avoidance.cpython-310.pyc
[2.669s] running install_data
[2.691s] running install_egg_info
[2.691s] removing '/home/moulik/drone_ws/install/car_navigation/lib/python3.10/site-packages/car_navigation-0.0.0-py3.10.egg-info' (and everything under it)
[2.691s] Copying ../../build/car_navigation/car_navigation.egg-info to /home/moulik/drone_ws/install/car_navigation/lib/python3.10/site-packages/car_navigation-0.0.0-py3.10.egg-info
[2.692s] running install_scripts
[2.716s] Installing obstacle_avoidance script to /home/moulik/drone_ws/install/car_navigation/lib/car_navigation
[2.724s] Installing simple_lidar_test script to /home/moulik/drone_ws/install/car_navigation/lib/car_navigation
[2.724s] writing list of installed files to '/home/moulik/drone_ws/build/car_navigation/install.log'
[2.820s] Invoked command in '/home/moulik/drone_ws/src/car_navigation' returned '0': PYTHONPATH=/home/moulik/drone_ws/build/car_navigation/prefix_override:/usr/lib/python3/dist-packages/colcon_core/task/python/colcon_distutils_commands:/home/moulik/drone_ws/install/car_navigation/lib/python3.10/site-packages:${PYTHONPATH} /usr/bin/python3 -W ignore:setup.py install is deprecated -W ignore:easy_install command is deprecated setup.py egg_info --egg-base ../../build/car_navigation build --build-base /home/moulik/drone_ws/build/car_navigation/build install --record /home/moulik/drone_ws/build/car_navigation/install.log --single-version-externally-managed install_data
