-- Found ament_cmake: 1.3.11 (/opt/ros/humble/share/ament_cmake/cmake)
-- Override CMake install command with custom implementation using symlinks instead of copying resources
-- Found ament_lint_auto: 0.12.11 (/opt/ros/humble/share/ament_lint_auto/cmake)
-- Added test 'flake8' to check Python code syntax and style conventions
-- Added test 'lint_cmake' to check CMake code style
-- Added test 'pep257' to check Python code against some of the docstring style conventions in PEP 257
-- Added test 'xmllint' to check XML markup files
-- Configuring done
-- Generating done
-- Build files have been written to: /home/moulik/drone_ws/build/drone_description
-- Install configuration: ""
-- Execute custom install script
-- Symlinking: /home/moulik/drone_ws/install/drone_description/share/ament_index/resource_index/package_run_dependencies/drone_description
-- Symlinking: /home/moulik/drone_ws/install/drone_description/share/ament_index/resource_index/parent_prefix_path/drone_description
-- Symlinking: /home/moulik/drone_ws/install/drone_description/share/drone_description/environment/ament_prefix_path.sh
-- Symlinking: /home/moulik/drone_ws/install/drone_description/share/drone_description/environment/ament_prefix_path.dsv
-- Symlinking: /home/moulik/drone_ws/install/drone_description/share/drone_description/environment/path.sh
-- Symlinking: /home/moulik/drone_ws/install/drone_description/share/drone_description/environment/path.dsv
-- Symlinking: /home/moulik/drone_ws/install/drone_description/share/drone_description/local_setup.bash
-- Symlinking: /home/moulik/drone_ws/install/drone_description/share/drone_description/local_setup.sh
-- Symlinking: /home/moulik/drone_ws/install/drone_description/share/drone_description/local_setup.zsh
-- Symlinking: /home/moulik/drone_ws/install/drone_description/share/drone_description/local_setup.dsv
-- Symlinking: /home/moulik/drone_ws/install/drone_description/share/drone_description/package.dsv
-- Symlinking: /home/moulik/drone_ws/install/drone_description/share/ament_index/resource_index/packages/drone_description
-- Symlinking: /home/moulik/drone_ws/install/drone_description/share/drone_description/cmake/drone_descriptionConfig.cmake
-- Symlinking: /home/moulik/drone_ws/install/drone_description/share/drone_description/cmake/drone_descriptionConfig-version.cmake
-- Symlinking: /home/moulik/drone_ws/install/drone_description/share/drone_description/package.xml
