[0.070s] Invoking command in '/home/moulik/drone_ws/build/drone_description': CMAKE_PREFIX_PATH=${CMAKE_PREFIX_PATH}:/home/moulik/drone_ws/install/drone_navigation:/opt/ros/humble /usr/bin/cmake /home/moulik/drone_ws/src/drone_description -DAMENT_CMAKE_SYMLINK_INSTALL=1 -DCMAKE_INSTALL_PREFIX=/home/moulik/drone_ws/install/drone_description
[0.423s] -- Found ament_cmake: 1.3.11 (/opt/ros/humble/share/ament_cmake/cmake)
[0.821s] -- Override CMake install command with custom implementation using symlinks instead of copying resources
[0.941s] -- Found ament_lint_auto: 0.12.11 (/opt/ros/humble/share/ament_lint_auto/cmake)
[1.127s] -- Added test 'flake8' to check Python code syntax and style conventions
[1.128s] -- Added test 'lint_cmake' to check CMake code style
[1.130s] -- Added test 'pep257' to check Python code against some of the docstring style conventions in PEP 257
[1.133s] -- Added test 'xmllint' to check XML markup files
[1.140s] -- Configuring done
[1.166s] -- Generating done
[1.187s] -- Build files have been written to: /home/moulik/drone_ws/build/drone_description
[1.191s] Invoked command in '/home/moulik/drone_ws/build/drone_description' returned '0': CMAKE_PREFIX_PATH=${CMAKE_PREFIX_PATH}:/home/moulik/drone_ws/install/drone_navigation:/opt/ros/humble /usr/bin/cmake /home/moulik/drone_ws/src/drone_description -DAMENT_CMAKE_SYMLINK_INSTALL=1 -DCMAKE_INSTALL_PREFIX=/home/moulik/drone_ws/install/drone_description
[1.192s] Invoking command in '/home/moulik/drone_ws/build/drone_description': CMAKE_PREFIX_PATH=${CMAKE_PREFIX_PATH}:/home/moulik/drone_ws/install/drone_navigation:/opt/ros/humble /usr/bin/cmake --build /home/moulik/drone_ws/build/drone_description -- -j1 -l1
[1.271s] Invoked command in '/home/moulik/drone_ws/build/drone_description' returned '0': CMAKE_PREFIX_PATH=${CMAKE_PREFIX_PATH}:/home/moulik/drone_ws/install/drone_navigation:/opt/ros/humble /usr/bin/cmake --build /home/moulik/drone_ws/build/drone_description -- -j1 -l1
[1.293s] Invoking command in '/home/moulik/drone_ws/build/drone_description': CMAKE_PREFIX_PATH=${CMAKE_PREFIX_PATH}:/home/moulik/drone_ws/install/drone_navigation:/opt/ros/humble /usr/bin/cmake --install /home/moulik/drone_ws/build/drone_description
[1.322s] -- Install configuration: ""
[1.322s] -- Execute custom install script
[1.322s] -- Symlinking: /home/moulik/drone_ws/install/drone_description/share/ament_index/resource_index/package_run_dependencies/drone_description
[1.350s] -- Symlinking: /home/moulik/drone_ws/install/drone_description/share/ament_index/resource_index/parent_prefix_path/drone_description
[1.379s] -- Symlinking: /home/moulik/drone_ws/install/drone_description/share/drone_description/environment/ament_prefix_path.sh
[1.408s] -- Symlinking: /home/moulik/drone_ws/install/drone_description/share/drone_description/environment/ament_prefix_path.dsv
[1.431s] -- Symlinking: /home/moulik/drone_ws/install/drone_description/share/drone_description/environment/path.sh
[1.446s] -- Symlinking: /home/moulik/drone_ws/install/drone_description/share/drone_description/environment/path.dsv
[1.461s] -- Symlinking: /home/moulik/drone_ws/install/drone_description/share/drone_description/local_setup.bash
[1.477s] -- Symlinking: /home/moulik/drone_ws/install/drone_description/share/drone_description/local_setup.sh
[1.511s] -- Symlinking: /home/moulik/drone_ws/install/drone_description/share/drone_description/local_setup.zsh
[1.528s] -- Symlinking: /home/moulik/drone_ws/install/drone_description/share/drone_description/local_setup.dsv
[1.558s] -- Symlinking: /home/moulik/drone_ws/install/drone_description/share/drone_description/package.dsv
[1.578s] -- Symlinking: /home/moulik/drone_ws/install/drone_description/share/ament_index/resource_index/packages/drone_description
[1.617s] -- Symlinking: /home/moulik/drone_ws/install/drone_description/share/drone_description/cmake/drone_descriptionConfig.cmake
[1.654s] -- Symlinking: /home/moulik/drone_ws/install/drone_description/share/drone_description/cmake/drone_descriptionConfig-version.cmake
[1.672s] -- Symlinking: /home/moulik/drone_ws/install/drone_description/share/drone_description/package.xml
[1.704s] Invoked command in '/home/moulik/drone_ws/build/drone_description' returned '0': CMAKE_PREFIX_PATH=${CMAKE_PREFIX_PATH}:/home/moulik/drone_ws/install/drone_navigation:/opt/ros/humble /usr/bin/cmake --install /home/moulik/drone_ws/build/drone_description
