[0.406s] DEBUG:colcon:Command line arguments: ['/usr/bin/colcon', 'build', '--packages-select', 'drone_sim']
[0.406s] DEBUG:colcon:Parsed command line arguments: Namespace(log_base=None, log_level=None, verb_name='build', build_base='build', install_base='install', merge_install=False, symlink_install=False, test_result_base=None, continue_on_error=False, executor='parallel', parallel_workers=1, event_handlers=None, ignore_user_meta=False, metas=['./colcon.meta'], base_paths=['.'], packages_ignore=None, packages_ignore_regex=None, paths=None, packages_up_to=None, packages_up_to_regex=None, packages_above=None, packages_above_and_dependencies=None, packages_above_depth=None, packages_select_by_dep=None, packages_skip_by_dep=None, packages_skip_up_to=None, packages_select_build_failed=False, packages_skip_build_finished=False, packages_select_test_failures=False, packages_skip_test_passed=False, packages_select=['drone_sim'], packages_skip=None, packages_select_regex=None, packages_skip_regex=None, packages_start=None, packages_end=None, allow_overriding=[], cmake_args=None, cmake_target=None, cmake_target_skip_unavailable=False, cmake_clean_cache=False, cmake_clean_first=False, cmake_force_configure=False, ament_cmake_args=None, catkin_cmake_args=None, catkin_skip_building_tests=False, mixin_files=None, mixin=None, verb_parser=<colcon_mixin.mixin.mixin_argument.MixinArgumentDecorator object at 0x7dd8ecd5e3e0>, verb_extension=<colcon_core.verb.build.BuildVerb object at 0x7dd8ecd5df30>, main=<bound method BuildVerb.main of <colcon_core.verb.build.BuildVerb object at 0x7dd8ecd5df30>>, mixin_verb=('build',))
[1.000s] Level 1:colcon.colcon_core.package_discovery:discover_packages(colcon_meta) check parameters
[1.000s] Level 1:colcon.colcon_core.package_discovery:discover_packages(recursive) check parameters
[1.001s] Level 1:colcon.colcon_core.package_discovery:discover_packages(ignore) check parameters
[1.001s] Level 1:colcon.colcon_core.package_discovery:discover_packages(path) check parameters
[1.001s] Level 1:colcon.colcon_core.package_discovery:discover_packages(colcon_meta) discover
[1.001s] Level 1:colcon.colcon_core.package_discovery:discover_packages(recursive) discover
[1.001s] INFO:colcon.colcon_core.package_discovery:Crawling recursively for packages in '/home/moulik/drone_ws'
[1.001s] Level 1:colcon.colcon_core.package_identification:_identify(.) by extensions ['ignore', 'ignore_ament_install']
[1.001s] Level 1:colcon.colcon_core.package_identification:_identify(.) by extension 'ignore'
[1.001s] Level 1:colcon.colcon_core.package_identification:_identify(.) by extension 'ignore_ament_install'
[1.001s] Level 1:colcon.colcon_core.package_identification:_identify(.) by extensions ['colcon_pkg']
[1.001s] Level 1:colcon.colcon_core.package_identification:_identify(.) by extension 'colcon_pkg'
[1.001s] Level 1:colcon.colcon_core.package_identification:_identify(.) by extensions ['colcon_meta']
[1.001s] Level 1:colcon.colcon_core.package_identification:_identify(.) by extension 'colcon_meta'
[1.001s] Level 1:colcon.colcon_core.package_identification:_identify(.) by extensions ['ros']
[1.001s] Level 1:colcon.colcon_core.package_identification:_identify(.) by extension 'ros'
[1.027s] Level 1:colcon.colcon_core.package_identification:_identify(.) by extensions ['cmake', 'python']
[1.027s] Level 1:colcon.colcon_core.package_identification:_identify(.) by extension 'cmake'
[1.027s] Level 1:colcon.colcon_core.package_identification:_identify(.) by extension 'python'
[1.027s] Level 1:colcon.colcon_core.package_identification:_identify(.) by extensions ['python_setup_py']
[1.027s] Level 1:colcon.colcon_core.package_identification:_identify(.) by extension 'python_setup_py'
[1.029s] Level 1:colcon.colcon_core.package_identification:_identify(build) by extensions ['ignore', 'ignore_ament_install']
[1.029s] Level 1:colcon.colcon_core.package_identification:_identify(build) by extension 'ignore'
[1.029s] Level 1:colcon.colcon_core.package_identification:_identify(build) ignored
[1.029s] Level 1:colcon.colcon_core.package_identification:_identify(install) by extensions ['ignore', 'ignore_ament_install']
[1.030s] Level 1:colcon.colcon_core.package_identification:_identify(install) by extension 'ignore'
[1.030s] Level 1:colcon.colcon_core.package_identification:_identify(install) ignored
[1.030s] Level 1:colcon.colcon_core.package_identification:_identify(log) by extensions ['ignore', 'ignore_ament_install']
[1.030s] Level 1:colcon.colcon_core.package_identification:_identify(log) by extension 'ignore'
[1.030s] Level 1:colcon.colcon_core.package_identification:_identify(log) ignored
[1.031s] Level 1:colcon.colcon_core.package_identification:_identify(src) by extensions ['ignore', 'ignore_ament_install']
[1.031s] Level 1:colcon.colcon_core.package_identification:_identify(src) by extension 'ignore'
[1.031s] Level 1:colcon.colcon_core.package_identification:_identify(src) by extension 'ignore_ament_install'
[1.031s] Level 1:colcon.colcon_core.package_identification:_identify(src) by extensions ['colcon_pkg']
[1.032s] Level 1:colcon.colcon_core.package_identification:_identify(src) by extension 'colcon_pkg'
[1.032s] Level 1:colcon.colcon_core.package_identification:_identify(src) by extensions ['colcon_meta']
[1.032s] Level 1:colcon.colcon_core.package_identification:_identify(src) by extension 'colcon_meta'
[1.032s] Level 1:colcon.colcon_core.package_identification:_identify(src) by extensions ['ros']
[1.032s] Level 1:colcon.colcon_core.package_identification:_identify(src) by extension 'ros'
[1.032s] Level 1:colcon.colcon_core.package_identification:_identify(src) by extensions ['cmake', 'python']
[1.032s] Level 1:colcon.colcon_core.package_identification:_identify(src) by extension 'cmake'
[1.032s] Level 1:colcon.colcon_core.package_identification:_identify(src) by extension 'python'
[1.032s] Level 1:colcon.colcon_core.package_identification:_identify(src) by extensions ['python_setup_py']
[1.032s] Level 1:colcon.colcon_core.package_identification:_identify(src) by extension 'python_setup_py'
[1.033s] Level 1:colcon.colcon_core.package_identification:_identify(src/drone_sim) by extensions ['ignore', 'ignore_ament_install']
[1.033s] Level 1:colcon.colcon_core.package_identification:_identify(src/drone_sim) by extension 'ignore'
[1.033s] Level 1:colcon.colcon_core.package_identification:_identify(src/drone_sim) by extension 'ignore_ament_install'
[1.033s] Level 1:colcon.colcon_core.package_identification:_identify(src/drone_sim) by extensions ['colcon_pkg']
[1.033s] Level 1:colcon.colcon_core.package_identification:_identify(src/drone_sim) by extension 'colcon_pkg'
[1.033s] Level 1:colcon.colcon_core.package_identification:_identify(src/drone_sim) by extensions ['colcon_meta']
[1.033s] Level 1:colcon.colcon_core.package_identification:_identify(src/drone_sim) by extension 'colcon_meta'
[1.033s] Level 1:colcon.colcon_core.package_identification:_identify(src/drone_sim) by extensions ['ros']
[1.033s] Level 1:colcon.colcon_core.package_identification:_identify(src/drone_sim) by extension 'ros'
[1.042s] DEBUG:colcon.colcon_core.package_identification:Package 'src/drone_sim' with type 'ros.ament_cmake' and name 'drone_sim'
[1.049s] Level 1:colcon.colcon_core.package_identification:_identify(src/log) by extensions ['ignore', 'ignore_ament_install']
[1.049s] Level 1:colcon.colcon_core.package_identification:_identify(src/log) by extension 'ignore'
[1.049s] Level 1:colcon.colcon_core.package_identification:_identify(src/log) ignored
[1.049s] Level 1:colcon.colcon_core.package_discovery:discover_packages(recursive) using defaults
[1.049s] Level 1:colcon.colcon_core.package_discovery:discover_packages(ignore) discover
[1.049s] Level 1:colcon.colcon_core.package_discovery:discover_packages(ignore) using defaults
[1.049s] Level 1:colcon.colcon_core.package_discovery:discover_packages(path) discover
[1.049s] Level 1:colcon.colcon_core.package_discovery:discover_packages(path) using defaults
[1.117s] Level 1:colcon.colcon_core.package_discovery:discover_packages(prefix_path) check parameters
[1.117s] Level 1:colcon.colcon_core.package_discovery:discover_packages(prefix_path) discover
[1.123s] DEBUG:colcon.colcon_installed_package_information.package_discovery:Found 1 installed packages in /home/moulik/drone_ws/install
[1.126s] DEBUG:colcon.colcon_installed_package_information.package_discovery:Found 319 installed packages in /opt/ros/humble
[1.127s] Level 1:colcon.colcon_core.package_discovery:discover_packages(prefix_path) using defaults
[1.329s] Level 5:colcon.colcon_core.verb:set package 'drone_sim' build argument 'cmake_args' from command line to 'None'
[1.329s] Level 5:colcon.colcon_core.verb:set package 'drone_sim' build argument 'cmake_target' from command line to 'None'
[1.329s] Level 5:colcon.colcon_core.verb:set package 'drone_sim' build argument 'cmake_target_skip_unavailable' from command line to 'False'
[1.329s] Level 5:colcon.colcon_core.verb:set package 'drone_sim' build argument 'cmake_clean_cache' from command line to 'False'
[1.329s] Level 5:colcon.colcon_core.verb:set package 'drone_sim' build argument 'cmake_clean_first' from command line to 'False'
[1.329s] Level 5:colcon.colcon_core.verb:set package 'drone_sim' build argument 'cmake_force_configure' from command line to 'False'
[1.329s] Level 5:colcon.colcon_core.verb:set package 'drone_sim' build argument 'ament_cmake_args' from command line to 'None'
[1.329s] Level 5:colcon.colcon_core.verb:set package 'drone_sim' build argument 'catkin_cmake_args' from command line to 'None'
[1.329s] Level 5:colcon.colcon_core.verb:set package 'drone_sim' build argument 'catkin_skip_building_tests' from command line to 'False'
[1.329s] DEBUG:colcon.colcon_core.verb:Building package 'drone_sim' with the following arguments: {'ament_cmake_args': None, 'build_base': '/home/moulik/drone_ws/build/drone_sim', 'catkin_cmake_args': None, 'catkin_skip_building_tests': False, 'cmake_args': None, 'cmake_clean_cache': False, 'cmake_clean_first': False, 'cmake_force_configure': False, 'cmake_target': None, 'cmake_target_skip_unavailable': False, 'install_base': '/home/moulik/drone_ws/install/drone_sim', 'merge_install': False, 'path': '/home/moulik/drone_ws/src/drone_sim', 'symlink_install': False, 'test_result_base': None}
[1.329s] INFO:colcon.colcon_core.executor:Executing jobs using 'parallel' executor
[1.331s] DEBUG:colcon.colcon_parallel_executor.executor.parallel:run_until_complete
[1.331s] INFO:colcon.colcon_ros.task.ament_cmake.build:Building ROS package in '/home/moulik/drone_ws/src/drone_sim' with build type 'ament_cmake'
[1.331s] INFO:colcon.colcon_cmake.task.cmake.build:Building CMake package in '/home/moulik/drone_ws/src/drone_sim'
[1.350s] INFO:colcon.colcon_core.plugin_system:Skipping extension 'colcon_core.shell.bat': Not used on non-Windows systems
[1.351s] INFO:colcon.colcon_core.shell:Skip shell extension 'powershell' for command environment: Not usable outside of PowerShell
[1.351s] DEBUG:colcon.colcon_core.shell:Skip shell extension 'dsv' for command environment
[1.389s] DEBUG:colcon.colcon_core.event_handler.log_command:Invoking command in '/home/moulik/drone_ws/build/drone_sim': CMAKE_PREFIX_PATH=${CMAKE_PREFIX_PATH}:/opt/ros/humble /usr/bin/cmake --build /home/moulik/drone_ws/build/drone_sim -- -j1 -l1
[1.513s] DEBUG:colcon.colcon_core.event_handler.log_command:Invoked command in '/home/moulik/drone_ws/build/drone_sim' returned '0': CMAKE_PREFIX_PATH=${CMAKE_PREFIX_PATH}:/opt/ros/humble /usr/bin/cmake --build /home/moulik/drone_ws/build/drone_sim -- -j1 -l1
[1.526s] DEBUG:colcon.colcon_core.event_handler.log_command:Invoking command in '/home/moulik/drone_ws/build/drone_sim': CMAKE_PREFIX_PATH=${CMAKE_PREFIX_PATH}:/opt/ros/humble /usr/bin/cmake --install /home/moulik/drone_ws/build/drone_sim
[1.550s] Level 1:colcon.colcon_core.environment:create_environment_scripts_only(drone_sim)
[1.550s] DEBUG:colcon.colcon_core.event_handler.log_command:Invoked command in '/home/moulik/drone_ws/build/drone_sim' returned '0': CMAKE_PREFIX_PATH=${CMAKE_PREFIX_PATH}:/opt/ros/humble /usr/bin/cmake --install /home/moulik/drone_ws/build/drone_sim
[1.574s] Level 1:colcon.colcon_core.environment:checking '/home/moulik/drone_ws/install/drone_sim' for CMake module files
[1.576s] Level 1:colcon.colcon_core.environment:checking '/home/moulik/drone_ws/install/drone_sim' for CMake config files
[1.581s] Level 1:colcon.colcon_core.shell:create_environment_hook('drone_sim', 'cmake_prefix_path')
[1.581s] INFO:colcon.colcon_core.shell:Creating environment hook '/home/moulik/drone_ws/install/drone_sim/share/drone_sim/hook/cmake_prefix_path.ps1'
[1.583s] INFO:colcon.colcon_core.shell:Creating environment descriptor '/home/moulik/drone_ws/install/drone_sim/share/drone_sim/hook/cmake_prefix_path.dsv'
[1.591s] INFO:colcon.colcon_core.shell:Creating environment hook '/home/moulik/drone_ws/install/drone_sim/share/drone_sim/hook/cmake_prefix_path.sh'
[1.595s] Level 1:colcon.colcon_core.environment:checking '/home/moulik/drone_ws/install/drone_sim/lib'
[1.595s] Level 1:colcon.colcon_core.environment:checking '/home/moulik/drone_ws/install/drone_sim/bin'
[1.595s] Level 1:colcon.colcon_core.environment:checking '/home/moulik/drone_ws/install/drone_sim/lib/pkgconfig/drone_sim.pc'
[1.595s] Level 1:colcon.colcon_core.environment:checking '/home/moulik/drone_ws/install/drone_sim/lib/python3.10/site-packages'
[1.595s] Level 1:colcon.colcon_core.environment:checking '/home/moulik/drone_ws/install/drone_sim/bin'
[1.596s] INFO:colcon.colcon_core.shell:Creating package script '/home/moulik/drone_ws/install/drone_sim/share/drone_sim/package.ps1'
[1.605s] INFO:colcon.colcon_core.shell:Creating package descriptor '/home/moulik/drone_ws/install/drone_sim/share/drone_sim/package.dsv'
[1.607s] INFO:colcon.colcon_core.shell:Creating package script '/home/moulik/drone_ws/install/drone_sim/share/drone_sim/package.sh'
[1.609s] INFO:colcon.colcon_core.shell:Creating package script '/home/moulik/drone_ws/install/drone_sim/share/drone_sim/package.bash'
[1.610s] INFO:colcon.colcon_core.shell:Creating package script '/home/moulik/drone_ws/install/drone_sim/share/drone_sim/package.zsh'
[1.612s] Level 1:colcon.colcon_core.environment:create_file_with_runtime_dependencies(/home/moulik/drone_ws/install/drone_sim/share/colcon-core/packages/drone_sim)
[1.613s] Level 1:colcon.colcon_core.environment:create_environment_scripts_only(drone_sim)
[1.613s] Level 1:colcon.colcon_core.environment:checking '/home/moulik/drone_ws/install/drone_sim' for CMake module files
[1.614s] Level 1:colcon.colcon_core.environment:checking '/home/moulik/drone_ws/install/drone_sim' for CMake config files
[1.614s] Level 1:colcon.colcon_core.shell:create_environment_hook('drone_sim', 'cmake_prefix_path')
[1.614s] INFO:colcon.colcon_core.shell:Creating environment hook '/home/moulik/drone_ws/install/drone_sim/share/drone_sim/hook/cmake_prefix_path.ps1'
[1.615s] INFO:colcon.colcon_core.shell:Creating environment descriptor '/home/moulik/drone_ws/install/drone_sim/share/drone_sim/hook/cmake_prefix_path.dsv'
[1.615s] INFO:colcon.colcon_core.shell:Creating environment hook '/home/moulik/drone_ws/install/drone_sim/share/drone_sim/hook/cmake_prefix_path.sh'
[1.616s] Level 1:colcon.colcon_core.environment:checking '/home/moulik/drone_ws/install/drone_sim/lib'
[1.616s] Level 1:colcon.colcon_core.environment:checking '/home/moulik/drone_ws/install/drone_sim/bin'
[1.616s] Level 1:colcon.colcon_core.environment:checking '/home/moulik/drone_ws/install/drone_sim/lib/pkgconfig/drone_sim.pc'
[1.616s] Level 1:colcon.colcon_core.environment:checking '/home/moulik/drone_ws/install/drone_sim/lib/python3.10/site-packages'
[1.616s] Level 1:colcon.colcon_core.environment:checking '/home/moulik/drone_ws/install/drone_sim/bin'
[1.617s] INFO:colcon.colcon_core.shell:Creating package script '/home/moulik/drone_ws/install/drone_sim/share/drone_sim/package.ps1'
[1.617s] INFO:colcon.colcon_core.shell:Creating package descriptor '/home/moulik/drone_ws/install/drone_sim/share/drone_sim/package.dsv'
[1.618s] INFO:colcon.colcon_core.shell:Creating package script '/home/moulik/drone_ws/install/drone_sim/share/drone_sim/package.sh'
[1.619s] INFO:colcon.colcon_core.shell:Creating package script '/home/moulik/drone_ws/install/drone_sim/share/drone_sim/package.bash'
[1.619s] INFO:colcon.colcon_core.shell:Creating package script '/home/moulik/drone_ws/install/drone_sim/share/drone_sim/package.zsh'
[1.620s] Level 1:colcon.colcon_core.environment:create_file_with_runtime_dependencies(/home/moulik/drone_ws/install/drone_sim/share/colcon-core/packages/drone_sim)
[1.622s] DEBUG:colcon.colcon_parallel_executor.executor.parallel:closing loop
[1.622s] DEBUG:colcon.colcon_parallel_executor.executor.parallel:loop closed
[1.622s] DEBUG:colcon.colcon_parallel_executor.executor.parallel:run_until_complete finished with '0'
[1.622s] DEBUG:colcon.colcon_core.event_reactor:joining thread
[1.645s] INFO:colcon.colcon_core.plugin_system:Skipping extension 'colcon_notification.desktop_notification.terminal_notifier': Not used on non-Darwin systems
[1.645s] INFO:colcon.colcon_core.plugin_system:Skipping extension 'colcon_notification.desktop_notification.win32': Not used on non-Windows systems
[1.645s] INFO:colcon.colcon_notification.desktop_notification:Sending desktop notification using 'notify2'
[1.669s] DEBUG:colcon.colcon_core.event_reactor:joined thread
[1.670s] INFO:colcon.colcon_core.shell:Creating prefix script '/home/moulik/drone_ws/install/local_setup.ps1'
[1.678s] INFO:colcon.colcon_core.shell:Creating prefix util module '/home/moulik/drone_ws/install/_local_setup_util_ps1.py'
[1.688s] INFO:colcon.colcon_core.shell:Creating prefix chain script '/home/moulik/drone_ws/install/setup.ps1'
[1.691s] INFO:colcon.colcon_core.shell:Creating prefix script '/home/moulik/drone_ws/install/local_setup.sh'
[1.692s] INFO:colcon.colcon_core.shell:Creating prefix util module '/home/moulik/drone_ws/install/_local_setup_util_sh.py'
[1.698s] INFO:colcon.colcon_core.shell:Creating prefix chain script '/home/moulik/drone_ws/install/setup.sh'
[1.700s] INFO:colcon.colcon_core.shell:Creating prefix script '/home/moulik/drone_ws/install/local_setup.bash'
[1.701s] INFO:colcon.colcon_core.shell:Creating prefix chain script '/home/moulik/drone_ws/install/setup.bash'
[1.710s] INFO:colcon.colcon_core.shell:Creating prefix script '/home/moulik/drone_ws/install/local_setup.zsh'
[1.711s] INFO:colcon.colcon_core.shell:Creating prefix chain script '/home/moulik/drone_ws/install/setup.zsh'
