[1.542s] Invoking command in '/home/moulik/drone_ws/src/car_navigation': PYTHONPATH=/home/moulik/drone_ws/build/car_navigation/prefix_override:/usr/lib/python3/dist-packages/colcon_core/task/python/colcon_distutils_commands:/home/moulik/drone_ws/install/car_navigation/lib/python3.10/site-packages:${PYTHONPATH} /usr/bin/python3 -W ignore:setup.py install is deprecated -W ignore:easy_install command is deprecated setup.py egg_info --egg-base ../../build/car_navigation build --build-base /home/moulik/drone_ws/build/car_navigation/build install --record /home/moulik/drone_ws/build/car_navigation/install.log --single-version-externally-managed install_data
[1.786s] running egg_info
[1.786s] writing ../../build/car_navigation/car_navigation.egg-info/PKG-INFO
[1.787s] writing dependency_links to ../../build/car_navigation/car_navigation.egg-info/dependency_links.txt
[1.788s] writing entry points to ../../build/car_navigation/car_navigation.egg-info/entry_points.txt
[1.791s] writing requirements to ../../build/car_navigation/car_navigation.egg-info/requires.txt
[1.792s] writing top-level names to ../../build/car_navigation/car_navigation.egg-info/top_level.txt
[1.795s] reading manifest file '../../build/car_navigation/car_navigation.egg-info/SOURCES.txt'
[1.797s] writing manifest file '../../build/car_navigation/car_navigation.egg-info/SOURCES.txt'
[1.798s] running build
[1.798s] running build_py
[1.798s] copying car_navigation/obstacle_avoidance.py -> /home/moulik/drone_ws/build/car_navigation/build/lib/car_navigation
[1.799s] running install
[1.799s] running install_lib
[1.800s] copying /home/moulik/drone_ws/build/car_navigation/build/lib/car_navigation/obstacle_avoidance.py -> /home/moulik/drone_ws/install/car_navigation/lib/python3.10/site-packages/car_navigation
[1.803s] byte-compiling /home/moulik/drone_ws/install/car_navigation/lib/python3.10/site-packages/car_navigation/obstacle_avoidance.py to obstacle_avoidance.cpython-310.pyc
[1.803s] running install_data
[1.804s] running install_egg_info
[1.805s] removing '/home/moulik/drone_ws/install/car_navigation/lib/python3.10/site-packages/car_navigation-0.0.0-py3.10.egg-info' (and everything under it)
[1.807s] Copying ../../build/car_navigation/car_navigation.egg-info to /home/moulik/drone_ws/install/car_navigation/lib/python3.10/site-packages/car_navigation-0.0.0-py3.10.egg-info
[1.825s] running install_scripts
[1.846s] Installing obstacle_avoidance script to /home/moulik/drone_ws/install/car_navigation/lib/car_navigation
[1.849s] writing list of installed files to '/home/moulik/drone_ws/build/car_navigation/install.log'
[1.876s] Invoked command in '/home/moulik/drone_ws/src/car_navigation' returned '0': PYTHONPATH=/home/moulik/drone_ws/build/car_navigation/prefix_override:/usr/lib/python3/dist-packages/colcon_core/task/python/colcon_distutils_commands:/home/moulik/drone_ws/install/car_navigation/lib/python3.10/site-packages:${PYTHONPATH} /usr/bin/python3 -W ignore:setup.py install is deprecated -W ignore:easy_install command is deprecated setup.py egg_info --egg-base ../../build/car_navigation build --build-base /home/moulik/drone_ws/build/car_navigation/build install --record /home/moulik/drone_ws/build/car_navigation/install.log --single-version-externally-managed install_data
