[1.480s] Invoking command in '/home/moulik/drone_ws/build/drone_navigation': PYTHONPATH=/home/moulik/drone_ws/build/drone_navigation/prefix_override:/usr/lib/python3/dist-packages/colcon_core/task/python/colcon_distutils_commands:/home/moulik/drone_ws/install/drone_navigation/lib/python3.10/site-packages:${PYTHONPATH} /usr/bin/python3 -W ignore:setup.py install is deprecated -W ignore:easy_install command is deprecated setup.py develop --uninstall --editable --build-directory /home/moulik/drone_ws/build/drone_navigation/build
[1.793s] running develop
[1.976s] Removing /home/moulik/drone_ws/install/drone_navigation/lib/python3.10/site-packages/drone-navigation.egg-link (link to .)
[2.007s] Invoked command in '/home/moulik/drone_ws/build/drone_navigation' returned '0': PYTHONPATH=/home/moulik/drone_ws/build/drone_navigation/prefix_override:/usr/lib/python3/dist-packages/colcon_core/task/python/colcon_distutils_commands:/home/moulik/drone_ws/install/drone_navigation/lib/python3.10/site-packages:${PYTHONPATH} /usr/bin/python3 -W ignore:setup.py install is deprecated -W ignore:easy_install command is deprecated setup.py develop --uninstall --editable --build-directory /home/moulik/drone_ws/build/drone_navigation/build
[2.008s] Invoking command in '/home/moulik/drone_ws/src/drone_navigation': PYTHONPATH=/home/moulik/drone_ws/build/drone_navigation/prefix_override:/usr/lib/python3/dist-packages/colcon_core/task/python/colcon_distutils_commands:/home/moulik/drone_ws/install/drone_navigation/lib/python3.10/site-packages:${PYTHONPATH} /usr/bin/python3 -W ignore:setup.py install is deprecated -W ignore:easy_install command is deprecated setup.py egg_info --egg-base ../../build/drone_navigation build --build-base /home/moulik/drone_ws/build/drone_navigation/build install --record /home/moulik/drone_ws/build/drone_navigation/install.log --single-version-externally-managed install_data --force
[2.275s] running egg_info
[2.276s] writing ../../build/drone_navigation/drone_navigation.egg-info/PKG-INFO
[2.278s] writing dependency_links to ../../build/drone_navigation/drone_navigation.egg-info/dependency_links.txt
[2.278s] writing entry points to ../../build/drone_navigation/drone_navigation.egg-info/entry_points.txt
[2.279s] writing requirements to ../../build/drone_navigation/drone_navigation.egg-info/requires.txt
[2.280s] writing top-level names to ../../build/drone_navigation/drone_navigation.egg-info/top_level.txt
[2.282s] reading manifest file '../../build/drone_navigation/drone_navigation.egg-info/SOURCES.txt'
[2.284s] writing manifest file '../../build/drone_navigation/drone_navigation.egg-info/SOURCES.txt'
[2.285s] running build
[2.285s] running build_py
[2.286s] running install
[2.286s] running install_lib
[2.288s] creating /home/moulik/drone_ws/install/drone_navigation/lib/python3.10/site-packages/drone_navigation
[2.288s] copying /home/moulik/drone_ws/build/drone_navigation/build/lib/drone_navigation/navigation_node.py -> /home/moulik/drone_ws/install/drone_navigation/lib/python3.10/site-packages/drone_navigation
[2.289s] copying /home/moulik/drone_ws/build/drone_navigation/build/lib/drone_navigation/__init__.py -> /home/moulik/drone_ws/install/drone_navigation/lib/python3.10/site-packages/drone_navigation
[2.289s] byte-compiling /home/moulik/drone_ws/install/drone_navigation/lib/python3.10/site-packages/drone_navigation/navigation_node.py to navigation_node.cpython-310.pyc
[2.290s] byte-compiling /home/moulik/drone_ws/install/drone_navigation/lib/python3.10/site-packages/drone_navigation/__init__.py to __init__.cpython-310.pyc
[2.290s] running install_data
[2.291s] copying resource/drone_navigation -> /home/moulik/drone_ws/install/drone_navigation/share/ament_index/resource_index/packages
[2.291s] copying package.xml -> /home/moulik/drone_ws/install/drone_navigation/share/drone_navigation
[2.295s] running install_egg_info
[2.295s] Copying ../../build/drone_navigation/drone_navigation.egg-info to /home/moulik/drone_ws/install/drone_navigation/lib/python3.10/site-packages/drone_navigation-0.0.0-py3.10.egg-info
[2.298s] running install_scripts
[2.325s] Installing navigation_node script to /home/moulik/drone_ws/install/drone_navigation/lib/drone_navigation
[2.325s] writing list of installed files to '/home/moulik/drone_ws/build/drone_navigation/install.log'
[2.386s] Invoked command in '/home/moulik/drone_ws/src/drone_navigation' returned '0': PYTHONPATH=/home/moulik/drone_ws/build/drone_navigation/prefix_override:/usr/lib/python3/dist-packages/colcon_core/task/python/colcon_distutils_commands:/home/moulik/drone_ws/install/drone_navigation/lib/python3.10/site-packages:${PYTHONPATH} /usr/bin/python3 -W ignore:setup.py install is deprecated -W ignore:easy_install command is deprecated setup.py egg_info --egg-base ../../build/drone_navigation build --build-base /home/moulik/drone_ws/build/drone_navigation/build install --record /home/moulik/drone_ws/build/drone_navigation/install.log --single-version-externally-managed install_data --force
