-- Install configuration: ""
-- Up-to-date: /home/moulik/drone_ws/install/drone_sim/lib/drone_sim/simple_control.py
-- Up-to-date: /home/moulik/drone_ws/install/drone_sim/share/drone_sim
-- Up-to-date: /home/moulik/drone_ws/install/drone_sim/share/drone_sim/sim_world.launch.py
-- Installing: /home/moulik/drone_ws/install/drone_sim/share/drone_sim/urdf
-- Installing: /home/moulik/drone_ws/install/drone_sim/share/drone_sim/urdf/drone.urdf.xacro
-- Up-to-date: /home/moulik/drone_ws/install/drone_sim/share/ament_index/resource_index/package_run_dependencies/drone_sim
-- Up-to-date: /home/moulik/drone_ws/install/drone_sim/share/ament_index/resource_index/parent_prefix_path/drone_sim
-- Up-to-date: /home/moulik/drone_ws/install/drone_sim/share/drone_sim/environment/ament_prefix_path.sh
-- Installing: /home/moulik/drone_ws/install/drone_sim/share/drone_sim/environment/ament_prefix_path.dsv
-- Up-to-date: /home/moulik/drone_ws/install/drone_sim/share/drone_sim/environment/path.sh
-- Installing: /home/moulik/drone_ws/install/drone_sim/share/drone_sim/environment/path.dsv
-- Up-to-date: /home/moulik/drone_ws/install/drone_sim/share/drone_sim/local_setup.bash
-- Up-to-date: /home/moulik/drone_ws/install/drone_sim/share/drone_sim/local_setup.sh
-- Up-to-date: /home/moulik/drone_ws/install/drone_sim/share/drone_sim/local_setup.zsh
-- Installing: /home/moulik/drone_ws/install/drone_sim/share/drone_sim/local_setup.dsv
-- Up-to-date: /home/moulik/drone_ws/install/drone_sim/share/drone_sim/package.dsv
-- Up-to-date: /home/moulik/drone_ws/install/drone_sim/share/ament_index/resource_index/packages/drone_sim
-- Up-to-date: /home/moulik/drone_ws/install/drone_sim/share/drone_sim/cmake/drone_simConfig.cmake
-- Up-to-date: /home/moulik/drone_ws/install/drone_sim/share/drone_sim/cmake/drone_simConfig-version.cmake
-- Up-to-date: /home/moulik/drone_ws/install/drone_sim/share/drone_sim/package.xml
