[0.769s] DEBUG:colcon:Command line arguments: ['/usr/bin/colcon', 'build']
[0.769s] DEBUG:colcon:Parsed command line arguments: Namespace(log_base=None, log_level=None, verb_name='build', build_base='build', install_base='install', merge_install=False, symlink_install=False, test_result_base=None, continue_on_error=False, executor='parallel', parallel_workers=1, event_handlers=None, ignore_user_meta=False, metas=['./colcon.meta'], base_paths=['.'], packages_ignore=None, packages_ignore_regex=None, paths=None, packages_up_to=None, packages_up_to_regex=None, packages_above=None, packages_above_and_dependencies=None, packages_above_depth=None, packages_select_by_dep=None, packages_skip_by_dep=None, packages_skip_up_to=None, packages_select_build_failed=False, packages_skip_build_finished=False, packages_select_test_failures=False, packages_skip_test_passed=False, packages_select=None, packages_skip=None, packages_select_regex=None, packages_skip_regex=None, packages_start=None, packages_end=None, allow_overriding=[], cmake_args=None, cmake_target=None, cmake_target_skip_unavailable=False, cmake_clean_cache=False, cmake_clean_first=False, cmake_force_configure=False, ament_cmake_args=None, catkin_cmake_args=None, catkin_skip_building_tests=False, mixin_files=None, mixin=None, verb_parser=<colcon_mixin.mixin.mixin_argument.MixinArgumentDecorator object at 0x76088dd6a0e0>, verb_extension=<colcon_core.verb.build.BuildVerb object at 0x76088dd69c00>, main=<bound method BuildVerb.main of <colcon_core.verb.build.BuildVerb object at 0x76088dd69c00>>, mixin_verb=('build',))
[1.360s] Level 1:colcon.colcon_core.package_discovery:discover_packages(colcon_meta) check parameters
[1.360s] Level 1:colcon.colcon_core.package_discovery:discover_packages(recursive) check parameters
[1.360s] Level 1:colcon.colcon_core.package_discovery:discover_packages(ignore) check parameters
[1.360s] Level 1:colcon.colcon_core.package_discovery:discover_packages(path) check parameters
[1.360s] Level 1:colcon.colcon_core.package_discovery:discover_packages(colcon_meta) discover
[1.360s] Level 1:colcon.colcon_core.package_discovery:discover_packages(recursive) discover
[1.360s] INFO:colcon.colcon_core.package_discovery:Crawling recursively for packages in '/home/moulik/drone_ws'
[1.360s] Level 1:colcon.colcon_core.package_identification:_identify(.) by extensions ['ignore', 'ignore_ament_install']
[1.360s] Level 1:colcon.colcon_core.package_identification:_identify(.) by extension 'ignore'
[1.360s] Level 1:colcon.colcon_core.package_identification:_identify(.) by extension 'ignore_ament_install'
[1.360s] Level 1:colcon.colcon_core.package_identification:_identify(.) by extensions ['colcon_pkg']
[1.361s] Level 1:colcon.colcon_core.package_identification:_identify(.) by extension 'colcon_pkg'
[1.361s] Level 1:colcon.colcon_core.package_identification:_identify(.) by extensions ['colcon_meta']
[1.361s] Level 1:colcon.colcon_core.package_identification:_identify(.) by extension 'colcon_meta'
[1.361s] Level 1:colcon.colcon_core.package_identification:_identify(.) by extensions ['ros']
[1.361s] Level 1:colcon.colcon_core.package_identification:_identify(.) by extension 'ros'
[1.373s] Level 1:colcon.colcon_core.package_identification:_identify(.) by extensions ['cmake', 'python']
[1.373s] Level 1:colcon.colcon_core.package_identification:_identify(.) by extension 'cmake'
[1.373s] Level 1:colcon.colcon_core.package_identification:_identify(.) by extension 'python'
[1.373s] Level 1:colcon.colcon_core.package_identification:_identify(.) by extensions ['python_setup_py']
[1.373s] Level 1:colcon.colcon_core.package_identification:_identify(.) by extension 'python_setup_py'
[1.373s] Level 1:colcon.colcon_core.package_identification:_identify(build) by extensions ['ignore', 'ignore_ament_install']
[1.373s] Level 1:colcon.colcon_core.package_identification:_identify(build) by extension 'ignore'
[1.373s] Level 1:colcon.colcon_core.package_identification:_identify(build) ignored
[1.373s] Level 1:colcon.colcon_core.package_identification:_identify(install) by extensions ['ignore', 'ignore_ament_install']
[1.373s] Level 1:colcon.colcon_core.package_identification:_identify(install) by extension 'ignore'
[1.373s] Level 1:colcon.colcon_core.package_identification:_identify(install) ignored
[1.373s] Level 1:colcon.colcon_core.package_identification:_identify(log) by extensions ['ignore', 'ignore_ament_install']
[1.373s] Level 1:colcon.colcon_core.package_identification:_identify(log) by extension 'ignore'
[1.373s] Level 1:colcon.colcon_core.package_identification:_identify(log) ignored
[1.376s] Level 1:colcon.colcon_core.package_identification:_identify(src) by extensions ['ignore', 'ignore_ament_install']
[1.376s] Level 1:colcon.colcon_core.package_identification:_identify(src) by extension 'ignore'
[1.376s] Level 1:colcon.colcon_core.package_identification:_identify(src) by extension 'ignore_ament_install'
[1.376s] Level 1:colcon.colcon_core.package_identification:_identify(src) by extensions ['colcon_pkg']
[1.376s] Level 1:colcon.colcon_core.package_identification:_identify(src) by extension 'colcon_pkg'
[1.376s] Level 1:colcon.colcon_core.package_identification:_identify(src) by extensions ['colcon_meta']
[1.376s] Level 1:colcon.colcon_core.package_identification:_identify(src) by extension 'colcon_meta'
[1.376s] Level 1:colcon.colcon_core.package_identification:_identify(src) by extensions ['ros']
[1.376s] Level 1:colcon.colcon_core.package_identification:_identify(src) by extension 'ros'
[1.376s] Level 1:colcon.colcon_core.package_identification:_identify(src) by extensions ['cmake', 'python']
[1.376s] Level 1:colcon.colcon_core.package_identification:_identify(src) by extension 'cmake'
[1.376s] Level 1:colcon.colcon_core.package_identification:_identify(src) by extension 'python'
[1.376s] Level 1:colcon.colcon_core.package_identification:_identify(src) by extensions ['python_setup_py']
[1.376s] Level 1:colcon.colcon_core.package_identification:_identify(src) by extension 'python_setup_py'
[1.378s] Level 1:colcon.colcon_core.package_identification:_identify(src/drone_description) by extensions ['ignore', 'ignore_ament_install']
[1.378s] Level 1:colcon.colcon_core.package_identification:_identify(src/drone_description) by extension 'ignore'
[1.378s] Level 1:colcon.colcon_core.package_identification:_identify(src/drone_description) by extension 'ignore_ament_install'
[1.378s] Level 1:colcon.colcon_core.package_identification:_identify(src/drone_description) by extensions ['colcon_pkg']
[1.378s] Level 1:colcon.colcon_core.package_identification:_identify(src/drone_description) by extension 'colcon_pkg'
[1.378s] Level 1:colcon.colcon_core.package_identification:_identify(src/drone_description) by extensions ['colcon_meta']
[1.378s] Level 1:colcon.colcon_core.package_identification:_identify(src/drone_description) by extension 'colcon_meta'
[1.378s] Level 1:colcon.colcon_core.package_identification:_identify(src/drone_description) by extensions ['ros']
[1.378s] Level 1:colcon.colcon_core.package_identification:_identify(src/drone_description) by extension 'ros'
[1.384s] DEBUG:colcon.colcon_core.package_identification:Package 'src/drone_description' with type 'ros.ament_cmake' and name 'drone_description'
[1.385s] Level 1:colcon.colcon_core.package_identification:_identify(src/indoor_world) by extensions ['ignore', 'ignore_ament_install']
[1.385s] Level 1:colcon.colcon_core.package_identification:_identify(src/indoor_world) by extension 'ignore'
[1.385s] Level 1:colcon.colcon_core.package_identification:_identify(src/indoor_world) by extension 'ignore_ament_install'
[1.385s] Level 1:colcon.colcon_core.package_identification:_identify(src/indoor_world) by extensions ['colcon_pkg']
[1.385s] Level 1:colcon.colcon_core.package_identification:_identify(src/indoor_world) by extension 'colcon_pkg'
[1.385s] Level 1:colcon.colcon_core.package_identification:_identify(src/indoor_world) by extensions ['colcon_meta']
[1.385s] Level 1:colcon.colcon_core.package_identification:_identify(src/indoor_world) by extension 'colcon_meta'
[1.385s] Level 1:colcon.colcon_core.package_identification:_identify(src/indoor_world) by extensions ['ros']
[1.385s] Level 1:colcon.colcon_core.package_identification:_identify(src/indoor_world) by extension 'ros'
[1.385s] Level 1:colcon.colcon_core.package_identification:_identify(src/indoor_world) by extensions ['cmake', 'python']
[1.385s] Level 1:colcon.colcon_core.package_identification:_identify(src/indoor_world) by extension 'cmake'
[1.385s] Level 1:colcon.colcon_core.package_identification:_identify(src/indoor_world) by extension 'python'
[1.385s] Level 1:colcon.colcon_core.package_identification:_identify(src/indoor_world) by extensions ['python_setup_py']
[1.385s] Level 1:colcon.colcon_core.package_identification:_identify(src/indoor_world) by extension 'python_setup_py'
[1.386s] Level 1:colcon.colcon_core.package_identification:_identify(src/log) by extensions ['ignore', 'ignore_ament_install']
[1.386s] Level 1:colcon.colcon_core.package_identification:_identify(src/log) by extension 'ignore'
[1.387s] Level 1:colcon.colcon_core.package_identification:_identify(src/log) ignored
[1.387s] Level 1:colcon.colcon_core.package_discovery:discover_packages(recursive) using defaults
[1.387s] Level 1:colcon.colcon_core.package_discovery:discover_packages(ignore) discover
[1.387s] Level 1:colcon.colcon_core.package_discovery:discover_packages(ignore) using defaults
[1.387s] Level 1:colcon.colcon_core.package_discovery:discover_packages(path) discover
[1.387s] Level 1:colcon.colcon_core.package_discovery:discover_packages(path) using defaults
[1.450s] Level 1:colcon.colcon_core.package_discovery:discover_packages(prefix_path) check parameters
[1.450s] Level 1:colcon.colcon_core.package_discovery:discover_packages(prefix_path) discover
[1.457s] DEBUG:colcon.colcon_installed_package_information.package_discovery:Found 2 installed packages in /home/moulik/drone_ws/install
[1.459s] DEBUG:colcon.colcon_installed_package_information.package_discovery:Found 338 installed packages in /opt/ros/humble
[1.460s] Level 1:colcon.colcon_core.package_discovery:discover_packages(prefix_path) using defaults
[1.523s] Level 5:colcon.colcon_core.verb:set package 'drone_description' build argument 'cmake_args' from command line to 'None'
[1.523s] Level 5:colcon.colcon_core.verb:set package 'drone_description' build argument 'cmake_target' from command line to 'None'
[1.523s] Level 5:colcon.colcon_core.verb:set package 'drone_description' build argument 'cmake_target_skip_unavailable' from command line to 'False'
[1.523s] Level 5:colcon.colcon_core.verb:set package 'drone_description' build argument 'cmake_clean_cache' from command line to 'False'
[1.523s] Level 5:colcon.colcon_core.verb:set package 'drone_description' build argument 'cmake_clean_first' from command line to 'False'
[1.523s] Level 5:colcon.colcon_core.verb:set package 'drone_description' build argument 'cmake_force_configure' from command line to 'False'
[1.523s] Level 5:colcon.colcon_core.verb:set package 'drone_description' build argument 'ament_cmake_args' from command line to 'None'
[1.523s] Level 5:colcon.colcon_core.verb:set package 'drone_description' build argument 'catkin_cmake_args' from command line to 'None'
[1.523s] Level 5:colcon.colcon_core.verb:set package 'drone_description' build argument 'catkin_skip_building_tests' from command line to 'False'
[1.523s] DEBUG:colcon.colcon_core.verb:Building package 'drone_description' with the following arguments: {'ament_cmake_args': None, 'build_base': '/home/moulik/drone_ws/build/drone_description', 'catkin_cmake_args': None, 'catkin_skip_building_tests': False, 'cmake_args': None, 'cmake_clean_cache': False, 'cmake_clean_first': False, 'cmake_force_configure': False, 'cmake_target': None, 'cmake_target_skip_unavailable': False, 'install_base': '/home/moulik/drone_ws/install/drone_description', 'merge_install': False, 'path': '/home/moulik/drone_ws/src/drone_description', 'symlink_install': False, 'test_result_base': None}
[1.524s] INFO:colcon.colcon_core.executor:Executing jobs using 'parallel' executor
[1.527s] DEBUG:colcon.colcon_parallel_executor.executor.parallel:run_until_complete
[1.527s] INFO:colcon.colcon_ros.task.ament_cmake.build:Building ROS package in '/home/moulik/drone_ws/src/drone_description' with build type 'ament_cmake'
[1.527s] INFO:colcon.colcon_cmake.task.cmake.build:Building CMake package in '/home/moulik/drone_ws/src/drone_description'
[1.538s] INFO:colcon.colcon_core.plugin_system:Skipping extension 'colcon_core.shell.bat': Not used on non-Windows systems
[1.538s] INFO:colcon.colcon_core.shell:Skip shell extension 'powershell' for command environment: Not usable outside of PowerShell
[1.538s] DEBUG:colcon.colcon_core.shell:Skip shell extension 'dsv' for command environment
[1.566s] DEBUG:colcon.colcon_core.event_handler.log_command:Invoking command in '/home/moulik/drone_ws/build/drone_description': CMAKE_PREFIX_PATH=${CMAKE_PREFIX_PATH}:/opt/ros/humble /usr/bin/cmake --build /home/moulik/drone_ws/build/drone_description -- -j1 -l1
[1.784s] DEBUG:colcon.colcon_core.event_handler.log_command:Invoked command in '/home/moulik/drone_ws/build/drone_description' returned '0': CMAKE_PREFIX_PATH=${CMAKE_PREFIX_PATH}:/opt/ros/humble /usr/bin/cmake --build /home/moulik/drone_ws/build/drone_description -- -j1 -l1
[1.800s] DEBUG:colcon.colcon_core.event_handler.log_command:Invoking command in '/home/moulik/drone_ws/build/drone_description': CMAKE_PREFIX_PATH=${CMAKE_PREFIX_PATH}:/opt/ros/humble /usr/bin/cmake --install /home/moulik/drone_ws/build/drone_description
[1.820s] Level 1:colcon.colcon_core.environment:create_environment_scripts_only(drone_description)
[1.821s] DEBUG:colcon.colcon_core.event_handler.log_command:Invoked command in '/home/moulik/drone_ws/build/drone_description' returned '0': CMAKE_PREFIX_PATH=${CMAKE_PREFIX_PATH}:/opt/ros/humble /usr/bin/cmake --install /home/moulik/drone_ws/build/drone_description
[1.839s] Level 1:colcon.colcon_core.environment:checking '/home/moulik/drone_ws/install/drone_description' for CMake module files
[1.840s] Level 1:colcon.colcon_core.environment:checking '/home/moulik/drone_ws/install/drone_description' for CMake config files
[1.840s] Level 1:colcon.colcon_core.shell:create_environment_hook('drone_description', 'cmake_prefix_path')
[1.840s] INFO:colcon.colcon_core.shell:Creating environment hook '/home/moulik/drone_ws/install/drone_description/share/drone_description/hook/cmake_prefix_path.ps1'
[1.843s] INFO:colcon.colcon_core.shell:Creating environment descriptor '/home/moulik/drone_ws/install/drone_description/share/drone_description/hook/cmake_prefix_path.dsv'
[1.844s] INFO:colcon.colcon_core.shell:Creating environment hook '/home/moulik/drone_ws/install/drone_description/share/drone_description/hook/cmake_prefix_path.sh'
[1.846s] Level 1:colcon.colcon_core.environment:checking '/home/moulik/drone_ws/install/drone_description/bin'
[1.846s] Level 1:colcon.colcon_core.environment:checking '/home/moulik/drone_ws/install/drone_description/lib/pkgconfig/drone_description.pc'
[1.846s] Level 1:colcon.colcon_core.environment:checking '/home/moulik/drone_ws/install/drone_description/lib/python3.10/site-packages'
[1.846s] Level 1:colcon.colcon_core.environment:checking '/home/moulik/drone_ws/install/drone_description/bin'
[1.846s] INFO:colcon.colcon_core.shell:Creating package script '/home/moulik/drone_ws/install/drone_description/share/drone_description/package.ps1'
[1.848s] INFO:colcon.colcon_core.shell:Creating package descriptor '/home/moulik/drone_ws/install/drone_description/share/drone_description/package.dsv'
[1.850s] INFO:colcon.colcon_core.shell:Creating package script '/home/moulik/drone_ws/install/drone_description/share/drone_description/package.sh'
[1.851s] INFO:colcon.colcon_core.shell:Creating package script '/home/moulik/drone_ws/install/drone_description/share/drone_description/package.bash'
[1.854s] INFO:colcon.colcon_core.shell:Creating package script '/home/moulik/drone_ws/install/drone_description/share/drone_description/package.zsh'
[1.860s] Level 1:colcon.colcon_core.environment:create_file_with_runtime_dependencies(/home/moulik/drone_ws/install/drone_description/share/colcon-core/packages/drone_description)
[1.861s] Level 1:colcon.colcon_core.environment:create_environment_scripts_only(drone_description)
[1.861s] Level 1:colcon.colcon_core.environment:checking '/home/moulik/drone_ws/install/drone_description' for CMake module files
[1.862s] Level 1:colcon.colcon_core.environment:checking '/home/moulik/drone_ws/install/drone_description' for CMake config files
[1.862s] Level 1:colcon.colcon_core.shell:create_environment_hook('drone_description', 'cmake_prefix_path')
[1.862s] INFO:colcon.colcon_core.shell:Creating environment hook '/home/moulik/drone_ws/install/drone_description/share/drone_description/hook/cmake_prefix_path.ps1'
[1.864s] INFO:colcon.colcon_core.shell:Creating environment descriptor '/home/moulik/drone_ws/install/drone_description/share/drone_description/hook/cmake_prefix_path.dsv'
[1.866s] INFO:colcon.colcon_core.shell:Creating environment hook '/home/moulik/drone_ws/install/drone_description/share/drone_description/hook/cmake_prefix_path.sh'
[1.867s] Level 1:colcon.colcon_core.environment:checking '/home/moulik/drone_ws/install/drone_description/bin'
[1.867s] Level 1:colcon.colcon_core.environment:checking '/home/moulik/drone_ws/install/drone_description/lib/pkgconfig/drone_description.pc'
[1.868s] Level 1:colcon.colcon_core.environment:checking '/home/moulik/drone_ws/install/drone_description/lib/python3.10/site-packages'
[1.868s] Level 1:colcon.colcon_core.environment:checking '/home/moulik/drone_ws/install/drone_description/bin'
[1.868s] INFO:colcon.colcon_core.shell:Creating package script '/home/moulik/drone_ws/install/drone_description/share/drone_description/package.ps1'
[1.869s] INFO:colcon.colcon_core.shell:Creating package descriptor '/home/moulik/drone_ws/install/drone_description/share/drone_description/package.dsv'
[1.870s] INFO:colcon.colcon_core.shell:Creating package script '/home/moulik/drone_ws/install/drone_description/share/drone_description/package.sh'
[1.871s] INFO:colcon.colcon_core.shell:Creating package script '/home/moulik/drone_ws/install/drone_description/share/drone_description/package.bash'
[1.872s] INFO:colcon.colcon_core.shell:Creating package script '/home/moulik/drone_ws/install/drone_description/share/drone_description/package.zsh'
[1.873s] Level 1:colcon.colcon_core.environment:create_file_with_runtime_dependencies(/home/moulik/drone_ws/install/drone_description/share/colcon-core/packages/drone_description)
[1.874s] DEBUG:colcon.colcon_parallel_executor.executor.parallel:closing loop
[1.875s] DEBUG:colcon.colcon_parallel_executor.executor.parallel:loop closed
[1.875s] DEBUG:colcon.colcon_parallel_executor.executor.parallel:run_until_complete finished with '0'
[1.875s] DEBUG:colcon.colcon_core.event_reactor:joining thread
[1.885s] INFO:colcon.colcon_core.plugin_system:Skipping extension 'colcon_notification.desktop_notification.terminal_notifier': Not used on non-Darwin systems
[1.885s] INFO:colcon.colcon_core.plugin_system:Skipping extension 'colcon_notification.desktop_notification.win32': Not used on non-Windows systems
[1.885s] INFO:colcon.colcon_notification.desktop_notification:Sending desktop notification using 'notify2'
[1.951s] DEBUG:colcon.colcon_core.event_reactor:joined thread
[1.951s] INFO:colcon.colcon_core.shell:Creating prefix script '/home/moulik/drone_ws/install/local_setup.ps1'
[1.966s] INFO:colcon.colcon_core.shell:Creating prefix util module '/home/moulik/drone_ws/install/_local_setup_util_ps1.py'
[1.968s] INFO:colcon.colcon_core.shell:Creating prefix chain script '/home/moulik/drone_ws/install/setup.ps1'
[1.974s] INFO:colcon.colcon_core.shell:Creating prefix script '/home/moulik/drone_ws/install/local_setup.sh'
[1.975s] INFO:colcon.colcon_core.shell:Creating prefix util module '/home/moulik/drone_ws/install/_local_setup_util_sh.py'
[1.976s] INFO:colcon.colcon_core.shell:Creating prefix chain script '/home/moulik/drone_ws/install/setup.sh'
[1.986s] INFO:colcon.colcon_core.shell:Creating prefix script '/home/moulik/drone_ws/install/local_setup.bash'
[1.995s] INFO:colcon.colcon_core.shell:Creating prefix chain script '/home/moulik/drone_ws/install/setup.bash'
[1.999s] INFO:colcon.colcon_core.shell:Creating prefix script '/home/moulik/drone_ws/install/local_setup.zsh'
[2.005s] INFO:colcon.colcon_core.shell:Creating prefix chain script '/home/moulik/drone_ws/install/setup.zsh'
