[0.949s] Invoking command in '/home/moulik/drone_ws/src/drone_navigation': PYTHONPATH=/home/moulik/drone_ws/build/drone_navigation/prefix_override:/usr/lib/python3/dist-packages/colcon_core/task/python/colcon_distutils_commands:/home/moulik/drone_ws/install/drone_navigation/lib/python3.10/site-packages:${PYTHONPATH} /usr/bin/python3 -W ignore:setup.py install is deprecated -W ignore:easy_install command is deprecated setup.py egg_info --egg-base ../../build/drone_navigation build --build-base /home/moulik/drone_ws/build/drone_navigation/build install --record /home/moulik/drone_ws/build/drone_navigation/install.log --single-version-externally-managed install_data
[1.192s] running egg_info
[1.193s] writing ../../build/drone_navigation/drone_navigation.egg-info/PKG-INFO
[1.195s] writing dependency_links to ../../build/drone_navigation/drone_navigation.egg-info/dependency_links.txt
[1.196s] writing entry points to ../../build/drone_navigation/drone_navigation.egg-info/entry_points.txt
[1.197s] writing requirements to ../../build/drone_navigation/drone_navigation.egg-info/requires.txt
[1.197s] writing top-level names to ../../build/drone_navigation/drone_navigation.egg-info/top_level.txt
[1.199s] reading manifest file '../../build/drone_navigation/drone_navigation.egg-info/SOURCES.txt'
[1.201s] writing manifest file '../../build/drone_navigation/drone_navigation.egg-info/SOURCES.txt'
[1.201s] running build
[1.201s] running build_py
[1.205s] running install
[1.205s] running install_lib
[1.213s] running install_data
[1.214s] running install_egg_info
[1.222s] removing '/home/moulik/drone_ws/install/drone_navigation/lib/python3.10/site-packages/drone_navigation-0.0.0-py3.10.egg-info' (and everything under it)
[1.227s] Copying ../../build/drone_navigation/drone_navigation.egg-info to /home/moulik/drone_ws/install/drone_navigation/lib/python3.10/site-packages/drone_navigation-0.0.0-py3.10.egg-info
[1.228s] running install_scripts
[1.259s] Installing navigation_node script to /home/moulik/drone_ws/install/drone_navigation/lib/drone_navigation
[1.262s] writing list of installed files to '/home/moulik/drone_ws/build/drone_navigation/install.log'
[1.291s] Invoked command in '/home/moulik/drone_ws/src/drone_navigation' returned '0': PYTHONPATH=/home/moulik/drone_ws/build/drone_navigation/prefix_override:/usr/lib/python3/dist-packages/colcon_core/task/python/colcon_distutils_commands:/home/moulik/drone_ws/install/drone_navigation/lib/python3.10/site-packages:${PYTHONPATH} /usr/bin/python3 -W ignore:setup.py install is deprecated -W ignore:easy_install command is deprecated setup.py egg_info --egg-base ../../build/drone_navigation build --build-base /home/moulik/drone_ws/build/drone_navigation/build install --record /home/moulik/drone_ws/build/drone_navigation/install.log --single-version-externally-managed install_data
