[0.942s] Invoking command in '/home/moulik/drone_ws/src/car_navigation': PYTHONPATH=/home/moulik/drone_ws/build/car_navigation/prefix_override:/usr/lib/python3/dist-packages/colcon_core/task/python/colcon_distutils_commands:/home/moulik/drone_ws/install/car_navigation/lib/python3.10/site-packages:${PYTHONPATH} /usr/bin/python3 -W ignore:setup.py install is deprecated -W ignore:easy_install command is deprecated setup.py egg_info --egg-base ../../build/car_navigation build --build-base /home/moulik/drone_ws/build/car_navigation/build install --record /home/moulik/drone_ws/build/car_navigation/install.log --single-version-externally-managed install_data
[1.262s] running egg_info
[1.262s] writing ../../build/car_navigation/car_navigation.egg-info/PKG-INFO
[1.263s] writing dependency_links to ../../build/car_navigation/car_navigation.egg-info/dependency_links.txt
[1.264s] writing entry points to ../../build/car_navigation/car_navigation.egg-info/entry_points.txt
[1.264s] writing requirements to ../../build/car_navigation/car_navigation.egg-info/requires.txt
[1.266s] writing top-level names to ../../build/car_navigation/car_navigation.egg-info/top_level.txt
[1.268s] reading manifest file '../../build/car_navigation/car_navigation.egg-info/SOURCES.txt'
[1.269s] writing manifest file '../../build/car_navigation/car_navigation.egg-info/SOURCES.txt'
[1.270s] running build
[1.270s] running build_py
[1.271s] copying car_navigation/obstacle_avoidance.py -> /home/moulik/drone_ws/build/car_navigation/build/lib/car_navigation
[1.272s] running install
[1.273s] running install_lib
[1.273s] copying /home/moulik/drone_ws/build/car_navigation/build/lib/car_navigation/obstacle_avoidance.py -> /home/moulik/drone_ws/install/car_navigation/lib/python3.10/site-packages/car_navigation
[1.274s] byte-compiling /home/moulik/drone_ws/install/car_navigation/lib/python3.10/site-packages/car_navigation/obstacle_avoidance.py to obstacle_avoidance.cpython-310.pyc
[1.279s] running install_data
[1.279s] running install_egg_info
[1.281s] removing '/home/moulik/drone_ws/install/car_navigation/lib/python3.10/site-packages/car_navigation-0.0.0-py3.10.egg-info' (and everything under it)
[1.282s] Copying ../../build/car_navigation/car_navigation.egg-info to /home/moulik/drone_ws/install/car_navigation/lib/python3.10/site-packages/car_navigation-0.0.0-py3.10.egg-info
[1.296s] running install_scripts
[1.332s] Installing obstacle_avoidance script to /home/moulik/drone_ws/install/car_navigation/lib/car_navigation
[1.332s] Installing simple_lidar_test script to /home/moulik/drone_ws/install/car_navigation/lib/car_navigation
[1.334s] writing list of installed files to '/home/moulik/drone_ws/build/car_navigation/install.log'
[1.360s] Invoked command in '/home/moulik/drone_ws/src/car_navigation' returned '0': PYTHONPATH=/home/moulik/drone_ws/build/car_navigation/prefix_override:/usr/lib/python3/dist-packages/colcon_core/task/python/colcon_distutils_commands:/home/moulik/drone_ws/install/car_navigation/lib/python3.10/site-packages:${PYTHONPATH} /usr/bin/python3 -W ignore:setup.py install is deprecated -W ignore:easy_install command is deprecated setup.py egg_info --egg-base ../../build/car_navigation build --build-base /home/moulik/drone_ws/build/car_navigation/build install --record /home/moulik/drone_ws/build/car_navigation/install.log --single-version-externally-managed install_data
