running egg_info
writing ../../build/drone_navigation/drone_navigation.egg-info/PKG-INFO
writing dependency_links to ../../build/drone_navigation/drone_navigation.egg-info/dependency_links.txt
writing entry points to ../../build/drone_navigation/drone_navigation.egg-info/entry_points.txt
writing requirements to ../../build/drone_navigation/drone_navigation.egg-info/requires.txt
writing top-level names to ../../build/drone_navigation/drone_navigation.egg-info/top_level.txt
reading manifest file '../../build/drone_navigation/drone_navigation.egg-info/SOURCES.txt'
writing manifest file '../../build/drone_navigation/drone_navigation.egg-info/SOURCES.txt'
running build
running build_py
copying drone_navigation/navigation_node.py -> /home/moulik/drone_ws/build/drone_navigation/build/lib/drone_navigation
running install
running install_lib
copying /home/moulik/drone_ws/build/drone_navigation/build/lib/drone_navigation/navigation_node.py -> /home/moulik/drone_ws/install/drone_navigation/lib/python3.10/site-packages/drone_navigation
byte-compiling /home/moulik/drone_ws/install/drone_navigation/lib/python3.10/site-packages/drone_navigation/navigation_node.py to navigation_node.cpython-310.pyc
running install_data
running install_egg_info
removing '/home/moulik/drone_ws/install/drone_navigation/lib/python3.10/site-packages/drone_navigation-0.0.0-py3.10.egg-info' (and everything under it)
Copying ../../build/drone_navigation/drone_navigation.egg-info to /home/moulik/drone_ws/install/drone_navigation/lib/python3.10/site-packages/drone_navigation-0.0.0-py3.10.egg-info
running install_scripts
Installing navigation_node script to /home/moulik/drone_ws/install/drone_navigation/lib/drone_navigation
writing list of installed files to '/home/moulik/drone_ws/build/drone_navigation/install.log'
