[1.635s] Invoking command in '/home/moulik/drone_ws/src/car_navigation': PYTHONPATH=/home/moulik/drone_ws/build/car_navigation/prefix_override:/usr/lib/python3/dist-packages/colcon_core/task/python/colcon_distutils_commands:/home/moulik/drone_ws/install/car_navigation/lib/python3.10/site-packages:${PYTHONPATH} /usr/bin/python3 -W ignore:setup.py install is deprecated -W ignore:easy_install command is deprecated setup.py egg_info --egg-base ../../build/car_navigation build --build-base /home/moulik/drone_ws/build/car_navigation/build install --record /home/moulik/drone_ws/build/car_navigation/install.log --single-version-externally-managed install_data
[2.072s] running egg_info
[2.073s] writing ../../build/car_navigation/car_navigation.egg-info/PKG-INFO
[2.075s] writing dependency_links to ../../build/car_navigation/car_navigation.egg-info/dependency_links.txt
[2.075s] writing entry points to ../../build/car_navigation/car_navigation.egg-info/entry_points.txt
[2.075s] writing requirements to ../../build/car_navigation/car_navigation.egg-info/requires.txt
[2.075s] writing top-level names to ../../build/car_navigation/car_navigation.egg-info/top_level.txt
[2.077s] reading manifest file '../../build/car_navigation/car_navigation.egg-info/SOURCES.txt'
[2.095s] writing manifest file '../../build/car_navigation/car_navigation.egg-info/SOURCES.txt'
[2.096s] running build
[2.096s] running build_py
[2.100s] running install
[2.101s] running install_lib
[2.106s] running install_data
[2.111s] running install_egg_info
[2.111s] removing '/home/moulik/drone_ws/install/car_navigation/lib/python3.10/site-packages/car_navigation-0.0.0-py3.10.egg-info' (and everything under it)
[2.112s] Copying ../../build/car_navigation/car_navigation.egg-info to /home/moulik/drone_ws/install/car_navigation/lib/python3.10/site-packages/car_navigation-0.0.0-py3.10.egg-info
[2.116s] running install_scripts
[2.133s] Installing obstacle_avoidance script to /home/moulik/drone_ws/install/car_navigation/lib/car_navigation
[2.137s] writing list of installed files to '/home/moulik/drone_ws/build/car_navigation/install.log'
[2.167s] Invoked command in '/home/moulik/drone_ws/src/car_navigation' returned '0': PYTHONPATH=/home/moulik/drone_ws/build/car_navigation/prefix_override:/usr/lib/python3/dist-packages/colcon_core/task/python/colcon_distutils_commands:/home/moulik/drone_ws/install/car_navigation/lib/python3.10/site-packages:${PYTHONPATH} /usr/bin/python3 -W ignore:setup.py install is deprecated -W ignore:easy_install command is deprecated setup.py egg_info --egg-base ../../build/car_navigation build --build-base /home/moulik/drone_ws/build/car_navigation/build install --record /home/moulik/drone_ws/build/car_navigation/install.log --single-version-externally-managed install_data
