[1.212s] Invoking command in '/home/moulik/drone_ws/src/car_navigation': PYTHONPATH=/home/moulik/drone_ws/build/car_navigation/prefix_override:/usr/lib/python3/dist-packages/colcon_core/task/python/colcon_distutils_commands:/home/moulik/drone_ws/install/car_navigation/lib/python3.10/site-packages:${PYTHONPATH} /usr/bin/python3 -W ignore:setup.py install is deprecated -W ignore:easy_install command is deprecated setup.py egg_info --egg-base ../../build/car_navigation build --build-base /home/moulik/drone_ws/build/car_navigation/build install --record /home/moulik/drone_ws/build/car_navigation/install.log --single-version-externally-managed install_data
[1.667s] running egg_info
[1.667s] writing ../../build/car_navigation/car_navigation.egg-info/PKG-INFO
[1.667s] writing dependency_links to ../../build/car_navigation/car_navigation.egg-info/dependency_links.txt
[1.673s] writing entry points to ../../build/car_navigation/car_navigation.egg-info/entry_points.txt
[1.674s] writing requirements to ../../build/car_navigation/car_navigation.egg-info/requires.txt
[1.674s] writing top-level names to ../../build/car_navigation/car_navigation.egg-info/top_level.txt
[1.677s] reading manifest file '../../build/car_navigation/car_navigation.egg-info/SOURCES.txt'
[1.687s] writing manifest file '../../build/car_navigation/car_navigation.egg-info/SOURCES.txt'
[1.706s] running build
[1.706s] running build_py
[1.706s] copying car_navigation/obstacle_avoidance.py -> /home/moulik/drone_ws/build/car_navigation/build/lib/car_navigation
[1.706s] running install
[1.706s] running install_lib
[1.706s] copying /home/moulik/drone_ws/build/car_navigation/build/lib/car_navigation/obstacle_avoidance.py -> /home/moulik/drone_ws/install/car_navigation/lib/python3.10/site-packages/car_navigation
[1.706s] byte-compiling /home/moulik/drone_ws/install/car_navigation/lib/python3.10/site-packages/car_navigation/obstacle_avoidance.py to obstacle_avoidance.cpython-310.pyc
[1.720s] running install_data
[1.720s] running install_egg_info
[1.720s] removing '/home/moulik/drone_ws/install/car_navigation/lib/python3.10/site-packages/car_navigation-0.0.0-py3.10.egg-info' (and everything under it)
[1.720s] Copying ../../build/car_navigation/car_navigation.egg-info to /home/moulik/drone_ws/install/car_navigation/lib/python3.10/site-packages/car_navigation-0.0.0-py3.10.egg-info
[1.720s] running install_scripts
[1.720s]   File "/home/moulik/drone_ws/install/car_navigation/lib/python3.10/site-packages/car_navigation/obstacle_avoidance.py", line 59
[1.720s]     self.get_logger().info(/flight time exceeded. stopping the drone.')
[1.720s]                                                                      ^
[1.720s] SyntaxError: unterminated string literal (detected at line 59)
[1.720s] 
[1.754s] Installing obstacle_avoidance script to /home/moulik/drone_ws/install/car_navigation/lib/car_navigation
[1.759s] Installing simple_lidar_test script to /home/moulik/drone_ws/install/car_navigation/lib/car_navigation
[1.759s] writing list of installed files to '/home/moulik/drone_ws/build/car_navigation/install.log'
[1.831s] Invoked command in '/home/moulik/drone_ws/src/car_navigation' returned '0': PYTHONPATH=/home/moulik/drone_ws/build/car_navigation/prefix_override:/usr/lib/python3/dist-packages/colcon_core/task/python/colcon_distutils_commands:/home/moulik/drone_ws/install/car_navigation/lib/python3.10/site-packages:${PYTHONPATH} /usr/bin/python3 -W ignore:setup.py install is deprecated -W ignore:easy_install command is deprecated setup.py egg_info --egg-base ../../build/car_navigation build --build-base /home/moulik/drone_ws/build/car_navigation/build install --record /home/moulik/drone_ws/build/car_navigation/install.log --single-version-externally-managed install_data
