[0.062s] Invoking command in '/home/moulik/drone_ws/build/drone_description': CMAKE_PREFIX_PATH=${CMAKE_PREFIX_PATH}:/home/moulik/drone_ws/install/drone_navigation:/home/moulik/drone_ws/install/car_navigation:/opt/ros/humble /usr/bin/cmake --build /home/moulik/drone_ws/build/drone_description -- -j1 -l1
[0.412s] Invoked command in '/home/moulik/drone_ws/build/drone_description' returned '0': CMAKE_PREFIX_PATH=${CMAKE_PREFIX_PATH}:/home/moulik/drone_ws/install/drone_navigation:/home/moulik/drone_ws/install/car_navigation:/opt/ros/humble /usr/bin/cmake --build /home/moulik/drone_ws/build/drone_description -- -j1 -l1
[0.451s] Invoking command in '/home/moulik/drone_ws/build/drone_description': CMAKE_PREFIX_PATH=${CMAKE_PREFIX_PATH}:/home/moulik/drone_ws/install/drone_navigation:/home/moulik/drone_ws/install/car_navigation:/opt/ros/humble /usr/bin/cmake --install /home/moulik/drone_ws/build/drone_description
[0.470s] -- Install configuration: ""
[0.478s] -- Execute custom install script
[0.481s] -- Up-to-date symlink: /home/moulik/drone_ws/install/drone_description/share/ament_index/resource_index/package_run_dependencies/drone_description
[0.487s] -- Up-to-date symlink: /home/moulik/drone_ws/install/drone_description/share/ament_index/resource_index/parent_prefix_path/drone_description
[0.489s] -- Up-to-date symlink: /home/moulik/drone_ws/install/drone_description/share/drone_description/environment/ament_prefix_path.sh
[0.489s] -- Up-to-date symlink: /home/moulik/drone_ws/install/drone_description/share/drone_description/environment/ament_prefix_path.dsv
[0.489s] -- Up-to-date symlink: /home/moulik/drone_ws/install/drone_description/share/drone_description/environment/path.sh
[0.498s] -- Up-to-date symlink: /home/moulik/drone_ws/install/drone_description/share/drone_description/environment/path.dsv
[0.499s] -- Up-to-date symlink: /home/moulik/drone_ws/install/drone_description/share/drone_description/local_setup.bash
[0.499s] -- Up-to-date symlink: /home/moulik/drone_ws/install/drone_description/share/drone_description/local_setup.sh
[0.499s] -- Up-to-date symlink: /home/moulik/drone_ws/install/drone_description/share/drone_description/local_setup.zsh
[0.499s] -- Up-to-date symlink: /home/moulik/drone_ws/install/drone_description/share/drone_description/local_setup.dsv
[0.499s] -- Symlinking: /home/moulik/drone_ws/install/drone_description/share/drone_description/package.dsv
[0.523s] -- Up-to-date symlink: /home/moulik/drone_ws/install/drone_description/share/ament_index/resource_index/packages/drone_description
[0.529s] -- Up-to-date symlink: /home/moulik/drone_ws/install/drone_description/share/drone_description/cmake/drone_descriptionConfig.cmake
[0.531s] -- Up-to-date symlink: /home/moulik/drone_ws/install/drone_description/share/drone_description/cmake/drone_descriptionConfig-version.cmake
[0.531s] -- Up-to-date symlink: /home/moulik/drone_ws/install/drone_description/share/drone_description/package.xml
[0.540s] Invoked command in '/home/moulik/drone_ws/build/drone_description' returned '0': CMAKE_PREFIX_PATH=${CMAKE_PREFIX_PATH}:/home/moulik/drone_ws/install/drone_navigation:/home/moulik/drone_ws/install/car_navigation:/opt/ros/humble /usr/bin/cmake --install /home/moulik/drone_ws/build/drone_description
