[0.053s] Invoking command in '/home/moulik/drone_ws/build/drone_description': CMAKE_PREFIX_PATH=${CMAKE_PREFIX_PATH}:/home/moulik/drone_ws/install/drone_navigation:/opt/ros/humble /usr/bin/cmake --build /home/moulik/drone_ws/build/drone_description -- -j1 -l1
[0.380s] Invoked command in '/home/moulik/drone_ws/build/drone_description' returned '0': CMAKE_PREFIX_PATH=${CMAKE_PREFIX_PATH}:/home/moulik/drone_ws/install/drone_navigation:/opt/ros/humble /usr/bin/cmake --build /home/moulik/drone_ws/build/drone_description -- -j1 -l1
[0.415s] Invoking command in '/home/moulik/drone_ws/build/drone_description': CMAKE_PREFIX_PATH=${CMAKE_PREFIX_PATH}:/home/moulik/drone_ws/install/drone_navigation:/opt/ros/humble /usr/bin/cmake --install /home/moulik/drone_ws/build/drone_description
[0.441s] -- Install configuration: ""
[0.442s] -- Up-to-date: /home/moulik/drone_ws/install/drone_description/share/ament_index/resource_index/package_run_dependencies/drone_description
[0.443s] -- Up-to-date: /home/moulik/drone_ws/install/drone_description/share/ament_index/resource_index/parent_prefix_path/drone_description
[0.443s] -- Up-to-date: /home/moulik/drone_ws/install/drone_description/share/drone_description/environment/ament_prefix_path.sh
[0.443s] -- Up-to-date: /home/moulik/drone_ws/install/drone_description/share/drone_description/environment/ament_prefix_path.dsv
[0.443s] -- Up-to-date: /home/moulik/drone_ws/install/drone_description/share/drone_description/environment/path.sh
[0.444s] -- Up-to-date: /home/moulik/drone_ws/install/drone_description/share/drone_description/environment/path.dsv
[0.444s] -- Up-to-date: /home/moulik/drone_ws/install/drone_description/share/drone_description/local_setup.bash
[0.444s] -- Up-to-date: /home/moulik/drone_ws/install/drone_description/share/drone_description/local_setup.sh
[0.444s] -- Up-to-date: /home/moulik/drone_ws/install/drone_description/share/drone_description/local_setup.zsh
[0.445s] -- Up-to-date: /home/moulik/drone_ws/install/drone_description/share/drone_description/local_setup.dsv
[0.452s] -- Installing: /home/moulik/drone_ws/install/drone_description/share/drone_description/package.dsv
[0.464s] -- Up-to-date: /home/moulik/drone_ws/install/drone_description/share/ament_index/resource_index/packages/drone_description
[0.464s] -- Up-to-date: /home/moulik/drone_ws/install/drone_description/share/drone_description/cmake/drone_descriptionConfig.cmake
[0.464s] -- Up-to-date: /home/moulik/drone_ws/install/drone_description/share/drone_description/cmake/drone_descriptionConfig-version.cmake
[0.464s] -- Up-to-date: /home/moulik/drone_ws/install/drone_description/share/drone_description/package.xml
[0.465s] Invoked command in '/home/moulik/drone_ws/build/drone_description' returned '0': CMAKE_PREFIX_PATH=${CMAKE_PREFIX_PATH}:/home/moulik/drone_ws/install/drone_navigation:/opt/ros/humble /usr/bin/cmake --install /home/moulik/drone_ws/build/drone_description
