[0.162s] DEBUG:colcon:Command line arguments: ['/usr/bin/colcon', 'build']
[0.162s] DEBUG:colcon:Parsed command line arguments: Namespace(log_base=None, log_level=None, verb_name='build', build_base='build', install_base='install', merge_install=False, symlink_install=False, test_result_base=None, continue_on_error=False, executor='parallel', parallel_workers=1, event_handlers=None, ignore_user_meta=False, metas=['./colcon.meta'], base_paths=['.'], packages_ignore=None, packages_ignore_regex=None, paths=None, packages_up_to=None, packages_up_to_regex=None, packages_above=None, packages_above_and_dependencies=None, packages_above_depth=None, packages_select_by_dep=None, packages_skip_by_dep=None, packages_skip_up_to=None, packages_select_build_failed=False, packages_skip_build_finished=False, packages_select_test_failures=False, packages_skip_test_passed=False, packages_select=None, packages_skip=None, packages_select_regex=None, packages_skip_regex=None, packages_start=None, packages_end=None, allow_overriding=[], cmake_args=None, cmake_target=None, cmake_target_skip_unavailable=False, cmake_clean_cache=False, cmake_clean_first=False, cmake_force_configure=False, ament_cmake_args=None, catkin_cmake_args=None, catkin_skip_building_tests=False, mixin_files=None, mixin=None, verb_parser=<colcon_mixin.mixin.mixin_argument.MixinArgumentDecorator object at 0x712368162b90>, verb_extension=<colcon_core.verb.build.BuildVerb object at 0x7123681626e0>, main=<bound method BuildVerb.main of <colcon_core.verb.build.BuildVerb object at 0x7123681626e0>>, mixin_verb=('build',))
[0.334s] Level 1:colcon.colcon_core.package_discovery:discover_packages(colcon_meta) check parameters
[0.334s] Level 1:colcon.colcon_core.package_discovery:discover_packages(recursive) check parameters
[0.334s] Level 1:colcon.colcon_core.package_discovery:discover_packages(ignore) check parameters
[0.334s] Level 1:colcon.colcon_core.package_discovery:discover_packages(path) check parameters
[0.334s] Level 1:colcon.colcon_core.package_discovery:discover_packages(colcon_meta) discover
[0.335s] Level 1:colcon.colcon_core.package_discovery:discover_packages(recursive) discover
[0.335s] INFO:colcon.colcon_core.package_discovery:Crawling recursively for packages in '/home/moulik/drone_ws'
[0.335s] Level 1:colcon.colcon_core.package_identification:_identify(.) by extensions ['ignore', 'ignore_ament_install']
[0.335s] Level 1:colcon.colcon_core.package_identification:_identify(.) by extension 'ignore'
[0.335s] Level 1:colcon.colcon_core.package_identification:_identify(.) by extension 'ignore_ament_install'
[0.335s] Level 1:colcon.colcon_core.package_identification:_identify(.) by extensions ['colcon_pkg']
[0.335s] Level 1:colcon.colcon_core.package_identification:_identify(.) by extension 'colcon_pkg'
[0.335s] Level 1:colcon.colcon_core.package_identification:_identify(.) by extensions ['colcon_meta']
[0.335s] Level 1:colcon.colcon_core.package_identification:_identify(.) by extension 'colcon_meta'
[0.335s] Level 1:colcon.colcon_core.package_identification:_identify(.) by extensions ['ros']
[0.335s] Level 1:colcon.colcon_core.package_identification:_identify(.) by extension 'ros'
[0.348s] Level 1:colcon.colcon_core.package_identification:_identify(.) by extensions ['cmake', 'python']
[0.348s] Level 1:colcon.colcon_core.package_identification:_identify(.) by extension 'cmake'
[0.348s] Level 1:colcon.colcon_core.package_identification:_identify(.) by extension 'python'
[0.348s] Level 1:colcon.colcon_core.package_identification:_identify(.) by extensions ['python_setup_py']
[0.348s] Level 1:colcon.colcon_core.package_identification:_identify(.) by extension 'python_setup_py'
[0.349s] Level 1:colcon.colcon_core.package_identification:_identify(build) by extensions ['ignore', 'ignore_ament_install']
[0.349s] Level 1:colcon.colcon_core.package_identification:_identify(build) by extension 'ignore'
[0.349s] Level 1:colcon.colcon_core.package_identification:_identify(build) ignored
[0.349s] Level 1:colcon.colcon_core.package_identification:_identify(install) by extensions ['ignore', 'ignore_ament_install']
[0.349s] Level 1:colcon.colcon_core.package_identification:_identify(install) by extension 'ignore'
[0.349s] Level 1:colcon.colcon_core.package_identification:_identify(install) ignored
[0.349s] Level 1:colcon.colcon_core.package_identification:_identify(log) by extensions ['ignore', 'ignore_ament_install']
[0.349s] Level 1:colcon.colcon_core.package_identification:_identify(log) by extension 'ignore'
[0.349s] Level 1:colcon.colcon_core.package_identification:_identify(log) ignored
[0.349s] Level 1:colcon.colcon_core.package_identification:_identify(src) by extensions ['ignore', 'ignore_ament_install']
[0.349s] Level 1:colcon.colcon_core.package_identification:_identify(src) by extension 'ignore'
[0.349s] Level 1:colcon.colcon_core.package_identification:_identify(src) by extension 'ignore_ament_install'
[0.350s] Level 1:colcon.colcon_core.package_identification:_identify(src) by extensions ['colcon_pkg']
[0.350s] Level 1:colcon.colcon_core.package_identification:_identify(src) by extension 'colcon_pkg'
[0.350s] Level 1:colcon.colcon_core.package_identification:_identify(src) by extensions ['colcon_meta']
[0.350s] Level 1:colcon.colcon_core.package_identification:_identify(src) by extension 'colcon_meta'
[0.350s] Level 1:colcon.colcon_core.package_identification:_identify(src) by extensions ['ros']
[0.350s] Level 1:colcon.colcon_core.package_identification:_identify(src) by extension 'ros'
[0.350s] Level 1:colcon.colcon_core.package_identification:_identify(src) by extensions ['cmake', 'python']
[0.350s] Level 1:colcon.colcon_core.package_identification:_identify(src) by extension 'cmake'
[0.350s] Level 1:colcon.colcon_core.package_identification:_identify(src) by extension 'python'
[0.350s] Level 1:colcon.colcon_core.package_identification:_identify(src) by extensions ['python_setup_py']
[0.350s] Level 1:colcon.colcon_core.package_identification:_identify(src) by extension 'python_setup_py'
[0.350s] Level 1:colcon.colcon_core.package_identification:_identify(src/car_navigation) by extensions ['ignore', 'ignore_ament_install']
[0.350s] Level 1:colcon.colcon_core.package_identification:_identify(src/car_navigation) by extension 'ignore'
[0.350s] Level 1:colcon.colcon_core.package_identification:_identify(src/car_navigation) by extension 'ignore_ament_install'
[0.350s] Level 1:colcon.colcon_core.package_identification:_identify(src/car_navigation) by extensions ['colcon_pkg']
[0.350s] Level 1:colcon.colcon_core.package_identification:_identify(src/car_navigation) by extension 'colcon_pkg'
[0.350s] Level 1:colcon.colcon_core.package_identification:_identify(src/car_navigation) by extensions ['colcon_meta']
[0.350s] Level 1:colcon.colcon_core.package_identification:_identify(src/car_navigation) by extension 'colcon_meta'
[0.350s] Level 1:colcon.colcon_core.package_identification:_identify(src/car_navigation) by extensions ['ros']
[0.350s] Level 1:colcon.colcon_core.package_identification:_identify(src/car_navigation) by extension 'ros'
[0.353s] DEBUG:colcon.colcon_core.package_identification:Package 'src/car_navigation' with type 'ros.ament_python' and name 'car_navigation'
[0.353s] Level 1:colcon.colcon_core.package_identification:_identify(src/drone_description) by extensions ['ignore', 'ignore_ament_install']
[0.354s] Level 1:colcon.colcon_core.package_identification:_identify(src/drone_description) by extension 'ignore'
[0.354s] Level 1:colcon.colcon_core.package_identification:_identify(src/drone_description) by extension 'ignore_ament_install'
[0.354s] Level 1:colcon.colcon_core.package_identification:_identify(src/drone_description) by extensions ['colcon_pkg']
[0.354s] Level 1:colcon.colcon_core.package_identification:_identify(src/drone_description) by extension 'colcon_pkg'
[0.354s] Level 1:colcon.colcon_core.package_identification:_identify(src/drone_description) by extensions ['colcon_meta']
[0.354s] Level 1:colcon.colcon_core.package_identification:_identify(src/drone_description) by extension 'colcon_meta'
[0.354s] Level 1:colcon.colcon_core.package_identification:_identify(src/drone_description) by extensions ['ros']
[0.354s] Level 1:colcon.colcon_core.package_identification:_identify(src/drone_description) by extension 'ros'
[0.354s] DEBUG:colcon.colcon_core.package_identification:Package 'src/drone_description' with type 'ros.ament_cmake' and name 'drone_description'
[0.354s] Level 1:colcon.colcon_core.package_identification:_identify(src/indoor_world) by extensions ['ignore', 'ignore_ament_install']
[0.354s] Level 1:colcon.colcon_core.package_identification:_identify(src/indoor_world) by extension 'ignore'
[0.354s] Level 1:colcon.colcon_core.package_identification:_identify(src/indoor_world) by extension 'ignore_ament_install'
[0.354s] Level 1:colcon.colcon_core.package_identification:_identify(src/indoor_world) by extensions ['colcon_pkg']
[0.354s] Level 1:colcon.colcon_core.package_identification:_identify(src/indoor_world) by extension 'colcon_pkg'
[0.355s] Level 1:colcon.colcon_core.package_identification:_identify(src/indoor_world) by extensions ['colcon_meta']
[0.355s] Level 1:colcon.colcon_core.package_identification:_identify(src/indoor_world) by extension 'colcon_meta'
[0.355s] Level 1:colcon.colcon_core.package_identification:_identify(src/indoor_world) by extensions ['ros']
[0.355s] Level 1:colcon.colcon_core.package_identification:_identify(src/indoor_world) by extension 'ros'
[0.355s] Level 1:colcon.colcon_core.package_identification:_identify(src/indoor_world) by extensions ['cmake', 'python']
[0.355s] Level 1:colcon.colcon_core.package_identification:_identify(src/indoor_world) by extension 'cmake'
[0.355s] Level 1:colcon.colcon_core.package_identification:_identify(src/indoor_world) by extension 'python'
[0.355s] Level 1:colcon.colcon_core.package_identification:_identify(src/indoor_world) by extensions ['python_setup_py']
[0.355s] Level 1:colcon.colcon_core.package_identification:_identify(src/indoor_world) by extension 'python_setup_py'
[0.355s] Level 1:colcon.colcon_core.package_identification:_identify(src/log) by extensions ['ignore', 'ignore_ament_install']
[0.355s] Level 1:colcon.colcon_core.package_identification:_identify(src/log) by extension 'ignore'
[0.355s] Level 1:colcon.colcon_core.package_identification:_identify(src/log) ignored
[0.355s] Level 1:colcon.colcon_core.package_discovery:discover_packages(recursive) using defaults
[0.355s] Level 1:colcon.colcon_core.package_discovery:discover_packages(ignore) discover
[0.355s] Level 1:colcon.colcon_core.package_discovery:discover_packages(ignore) using defaults
[0.355s] Level 1:colcon.colcon_core.package_discovery:discover_packages(path) discover
[0.355s] Level 1:colcon.colcon_core.package_discovery:discover_packages(path) using defaults
[0.392s] Level 1:colcon.colcon_core.package_discovery:discover_packages(prefix_path) check parameters
[0.392s] Level 1:colcon.colcon_core.package_discovery:discover_packages(prefix_path) discover
[0.396s] DEBUG:colcon.colcon_installed_package_information.package_discovery:Found 4 installed packages in /home/moulik/drone_ws/install
[0.397s] DEBUG:colcon.colcon_installed_package_information.package_discovery:Found 349 installed packages in /opt/ros/humble
[0.398s] Level 1:colcon.colcon_core.package_discovery:discover_packages(prefix_path) using defaults
[0.451s] Level 5:colcon.colcon_core.verb:set package 'car_navigation' build argument 'cmake_args' from command line to 'None'
[0.451s] Level 5:colcon.colcon_core.verb:set package 'car_navigation' build argument 'cmake_target' from command line to 'None'
[0.451s] Level 5:colcon.colcon_core.verb:set package 'car_navigation' build argument 'cmake_target_skip_unavailable' from command line to 'False'
[0.451s] Level 5:colcon.colcon_core.verb:set package 'car_navigation' build argument 'cmake_clean_cache' from command line to 'False'
[0.451s] Level 5:colcon.colcon_core.verb:set package 'car_navigation' build argument 'cmake_clean_first' from command line to 'False'
[0.451s] Level 5:colcon.colcon_core.verb:set package 'car_navigation' build argument 'cmake_force_configure' from command line to 'False'
[0.451s] Level 5:colcon.colcon_core.verb:set package 'car_navigation' build argument 'ament_cmake_args' from command line to 'None'
[0.451s] Level 5:colcon.colcon_core.verb:set package 'car_navigation' build argument 'catkin_cmake_args' from command line to 'None'
[0.451s] Level 5:colcon.colcon_core.verb:set package 'car_navigation' build argument 'catkin_skip_building_tests' from command line to 'False'
[0.451s] DEBUG:colcon.colcon_core.verb:Building package 'car_navigation' with the following arguments: {'ament_cmake_args': None, 'build_base': '/home/moulik/drone_ws/build/car_navigation', 'catkin_cmake_args': None, 'catkin_skip_building_tests': False, 'cmake_args': None, 'cmake_clean_cache': False, 'cmake_clean_first': False, 'cmake_force_configure': False, 'cmake_target': None, 'cmake_target_skip_unavailable': False, 'install_base': '/home/moulik/drone_ws/install/car_navigation', 'merge_install': False, 'path': '/home/moulik/drone_ws/src/car_navigation', 'symlink_install': False, 'test_result_base': None}
[0.452s] Level 5:colcon.colcon_core.verb:set package 'drone_description' build argument 'cmake_args' from command line to 'None'
[0.452s] Level 5:colcon.colcon_core.verb:set package 'drone_description' build argument 'cmake_target' from command line to 'None'
[0.452s] Level 5:colcon.colcon_core.verb:set package 'drone_description' build argument 'cmake_target_skip_unavailable' from command line to 'False'
[0.452s] Level 5:colcon.colcon_core.verb:set package 'drone_description' build argument 'cmake_clean_cache' from command line to 'False'
[0.452s] Level 5:colcon.colcon_core.verb:set package 'drone_description' build argument 'cmake_clean_first' from command line to 'False'
[0.452s] Level 5:colcon.colcon_core.verb:set package 'drone_description' build argument 'cmake_force_configure' from command line to 'False'
[0.452s] Level 5:colcon.colcon_core.verb:set package 'drone_description' build argument 'ament_cmake_args' from command line to 'None'
[0.452s] Level 5:colcon.colcon_core.verb:set package 'drone_description' build argument 'catkin_cmake_args' from command line to 'None'
[0.452s] Level 5:colcon.colcon_core.verb:set package 'drone_description' build argument 'catkin_skip_building_tests' from command line to 'False'
[0.452s] DEBUG:colcon.colcon_core.verb:Building package 'drone_description' with the following arguments: {'ament_cmake_args': None, 'build_base': '/home/moulik/drone_ws/build/drone_description', 'catkin_cmake_args': None, 'catkin_skip_building_tests': False, 'cmake_args': None, 'cmake_clean_cache': False, 'cmake_clean_first': False, 'cmake_force_configure': False, 'cmake_target': None, 'cmake_target_skip_unavailable': False, 'install_base': '/home/moulik/drone_ws/install/drone_description', 'merge_install': False, 'path': '/home/moulik/drone_ws/src/drone_description', 'symlink_install': False, 'test_result_base': None}
[0.452s] INFO:colcon.colcon_core.executor:Executing jobs using 'parallel' executor
[0.453s] DEBUG:colcon.colcon_parallel_executor.executor.parallel:run_until_complete
[0.453s] INFO:colcon.colcon_ros.task.ament_python.build:Building ROS package in '/home/moulik/drone_ws/src/car_navigation' with build type 'ament_python'
[0.453s] Level 1:colcon.colcon_core.shell:create_environment_hook('car_navigation', 'ament_prefix_path')
[0.456s] INFO:colcon.colcon_core.plugin_system:Skipping extension 'colcon_core.shell.bat': Not used on non-Windows systems
[0.457s] INFO:colcon.colcon_core.shell:Creating environment hook '/home/moulik/drone_ws/install/car_navigation/share/car_navigation/hook/ament_prefix_path.ps1'
[0.458s] INFO:colcon.colcon_core.shell:Creating environment descriptor '/home/moulik/drone_ws/install/car_navigation/share/car_navigation/hook/ament_prefix_path.dsv'
[0.459s] INFO:colcon.colcon_core.shell:Creating environment hook '/home/moulik/drone_ws/install/car_navigation/share/car_navigation/hook/ament_prefix_path.sh'
[0.461s] INFO:colcon.colcon_core.shell:Skip shell extension 'powershell' for command environment: Not usable outside of PowerShell
[0.461s] DEBUG:colcon.colcon_core.shell:Skip shell extension 'dsv' for command environment
[0.967s] INFO:colcon.colcon_core.task.python.build:Building Python package in '/home/moulik/drone_ws/src/car_navigation'
[0.968s] INFO:colcon.colcon_core.shell:Skip shell extension 'powershell' for command environment: Not usable outside of PowerShell
[0.968s] DEBUG:colcon.colcon_core.shell:Skip shell extension 'dsv' for command environment
[1.935s] DEBUG:colcon.colcon_core.event_handler.log_command:Invoking command in '/home/moulik/drone_ws/src/car_navigation': PYTHONPATH=/home/moulik/drone_ws/build/car_navigation/prefix_override:/usr/lib/python3/dist-packages/colcon_core/task/python/colcon_distutils_commands:/home/moulik/drone_ws/install/car_navigation/lib/python3.10/site-packages:${PYTHONPATH} /usr/bin/python3 -W ignore:setup.py install is deprecated -W ignore:easy_install command is deprecated setup.py egg_info --egg-base ../../build/car_navigation build --build-base /home/moulik/drone_ws/build/car_navigation/build install --record /home/moulik/drone_ws/build/car_navigation/install.log --single-version-externally-managed install_data
[2.552s] DEBUG:colcon.colcon_core.event_handler.log_command:Invoked command in '/home/moulik/drone_ws/src/car_navigation' returned '0': PYTHONPATH=/home/moulik/drone_ws/build/car_navigation/prefix_override:/usr/lib/python3/dist-packages/colcon_core/task/python/colcon_distutils_commands:/home/moulik/drone_ws/install/car_navigation/lib/python3.10/site-packages:${PYTHONPATH} /usr/bin/python3 -W ignore:setup.py install is deprecated -W ignore:easy_install command is deprecated setup.py egg_info --egg-base ../../build/car_navigation build --build-base /home/moulik/drone_ws/build/car_navigation/build install --record /home/moulik/drone_ws/build/car_navigation/install.log --single-version-externally-managed install_data
[2.553s] Level 1:colcon.colcon_core.environment:checking '/home/moulik/drone_ws/install/car_navigation' for CMake module files
[2.553s] Level 1:colcon.colcon_core.environment:checking '/home/moulik/drone_ws/install/car_navigation' for CMake config files
[2.554s] Level 1:colcon.colcon_core.environment:checking '/home/moulik/drone_ws/install/car_navigation/lib'
[2.554s] Level 1:colcon.colcon_core.environment:checking '/home/moulik/drone_ws/install/car_navigation/bin'
[2.554s] Level 1:colcon.colcon_core.environment:checking '/home/moulik/drone_ws/install/car_navigation/lib/pkgconfig/car_navigation.pc'
[2.554s] Level 1:colcon.colcon_core.environment:checking '/home/moulik/drone_ws/install/car_navigation/lib/python3.10/site-packages'
[2.554s] Level 1:colcon.colcon_core.shell:create_environment_hook('car_navigation', 'pythonpath')
[2.555s] INFO:colcon.colcon_core.shell:Creating environment hook '/home/moulik/drone_ws/install/car_navigation/share/car_navigation/hook/pythonpath.ps1'
[2.560s] INFO:colcon.colcon_core.shell:Creating environment descriptor '/home/moulik/drone_ws/install/car_navigation/share/car_navigation/hook/pythonpath.dsv'
[2.561s] INFO:colcon.colcon_core.shell:Creating environment hook '/home/moulik/drone_ws/install/car_navigation/share/car_navigation/hook/pythonpath.sh'
[2.562s] Level 1:colcon.colcon_core.environment:checking '/home/moulik/drone_ws/install/car_navigation/bin'
[2.562s] Level 1:colcon.colcon_core.environment:create_environment_scripts_only(car_navigation)
[2.562s] INFO:colcon.colcon_core.shell:Creating package script '/home/moulik/drone_ws/install/car_navigation/share/car_navigation/package.ps1'
[2.567s] INFO:colcon.colcon_core.shell:Creating package descriptor '/home/moulik/drone_ws/install/car_navigation/share/car_navigation/package.dsv'
[2.573s] INFO:colcon.colcon_core.shell:Creating package script '/home/moulik/drone_ws/install/car_navigation/share/car_navigation/package.sh'
[2.574s] INFO:colcon.colcon_core.shell:Creating package script '/home/moulik/drone_ws/install/car_navigation/share/car_navigation/package.bash'
[2.576s] INFO:colcon.colcon_core.shell:Creating package script '/home/moulik/drone_ws/install/car_navigation/share/car_navigation/package.zsh'
[2.576s] Level 1:colcon.colcon_core.environment:create_file_with_runtime_dependencies(/home/moulik/drone_ws/install/car_navigation/share/colcon-core/packages/car_navigation)
[2.582s] INFO:colcon.colcon_ros.task.ament_cmake.build:Building ROS package in '/home/moulik/drone_ws/src/drone_description' with build type 'ament_cmake'
[2.583s] INFO:colcon.colcon_cmake.task.cmake.build:Building CMake package in '/home/moulik/drone_ws/src/drone_description'
[2.583s] INFO:colcon.colcon_core.shell:Skip shell extension 'powershell' for command environment: Not usable outside of PowerShell
[2.583s] DEBUG:colcon.colcon_core.shell:Skip shell extension 'dsv' for command environment
[2.638s] DEBUG:colcon.colcon_core.event_handler.log_command:Invoking command in '/home/moulik/drone_ws/build/drone_description': CMAKE_PREFIX_PATH=${CMAKE_PREFIX_PATH}:/home/moulik/drone_ws/install/drone_navigation:/home/moulik/drone_ws/install/car_navigation:/opt/ros/humble /usr/bin/cmake --build /home/moulik/drone_ws/build/drone_description -- -j1 -l1
[2.838s] DEBUG:colcon.colcon_core.event_handler.log_command:Invoked command in '/home/moulik/drone_ws/build/drone_description' returned '0': CMAKE_PREFIX_PATH=${CMAKE_PREFIX_PATH}:/home/moulik/drone_ws/install/drone_navigation:/home/moulik/drone_ws/install/car_navigation:/opt/ros/humble /usr/bin/cmake --build /home/moulik/drone_ws/build/drone_description -- -j1 -l1
[2.849s] DEBUG:colcon.colcon_core.event_handler.log_command:Invoking command in '/home/moulik/drone_ws/build/drone_description': CMAKE_PREFIX_PATH=${CMAKE_PREFIX_PATH}:/home/moulik/drone_ws/install/drone_navigation:/home/moulik/drone_ws/install/car_navigation:/opt/ros/humble /usr/bin/cmake --install /home/moulik/drone_ws/build/drone_description
[2.892s] Level 1:colcon.colcon_core.environment:create_environment_scripts_only(drone_description)
[2.893s] Level 1:colcon.colcon_core.environment:checking '/home/moulik/drone_ws/install/drone_description' for CMake module files
[2.893s] Level 1:colcon.colcon_core.environment:checking '/home/moulik/drone_ws/install/drone_description' for CMake config files
[2.894s] Level 1:colcon.colcon_core.shell:create_environment_hook('drone_description', 'cmake_prefix_path')
[2.894s] INFO:colcon.colcon_core.shell:Creating environment hook '/home/moulik/drone_ws/install/drone_description/share/drone_description/hook/cmake_prefix_path.ps1'
[2.895s] DEBUG:colcon.colcon_core.event_handler.log_command:Invoked command in '/home/moulik/drone_ws/build/drone_description' returned '0': CMAKE_PREFIX_PATH=${CMAKE_PREFIX_PATH}:/home/moulik/drone_ws/install/drone_navigation:/home/moulik/drone_ws/install/car_navigation:/opt/ros/humble /usr/bin/cmake --install /home/moulik/drone_ws/build/drone_description
[2.895s] INFO:colcon.colcon_core.shell:Creating environment descriptor '/home/moulik/drone_ws/install/drone_description/share/drone_description/hook/cmake_prefix_path.dsv'
[2.896s] INFO:colcon.colcon_core.shell:Creating environment hook '/home/moulik/drone_ws/install/drone_description/share/drone_description/hook/cmake_prefix_path.sh'
[2.898s] Level 1:colcon.colcon_core.environment:checking '/home/moulik/drone_ws/install/drone_description/bin'
[2.898s] Level 1:colcon.colcon_core.environment:checking '/home/moulik/drone_ws/install/drone_description/lib/pkgconfig/drone_description.pc'
[2.903s] Level 1:colcon.colcon_core.environment:checking '/home/moulik/drone_ws/install/drone_description/lib/python3.10/site-packages'
[2.904s] Level 1:colcon.colcon_core.environment:checking '/home/moulik/drone_ws/install/drone_description/bin'
[2.904s] INFO:colcon.colcon_core.shell:Creating package script '/home/moulik/drone_ws/install/drone_description/share/drone_description/package.ps1'
[2.911s] INFO:colcon.colcon_core.shell:Creating package descriptor '/home/moulik/drone_ws/install/drone_description/share/drone_description/package.dsv'
[2.912s] INFO:colcon.colcon_core.shell:Creating package script '/home/moulik/drone_ws/install/drone_description/share/drone_description/package.sh'
[2.913s] INFO:colcon.colcon_core.shell:Creating package script '/home/moulik/drone_ws/install/drone_description/share/drone_description/package.bash'
[2.914s] INFO:colcon.colcon_core.shell:Creating package script '/home/moulik/drone_ws/install/drone_description/share/drone_description/package.zsh'
[2.914s] Level 1:colcon.colcon_core.environment:create_file_with_runtime_dependencies(/home/moulik/drone_ws/install/drone_description/share/colcon-core/packages/drone_description)
[2.915s] Level 1:colcon.colcon_core.environment:create_environment_scripts_only(drone_description)
[2.915s] Level 1:colcon.colcon_core.environment:checking '/home/moulik/drone_ws/install/drone_description' for CMake module files
[2.916s] Level 1:colcon.colcon_core.environment:checking '/home/moulik/drone_ws/install/drone_description' for CMake config files
[2.916s] Level 1:colcon.colcon_core.shell:create_environment_hook('drone_description', 'cmake_prefix_path')
[2.917s] INFO:colcon.colcon_core.shell:Creating environment hook '/home/moulik/drone_ws/install/drone_description/share/drone_description/hook/cmake_prefix_path.ps1'
[2.918s] INFO:colcon.colcon_core.shell:Creating environment descriptor '/home/moulik/drone_ws/install/drone_description/share/drone_description/hook/cmake_prefix_path.dsv'
[2.918s] INFO:colcon.colcon_core.shell:Creating environment hook '/home/moulik/drone_ws/install/drone_description/share/drone_description/hook/cmake_prefix_path.sh'
[2.924s] Level 1:colcon.colcon_core.environment:checking '/home/moulik/drone_ws/install/drone_description/bin'
[2.924s] Level 1:colcon.colcon_core.environment:checking '/home/moulik/drone_ws/install/drone_description/lib/pkgconfig/drone_description.pc'
[2.924s] Level 1:colcon.colcon_core.environment:checking '/home/moulik/drone_ws/install/drone_description/lib/python3.10/site-packages'
[2.925s] Level 1:colcon.colcon_core.environment:checking '/home/moulik/drone_ws/install/drone_description/bin'
[2.925s] INFO:colcon.colcon_core.shell:Creating package script '/home/moulik/drone_ws/install/drone_description/share/drone_description/package.ps1'
[2.932s] INFO:colcon.colcon_core.shell:Creating package descriptor '/home/moulik/drone_ws/install/drone_description/share/drone_description/package.dsv'
[2.941s] INFO:colcon.colcon_core.shell:Creating package script '/home/moulik/drone_ws/install/drone_description/share/drone_description/package.sh'
[2.948s] INFO:colcon.colcon_core.shell:Creating package script '/home/moulik/drone_ws/install/drone_description/share/drone_description/package.bash'
[2.951s] INFO:colcon.colcon_core.shell:Creating package script '/home/moulik/drone_ws/install/drone_description/share/drone_description/package.zsh'
[2.952s] Level 1:colcon.colcon_core.environment:create_file_with_runtime_dependencies(/home/moulik/drone_ws/install/drone_description/share/colcon-core/packages/drone_description)
[2.953s] DEBUG:colcon.colcon_parallel_executor.executor.parallel:closing loop
[2.953s] DEBUG:colcon.colcon_parallel_executor.executor.parallel:loop closed
[2.953s] DEBUG:colcon.colcon_parallel_executor.executor.parallel:run_until_complete finished with '0'
[2.953s] DEBUG:colcon.colcon_core.event_reactor:joining thread
[2.961s] INFO:colcon.colcon_core.plugin_system:Skipping extension 'colcon_notification.desktop_notification.terminal_notifier': Not used on non-Darwin systems
[2.961s] INFO:colcon.colcon_core.plugin_system:Skipping extension 'colcon_notification.desktop_notification.win32': Not used on non-Windows systems
[2.961s] INFO:colcon.colcon_notification.desktop_notification:Sending desktop notification using 'notify2'
[3.030s] DEBUG:colcon.colcon_core.event_reactor:joined thread
[3.030s] INFO:colcon.colcon_core.shell:Creating prefix script '/home/moulik/drone_ws/install/local_setup.ps1'
[3.046s] INFO:colcon.colcon_core.shell:Creating prefix util module '/home/moulik/drone_ws/install/_local_setup_util_ps1.py'
[3.048s] INFO:colcon.colcon_core.shell:Creating prefix chain script '/home/moulik/drone_ws/install/setup.ps1'
[3.050s] INFO:colcon.colcon_core.shell:Creating prefix script '/home/moulik/drone_ws/install/local_setup.sh'
[3.051s] INFO:colcon.colcon_core.shell:Creating prefix util module '/home/moulik/drone_ws/install/_local_setup_util_sh.py'
[3.052s] INFO:colcon.colcon_core.shell:Creating prefix chain script '/home/moulik/drone_ws/install/setup.sh'
[3.053s] INFO:colcon.colcon_core.shell:Creating prefix script '/home/moulik/drone_ws/install/local_setup.bash'
[3.055s] INFO:colcon.colcon_core.shell:Creating prefix chain script '/home/moulik/drone_ws/install/setup.bash'
[3.064s] INFO:colcon.colcon_core.shell:Creating prefix script '/home/moulik/drone_ws/install/local_setup.zsh'
[3.066s] INFO:colcon.colcon_core.shell:Creating prefix chain script '/home/moulik/drone_ws/install/setup.zsh'
