[1.663s] Invoking command in '/home/moulik/drone_ws/src/car_navigation': PYTHONPATH=/home/moulik/drone_ws/build/car_navigation/prefix_override:/usr/lib/python3/dist-packages/colcon_core/task/python/colcon_distutils_commands:/home/moulik/drone_ws/install/car_navigation/lib/python3.10/site-packages:${PYTHONPATH} /usr/bin/python3 -W ignore:setup.py install is deprecated -W ignore:easy_install command is deprecated setup.py egg_info --egg-base ../../build/car_navigation build --build-base /home/moulik/drone_ws/build/car_navigation/build install --record /home/moulik/drone_ws/build/car_navigation/install.log --single-version-externally-managed install_data
[1.916s] running egg_info
[1.916s] writing ../../build/car_navigation/car_navigation.egg-info/PKG-INFO
[1.919s] writing dependency_links to ../../build/car_navigation/car_navigation.egg-info/dependency_links.txt
[1.920s] writing entry points to ../../build/car_navigation/car_navigation.egg-info/entry_points.txt
[1.921s] writing requirements to ../../build/car_navigation/car_navigation.egg-info/requires.txt
[1.921s] writing top-level names to ../../build/car_navigation/car_navigation.egg-info/top_level.txt
[1.924s] reading manifest file '../../build/car_navigation/car_navigation.egg-info/SOURCES.txt'
[1.927s] writing manifest file '../../build/car_navigation/car_navigation.egg-info/SOURCES.txt'
[1.928s] running build
[1.928s] running build_py
[1.930s] copying car_navigation/obstacle_avoidance.py -> /home/moulik/drone_ws/build/car_navigation/build/lib/car_navigation
[1.930s] running install
[1.931s] running install_lib
[1.933s] copying /home/moulik/drone_ws/build/car_navigation/build/lib/car_navigation/obstacle_avoidance.py -> /home/moulik/drone_ws/install/car_navigation/lib/python3.10/site-packages/car_navigation
[1.944s] byte-compiling /home/moulik/drone_ws/install/car_navigation/lib/python3.10/site-packages/car_navigation/obstacle_avoidance.py to obstacle_avoidance.cpython-310.pyc
[1.944s] running install_data
[1.952s] running install_egg_info
[1.954s] removing '/home/moulik/drone_ws/install/car_navigation/lib/python3.10/site-packages/car_navigation-0.0.0-py3.10.egg-info' (and everything under it)
[1.954s] Copying ../../build/car_navigation/car_navigation.egg-info to /home/moulik/drone_ws/install/car_navigation/lib/python3.10/site-packages/car_navigation-0.0.0-py3.10.egg-info
[1.955s] running install_scripts
[1.999s] Installing obstacle_avoidance script to /home/moulik/drone_ws/install/car_navigation/lib/car_navigation
[2.005s] writing list of installed files to '/home/moulik/drone_ws/build/car_navigation/install.log'
[2.070s] Invoked command in '/home/moulik/drone_ws/src/car_navigation' returned '0': PYTHONPATH=/home/moulik/drone_ws/build/car_navigation/prefix_override:/usr/lib/python3/dist-packages/colcon_core/task/python/colcon_distutils_commands:/home/moulik/drone_ws/install/car_navigation/lib/python3.10/site-packages:${PYTHONPATH} /usr/bin/python3 -W ignore:setup.py install is deprecated -W ignore:easy_install command is deprecated setup.py egg_info --egg-base ../../build/car_navigation build --build-base /home/moulik/drone_ws/build/car_navigation/build install --record /home/moulik/drone_ws/build/car_navigation/install.log --single-version-externally-managed install_data
