[0.039s] Invoking command in '/home/moulik/drone_ws/build/drone_description': CMAKE_PREFIX_PATH=${CMAKE_PREFIX_PATH}:/home/moulik/drone_ws/install/drone_navigation:/home/moulik/drone_ws/install/car_navigation:/opt/ros/humble /usr/bin/cmake --build /home/moulik/drone_ws/build/drone_description -- -j1 -l1
[0.163s] Invoked command in '/home/moulik/drone_ws/build/drone_description' returned '0': CMAKE_PREFIX_PATH=${CMAKE_PREFIX_PATH}:/home/moulik/drone_ws/install/drone_navigation:/home/moulik/drone_ws/install/car_navigation:/opt/ros/humble /usr/bin/cmake --build /home/moulik/drone_ws/build/drone_description -- -j1 -l1
[0.179s] Invoking command in '/home/moulik/drone_ws/build/drone_description': CMAKE_PREFIX_PATH=${CMAKE_PREFIX_PATH}:/home/moulik/drone_ws/install/drone_navigation:/home/moulik/drone_ws/install/car_navigation:/opt/ros/humble /usr/bin/cmake --install /home/moulik/drone_ws/build/drone_description
[0.196s] -- Install configuration: ""
[0.196s] -- Execute custom install script
[0.197s] -- Up-to-date symlink: /home/moulik/drone_ws/install/drone_description/share/ament_index/resource_index/package_run_dependencies/drone_description
[0.197s] -- Up-to-date symlink: /home/moulik/drone_ws/install/drone_description/share/ament_index/resource_index/parent_prefix_path/drone_description
[0.197s] -- Up-to-date symlink: /home/moulik/drone_ws/install/drone_description/share/drone_description/environment/ament_prefix_path.sh
[0.197s] -- Up-to-date symlink: /home/moulik/drone_ws/install/drone_description/share/drone_description/environment/ament_prefix_path.dsv
[0.198s] -- Up-to-date symlink: /home/moulik/drone_ws/install/drone_description/share/drone_description/environment/path.sh
[0.198s] -- Up-to-date symlink: /home/moulik/drone_ws/install/drone_description/share/drone_description/environment/path.dsv
[0.198s] -- Up-to-date symlink: /home/moulik/drone_ws/install/drone_description/share/drone_description/local_setup.bash
[0.198s] -- Up-to-date symlink: /home/moulik/drone_ws/install/drone_description/share/drone_description/local_setup.sh
[0.198s] -- Up-to-date symlink: /home/moulik/drone_ws/install/drone_description/share/drone_description/local_setup.zsh
[0.199s] -- Up-to-date symlink: /home/moulik/drone_ws/install/drone_description/share/drone_description/local_setup.dsv
[0.213s] -- Symlinking: /home/moulik/drone_ws/install/drone_description/share/drone_description/package.dsv
[0.237s] -- Up-to-date symlink: /home/moulik/drone_ws/install/drone_description/share/ament_index/resource_index/packages/drone_description
[0.237s] -- Up-to-date symlink: /home/moulik/drone_ws/install/drone_description/share/drone_description/cmake/drone_descriptionConfig.cmake
[0.237s] -- Up-to-date symlink: /home/moulik/drone_ws/install/drone_description/share/drone_description/cmake/drone_descriptionConfig-version.cmake
[0.237s] -- Up-to-date symlink: /home/moulik/drone_ws/install/drone_description/share/drone_description/package.xml
[0.238s] Invoked command in '/home/moulik/drone_ws/build/drone_description' returned '0': CMAKE_PREFIX_PATH=${CMAKE_PREFIX_PATH}:/home/moulik/drone_ws/install/drone_navigation:/home/moulik/drone_ws/install/car_navigation:/opt/ros/humble /usr/bin/cmake --install /home/moulik/drone_ws/build/drone_description
