[1.990s] Invoking command in '/home/moulik/drone_ws/src/car_navigation': PYTHONPATH=/home/moulik/drone_ws/build/car_navigation/prefix_override:/usr/lib/python3/dist-packages/colcon_core/task/python/colcon_distutils_commands:/home/moulik/drone_ws/install/car_navigation/lib/python3.10/site-packages:${PYTHONPATH} /usr/bin/python3 -W ignore:setup.py install is deprecated -W ignore:easy_install command is deprecated setup.py egg_info --egg-base ../../build/car_navigation build --build-base /home/moulik/drone_ws/build/car_navigation/build install --record /home/moulik/drone_ws/build/car_navigation/install.log --single-version-externally-managed install_data
[2.431s] running egg_info
[2.431s] writing ../../build/car_navigation/car_navigation.egg-info/PKG-INFO
[2.431s] writing dependency_links to ../../build/car_navigation/car_navigation.egg-info/dependency_links.txt
[2.432s] writing entry points to ../../build/car_navigation/car_navigation.egg-info/entry_points.txt
[2.433s] writing requirements to ../../build/car_navigation/car_navigation.egg-info/requires.txt
[2.434s] writing top-level names to ../../build/car_navigation/car_navigation.egg-info/top_level.txt
[2.436s] reading manifest file '../../build/car_navigation/car_navigation.egg-info/SOURCES.txt'
[2.438s] writing manifest file '../../build/car_navigation/car_navigation.egg-info/SOURCES.txt'
[2.460s] running build
[2.460s] running build_py
[2.460s] copying car_navigation/obstacle_avoidance.py -> /home/moulik/drone_ws/build/car_navigation/build/lib/car_navigation
[2.460s] running install
[2.460s] running install_lib
[2.460s] copying /home/moulik/drone_ws/build/car_navigation/build/lib/car_navigation/obstacle_avoidance.py -> /home/moulik/drone_ws/install/car_navigation/lib/python3.10/site-packages/car_navigation
[2.460s] byte-compiling /home/moulik/drone_ws/install/car_navigation/lib/python3.10/site-packages/car_navigation/obstacle_avoidance.py to obstacle_avoidance.cpython-310.pyc
[2.461s] running install_data
[2.461s] running install_egg_info
[2.481s] removing '/home/moulik/drone_ws/install/car_navigation/lib/python3.10/site-packages/car_navigation-0.0.0-py3.10.egg-info' (and everything under it)
[2.481s] Copying ../../build/car_navigation/car_navigation.egg-info to /home/moulik/drone_ws/install/car_navigation/lib/python3.10/site-packages/car_navigation-0.0.0-py3.10.egg-info
[2.481s] running install_scripts
[2.504s] Installing obstacle_avoidance script to /home/moulik/drone_ws/install/car_navigation/lib/car_navigation
[2.507s] writing list of installed files to '/home/moulik/drone_ws/build/car_navigation/install.log'
[2.584s] Invoked command in '/home/moulik/drone_ws/src/car_navigation' returned '0': PYTHONPATH=/home/moulik/drone_ws/build/car_navigation/prefix_override:/usr/lib/python3/dist-packages/colcon_core/task/python/colcon_distutils_commands:/home/moulik/drone_ws/install/car_navigation/lib/python3.10/site-packages:${PYTHONPATH} /usr/bin/python3 -W ignore:setup.py install is deprecated -W ignore:easy_install command is deprecated setup.py egg_info --egg-base ../../build/car_navigation build --build-base /home/moulik/drone_ws/build/car_navigation/build install --record /home/moulik/drone_ws/build/car_navigation/install.log --single-version-externally-managed install_data
