[1.721s] Invoking command in '/home/moulik/drone_ws/src/car_navigation': PYTHONPATH=/home/moulik/drone_ws/build/car_navigation/prefix_override:/usr/lib/python3/dist-packages/colcon_core/task/python/colcon_distutils_commands:/home/moulik/drone_ws/install/car_navigation/lib/python3.10/site-packages:${PYTHONPATH} /usr/bin/python3 -W ignore:setup.py install is deprecated -W ignore:easy_install command is deprecated setup.py egg_info --egg-base ../../build/car_navigation build --build-base /home/moulik/drone_ws/build/car_navigation/build install --record /home/moulik/drone_ws/build/car_navigation/install.log --single-version-externally-managed install_data
[2.403s] running egg_info
[2.403s] creating ../../build/car_navigation/car_navigation.egg-info
[2.403s] writing ../../build/car_navigation/car_navigation.egg-info/PKG-INFO
[2.403s] writing dependency_links to ../../build/car_navigation/car_navigation.egg-info/dependency_links.txt
[2.403s] writing entry points to ../../build/car_navigation/car_navigation.egg-info/entry_points.txt
[2.403s] writing requirements to ../../build/car_navigation/car_navigation.egg-info/requires.txt
[2.403s] writing top-level names to ../../build/car_navigation/car_navigation.egg-info/top_level.txt
[2.403s] writing manifest file '../../build/car_navigation/car_navigation.egg-info/SOURCES.txt'
[2.403s] reading manifest file '../../build/car_navigation/car_navigation.egg-info/SOURCES.txt'
[2.403s] writing manifest file '../../build/car_navigation/car_navigation.egg-info/SOURCES.txt'
[2.403s] running build
[2.403s] running build_py
[2.403s] creating /home/moulik/drone_ws/build/car_navigation/build
[2.403s] creating /home/moulik/drone_ws/build/car_navigation/build/lib
[2.403s] creating /home/moulik/drone_ws/build/car_navigation/build/lib/car_navigation
[2.403s] copying car_navigation/obstacle_avoidance.py -> /home/moulik/drone_ws/build/car_navigation/build/lib/car_navigation
[2.403s] copying car_navigation/__init__.py -> /home/moulik/drone_ws/build/car_navigation/build/lib/car_navigation
[2.403s] running install
[2.404s] running install_lib
[2.404s] creating /home/moulik/drone_ws/install/car_navigation/lib/python3.10/site-packages/car_navigation
[2.404s] copying /home/moulik/drone_ws/build/car_navigation/build/lib/car_navigation/obstacle_avoidance.py -> /home/moulik/drone_ws/install/car_navigation/lib/python3.10/site-packages/car_navigation
[2.404s] copying /home/moulik/drone_ws/build/car_navigation/build/lib/car_navigation/__init__.py -> /home/moulik/drone_ws/install/car_navigation/lib/python3.10/site-packages/car_navigation
[2.434s] byte-compiling /home/moulik/drone_ws/install/car_navigation/lib/python3.10/site-packages/car_navigation/obstacle_avoidance.py to obstacle_avoidance.cpython-310.pyc
[2.434s] byte-compiling /home/moulik/drone_ws/install/car_navigation/lib/python3.10/site-packages/car_navigation/__init__.py to __init__.cpython-310.pyc
[2.434s] running install_data
[2.434s] creating /home/moulik/drone_ws/install/car_navigation/share/ament_index
[2.434s] creating /home/moulik/drone_ws/install/car_navigation/share/ament_index/resource_index
[2.434s] creating /home/moulik/drone_ws/install/car_navigation/share/ament_index/resource_index/packages
[2.434s] copying resource/car_navigation -> /home/moulik/drone_ws/install/car_navigation/share/ament_index/resource_index/packages
[2.434s] copying package.xml -> /home/moulik/drone_ws/install/car_navigation/share/car_navigation
[2.434s] running install_egg_info
[2.434s] Copying ../../build/car_navigation/car_navigation.egg-info to /home/moulik/drone_ws/install/car_navigation/lib/python3.10/site-packages/car_navigation-0.0.0-py3.10.egg-info
[2.434s] running install_scripts
[2.507s] Installing obstacle_avoidance script to /home/moulik/drone_ws/install/car_navigation/lib/car_navigation
[2.507s] writing list of installed files to '/home/moulik/drone_ws/build/car_navigation/install.log'
[2.579s] Invoked command in '/home/moulik/drone_ws/src/car_navigation' returned '0': PYTHONPATH=/home/moulik/drone_ws/build/car_navigation/prefix_override:/usr/lib/python3/dist-packages/colcon_core/task/python/colcon_distutils_commands:/home/moulik/drone_ws/install/car_navigation/lib/python3.10/site-packages:${PYTHONPATH} /usr/bin/python3 -W ignore:setup.py install is deprecated -W ignore:easy_install command is deprecated setup.py egg_info --egg-base ../../build/car_navigation build --build-base /home/moulik/drone_ws/build/car_navigation/build install --record /home/moulik/drone_ws/build/car_navigation/install.log --single-version-externally-managed install_data
