[1.342s] Invoking command in '/home/moulik/drone_ws/src/drone_navigation': PYTHONPATH=/home/moulik/drone_ws/build/drone_navigation/prefix_override:/usr/lib/python3/dist-packages/colcon_core/task/python/colcon_distutils_commands:/home/moulik/drone_ws/install/drone_navigation/lib/python3.10/site-packages:${PYTHONPATH} /usr/bin/python3 -W ignore:setup.py install is deprecated -W ignore:easy_install command is deprecated setup.py egg_info --egg-base ../../build/drone_navigation build --build-base /home/moulik/drone_ws/build/drone_navigation/build install --record /home/moulik/drone_ws/build/drone_navigation/install.log --single-version-externally-managed install_data
[1.796s] running egg_info
[1.811s] creating ../../build/drone_navigation/drone_navigation.egg-info
[1.811s] writing ../../build/drone_navigation/drone_navigation.egg-info/PKG-INFO
[1.811s] writing dependency_links to ../../build/drone_navigation/drone_navigation.egg-info/dependency_links.txt
[1.811s] writing entry points to ../../build/drone_navigation/drone_navigation.egg-info/entry_points.txt
[1.811s] writing requirements to ../../build/drone_navigation/drone_navigation.egg-info/requires.txt
[1.811s] writing top-level names to ../../build/drone_navigation/drone_navigation.egg-info/top_level.txt
[1.811s] writing manifest file '../../build/drone_navigation/drone_navigation.egg-info/SOURCES.txt'
[1.811s] reading manifest file '../../build/drone_navigation/drone_navigation.egg-info/SOURCES.txt'
[1.811s] writing manifest file '../../build/drone_navigation/drone_navigation.egg-info/SOURCES.txt'
[1.822s] running build
[1.822s] running build_py
[1.846s] creating /home/moulik/drone_ws/build/drone_navigation/build
[1.846s] creating /home/moulik/drone_ws/build/drone_navigation/build/lib
[1.846s] creating /home/moulik/drone_ws/build/drone_navigation/build/lib/drone_navigation
[1.846s] copying drone_navigation/__init__.py -> /home/moulik/drone_ws/build/drone_navigation/build/lib/drone_navigation
[1.846s] running install
[1.846s] running install_lib
[1.846s] creating /home/moulik/drone_ws/install/drone_navigation/lib/python3.10/site-packages/drone_navigation
[1.846s] copying /home/moulik/drone_ws/build/drone_navigation/build/lib/drone_navigation/__init__.py -> /home/moulik/drone_ws/install/drone_navigation/lib/python3.10/site-packages/drone_navigation
[1.846s] byte-compiling /home/moulik/drone_ws/install/drone_navigation/lib/python3.10/site-packages/drone_navigation/__init__.py to __init__.cpython-310.pyc
[1.846s] running install_data
[1.847s] creating /home/moulik/drone_ws/install/drone_navigation/share/ament_index
[1.847s] creating /home/moulik/drone_ws/install/drone_navigation/share/ament_index/resource_index
[1.847s] creating /home/moulik/drone_ws/install/drone_navigation/share/ament_index/resource_index/packages
[1.847s] copying resource/drone_navigation -> /home/moulik/drone_ws/install/drone_navigation/share/ament_index/resource_index/packages
[1.847s] copying package.xml -> /home/moulik/drone_ws/install/drone_navigation/share/drone_navigation
[1.847s] running install_egg_info
[1.847s] Copying ../../build/drone_navigation/drone_navigation.egg-info to /home/moulik/drone_ws/install/drone_navigation/lib/python3.10/site-packages/drone_navigation-0.0.0-py3.10.egg-info
[1.847s] running install_scripts
[1.884s] writing list of installed files to '/home/moulik/drone_ws/build/drone_navigation/install.log'
[1.944s] Invoked command in '/home/moulik/drone_ws/src/drone_navigation' returned '0': PYTHONPATH=/home/moulik/drone_ws/build/drone_navigation/prefix_override:/usr/lib/python3/dist-packages/colcon_core/task/python/colcon_distutils_commands:/home/moulik/drone_ws/install/drone_navigation/lib/python3.10/site-packages:${PYTHONPATH} /usr/bin/python3 -W ignore:setup.py install is deprecated -W ignore:easy_install command is deprecated setup.py egg_info --egg-base ../../build/drone_navigation build --build-base /home/moulik/drone_ws/build/drone_navigation/build install --record /home/moulik/drone_ws/build/drone_navigation/install.log --single-version-externally-managed install_data
