[1.268s] DEBUG:colcon:Command line arguments: ['/usr/bin/colcon', 'build']
[1.268s] DEBUG:colcon:Parsed command line arguments: Namespace(log_base=None, log_level=None, verb_name='build', build_base='build', install_base='install', merge_install=False, symlink_install=False, test_result_base=None, continue_on_error=False, executor='parallel', parallel_workers=1, event_handlers=None, ignore_user_meta=False, metas=['./colcon.meta'], base_paths=['.'], packages_ignore=None, packages_ignore_regex=None, paths=None, packages_up_to=None, packages_up_to_regex=None, packages_above=None, packages_above_and_dependencies=None, packages_above_depth=None, packages_select_by_dep=None, packages_skip_by_dep=None, packages_skip_up_to=None, packages_select_build_failed=False, packages_skip_build_finished=False, packages_select_test_failures=False, packages_skip_test_passed=False, packages_select=None, packages_skip=None, packages_select_regex=None, packages_skip_regex=None, packages_start=None, packages_end=None, allow_overriding=[], cmake_args=None, cmake_target=None, cmake_target_skip_unavailable=False, cmake_clean_cache=False, cmake_clean_first=False, cmake_force_configure=False, ament_cmake_args=None, catkin_cmake_args=None, catkin_skip_building_tests=False, mixin_files=None, mixin=None, verb_parser=<colcon_mixin.mixin.mixin_argument.MixinArgumentDecorator object at 0x76326ba726e0>, verb_extension=<colcon_core.verb.build.BuildVerb object at 0x76326ba72200>, main=<bound method BuildVerb.main of <colcon_core.verb.build.BuildVerb object at 0x76326ba72200>>, mixin_verb=('build',))
[2.291s] Level 1:colcon.colcon_core.package_discovery:discover_packages(colcon_meta) check parameters
[2.291s] Level 1:colcon.colcon_core.package_discovery:discover_packages(recursive) check parameters
[2.291s] Level 1:colcon.colcon_core.package_discovery:discover_packages(ignore) check parameters
[2.291s] Level 1:colcon.colcon_core.package_discovery:discover_packages(path) check parameters
[2.291s] Level 1:colcon.colcon_core.package_discovery:discover_packages(colcon_meta) discover
[2.291s] Level 1:colcon.colcon_core.package_discovery:discover_packages(recursive) discover
[2.291s] INFO:colcon.colcon_core.package_discovery:Crawling recursively for packages in '/home/moulik/drone_ws'
[2.291s] Level 1:colcon.colcon_core.package_identification:_identify(.) by extensions ['ignore', 'ignore_ament_install']
[2.291s] Level 1:colcon.colcon_core.package_identification:_identify(.) by extension 'ignore'
[2.291s] Level 1:colcon.colcon_core.package_identification:_identify(.) by extension 'ignore_ament_install'
[2.291s] Level 1:colcon.colcon_core.package_identification:_identify(.) by extensions ['colcon_pkg']
[2.291s] Level 1:colcon.colcon_core.package_identification:_identify(.) by extension 'colcon_pkg'
[2.291s] Level 1:colcon.colcon_core.package_identification:_identify(.) by extensions ['colcon_meta']
[2.291s] Level 1:colcon.colcon_core.package_identification:_identify(.) by extension 'colcon_meta'
[2.291s] Level 1:colcon.colcon_core.package_identification:_identify(.) by extensions ['ros']
[2.291s] Level 1:colcon.colcon_core.package_identification:_identify(.) by extension 'ros'
[2.341s] Level 1:colcon.colcon_core.package_identification:_identify(.) by extensions ['cmake', 'python']
[2.341s] Level 1:colcon.colcon_core.package_identification:_identify(.) by extension 'cmake'
[2.341s] Level 1:colcon.colcon_core.package_identification:_identify(.) by extension 'python'
[2.341s] Level 1:colcon.colcon_core.package_identification:_identify(.) by extensions ['python_setup_py']
[2.341s] Level 1:colcon.colcon_core.package_identification:_identify(.) by extension 'python_setup_py'
[2.342s] Level 1:colcon.colcon_core.package_identification:_identify(build) by extensions ['ignore', 'ignore_ament_install']
[2.342s] Level 1:colcon.colcon_core.package_identification:_identify(build) by extension 'ignore'
[2.342s] Level 1:colcon.colcon_core.package_identification:_identify(build) ignored
[2.342s] Level 1:colcon.colcon_core.package_identification:_identify(install) by extensions ['ignore', 'ignore_ament_install']
[2.342s] Level 1:colcon.colcon_core.package_identification:_identify(install) by extension 'ignore'
[2.342s] Level 1:colcon.colcon_core.package_identification:_identify(install) ignored
[2.343s] Level 1:colcon.colcon_core.package_identification:_identify(log) by extensions ['ignore', 'ignore_ament_install']
[2.343s] Level 1:colcon.colcon_core.package_identification:_identify(log) by extension 'ignore'
[2.343s] Level 1:colcon.colcon_core.package_identification:_identify(log) ignored
[2.347s] Level 1:colcon.colcon_core.package_identification:_identify(src) by extensions ['ignore', 'ignore_ament_install']
[2.347s] Level 1:colcon.colcon_core.package_identification:_identify(src) by extension 'ignore'
[2.347s] Level 1:colcon.colcon_core.package_identification:_identify(src) by extension 'ignore_ament_install'
[2.347s] Level 1:colcon.colcon_core.package_identification:_identify(src) by extensions ['colcon_pkg']
[2.347s] Level 1:colcon.colcon_core.package_identification:_identify(src) by extension 'colcon_pkg'
[2.347s] Level 1:colcon.colcon_core.package_identification:_identify(src) by extensions ['colcon_meta']
[2.347s] Level 1:colcon.colcon_core.package_identification:_identify(src) by extension 'colcon_meta'
[2.347s] Level 1:colcon.colcon_core.package_identification:_identify(src) by extensions ['ros']
[2.347s] Level 1:colcon.colcon_core.package_identification:_identify(src) by extension 'ros'
[2.347s] Level 1:colcon.colcon_core.package_identification:_identify(src) by extensions ['cmake', 'python']
[2.347s] Level 1:colcon.colcon_core.package_identification:_identify(src) by extension 'cmake'
[2.347s] Level 1:colcon.colcon_core.package_identification:_identify(src) by extension 'python'
[2.347s] Level 1:colcon.colcon_core.package_identification:_identify(src) by extensions ['python_setup_py']
[2.347s] Level 1:colcon.colcon_core.package_identification:_identify(src) by extension 'python_setup_py'
[2.348s] Level 1:colcon.colcon_core.package_identification:_identify(src/car_navigation) by extensions ['ignore', 'ignore_ament_install']
[2.348s] Level 1:colcon.colcon_core.package_identification:_identify(src/car_navigation) by extension 'ignore'
[2.349s] Level 1:colcon.colcon_core.package_identification:_identify(src/car_navigation) by extension 'ignore_ament_install'
[2.349s] Level 1:colcon.colcon_core.package_identification:_identify(src/car_navigation) by extensions ['colcon_pkg']
[2.349s] Level 1:colcon.colcon_core.package_identification:_identify(src/car_navigation) by extension 'colcon_pkg'
[2.349s] Level 1:colcon.colcon_core.package_identification:_identify(src/car_navigation) by extensions ['colcon_meta']
[2.349s] Level 1:colcon.colcon_core.package_identification:_identify(src/car_navigation) by extension 'colcon_meta'
[2.352s] Level 1:colcon.colcon_core.package_identification:_identify(src/car_navigation) by extensions ['ros']
[2.352s] Level 1:colcon.colcon_core.package_identification:_identify(src/car_navigation) by extension 'ros'
[2.372s] DEBUG:colcon.colcon_core.package_identification:Package 'src/car_navigation' with type 'ros.ament_python' and name 'car_navigation'
[2.374s] Level 1:colcon.colcon_core.package_identification:_identify(src/drone_control) by extensions ['ignore', 'ignore_ament_install']
[2.374s] Level 1:colcon.colcon_core.package_identification:_identify(src/drone_control) by extension 'ignore'
[2.374s] Level 1:colcon.colcon_core.package_identification:_identify(src/drone_control) by extension 'ignore_ament_install'
[2.374s] Level 1:colcon.colcon_core.package_identification:_identify(src/drone_control) by extensions ['colcon_pkg']
[2.374s] Level 1:colcon.colcon_core.package_identification:_identify(src/drone_control) by extension 'colcon_pkg'
[2.374s] Level 1:colcon.colcon_core.package_identification:_identify(src/drone_control) by extensions ['colcon_meta']
[2.374s] Level 1:colcon.colcon_core.package_identification:_identify(src/drone_control) by extension 'colcon_meta'
[2.374s] Level 1:colcon.colcon_core.package_identification:_identify(src/drone_control) by extensions ['ros']
[2.374s] Level 1:colcon.colcon_core.package_identification:_identify(src/drone_control) by extension 'ros'
[2.374s] Level 1:colcon.colcon_core.package_identification:_identify(src/drone_control) by extensions ['cmake', 'python']
[2.374s] Level 1:colcon.colcon_core.package_identification:_identify(src/drone_control) by extension 'cmake'
[2.374s] Level 1:colcon.colcon_core.package_identification:_identify(src/drone_control) by extension 'python'
[2.374s] Level 1:colcon.colcon_core.package_identification:_identify(src/drone_control) by extensions ['python_setup_py']
[2.374s] Level 1:colcon.colcon_core.package_identification:_identify(src/drone_control) by extension 'python_setup_py'
[2.375s] Level 1:colcon.colcon_core.package_identification:_identify(src/drone_control/scripts) by extensions ['ignore', 'ignore_ament_install']
[2.376s] Level 1:colcon.colcon_core.package_identification:_identify(src/drone_control/scripts) by extension 'ignore'
[2.376s] Level 1:colcon.colcon_core.package_identification:_identify(src/drone_control/scripts) by extension 'ignore_ament_install'
[2.376s] Level 1:colcon.colcon_core.package_identification:_identify(src/drone_control/scripts) by extensions ['colcon_pkg']
[2.376s] Level 1:colcon.colcon_core.package_identification:_identify(src/drone_control/scripts) by extension 'colcon_pkg'
[2.376s] Level 1:colcon.colcon_core.package_identification:_identify(src/drone_control/scripts) by extensions ['colcon_meta']
[2.376s] Level 1:colcon.colcon_core.package_identification:_identify(src/drone_control/scripts) by extension 'colcon_meta'
[2.376s] Level 1:colcon.colcon_core.package_identification:_identify(src/drone_control/scripts) by extensions ['ros']
[2.376s] Level 1:colcon.colcon_core.package_identification:_identify(src/drone_control/scripts) by extension 'ros'
[2.376s] Level 1:colcon.colcon_core.package_identification:_identify(src/drone_control/scripts) by extensions ['cmake', 'python']
[2.376s] Level 1:colcon.colcon_core.package_identification:_identify(src/drone_control/scripts) by extension 'cmake'
[2.376s] Level 1:colcon.colcon_core.package_identification:_identify(src/drone_control/scripts) by extension 'python'
[2.376s] Level 1:colcon.colcon_core.package_identification:_identify(src/drone_control/scripts) by extensions ['python_setup_py']
[2.376s] Level 1:colcon.colcon_core.package_identification:_identify(src/drone_control/scripts) by extension 'python_setup_py'
[2.377s] Level 1:colcon.colcon_core.package_identification:_identify(src/drone_description) by extensions ['ignore', 'ignore_ament_install']
[2.377s] Level 1:colcon.colcon_core.package_identification:_identify(src/drone_description) by extension 'ignore'
[2.377s] Level 1:colcon.colcon_core.package_identification:_identify(src/drone_description) by extension 'ignore_ament_install'
[2.377s] Level 1:colcon.colcon_core.package_identification:_identify(src/drone_description) by extensions ['colcon_pkg']
[2.377s] Level 1:colcon.colcon_core.package_identification:_identify(src/drone_description) by extension 'colcon_pkg'
[2.377s] Level 1:colcon.colcon_core.package_identification:_identify(src/drone_description) by extensions ['colcon_meta']
[2.377s] Level 1:colcon.colcon_core.package_identification:_identify(src/drone_description) by extension 'colcon_meta'
[2.377s] Level 1:colcon.colcon_core.package_identification:_identify(src/drone_description) by extensions ['ros']
[2.377s] Level 1:colcon.colcon_core.package_identification:_identify(src/drone_description) by extension 'ros'
[2.379s] DEBUG:colcon.colcon_core.package_identification:Package 'src/drone_description' with type 'ros.ament_cmake' and name 'drone_description'
[2.381s] Level 1:colcon.colcon_core.package_identification:_identify(src/drone_navigation) by extensions ['ignore', 'ignore_ament_install']
[2.381s] Level 1:colcon.colcon_core.package_identification:_identify(src/drone_navigation) by extension 'ignore'
[2.381s] Level 1:colcon.colcon_core.package_identification:_identify(src/drone_navigation) by extension 'ignore_ament_install'
[2.381s] Level 1:colcon.colcon_core.package_identification:_identify(src/drone_navigation) by extensions ['colcon_pkg']
[2.381s] Level 1:colcon.colcon_core.package_identification:_identify(src/drone_navigation) by extension 'colcon_pkg'
[2.381s] Level 1:colcon.colcon_core.package_identification:_identify(src/drone_navigation) by extensions ['colcon_meta']
[2.381s] Level 1:colcon.colcon_core.package_identification:_identify(src/drone_navigation) by extension 'colcon_meta'
[2.381s] Level 1:colcon.colcon_core.package_identification:_identify(src/drone_navigation) by extensions ['ros']
[2.381s] Level 1:colcon.colcon_core.package_identification:_identify(src/drone_navigation) by extension 'ros'
[2.391s] DEBUG:colcon.colcon_core.package_identification:Package 'src/drone_navigation' with type 'ros.ament_python' and name 'drone_navigation'
[2.393s] Level 1:colcon.colcon_core.package_identification:_identify(src/indoor_world) by extensions ['ignore', 'ignore_ament_install']
[2.393s] Level 1:colcon.colcon_core.package_identification:_identify(src/indoor_world) by extension 'ignore'
[2.393s] Level 1:colcon.colcon_core.package_identification:_identify(src/indoor_world) by extension 'ignore_ament_install'
[2.393s] Level 1:colcon.colcon_core.package_identification:_identify(src/indoor_world) by extensions ['colcon_pkg']
[2.393s] Level 1:colcon.colcon_core.package_identification:_identify(src/indoor_world) by extension 'colcon_pkg'
[2.393s] Level 1:colcon.colcon_core.package_identification:_identify(src/indoor_world) by extensions ['colcon_meta']
[2.393s] Level 1:colcon.colcon_core.package_identification:_identify(src/indoor_world) by extension 'colcon_meta'
[2.393s] Level 1:colcon.colcon_core.package_identification:_identify(src/indoor_world) by extensions ['ros']
[2.393s] Level 1:colcon.colcon_core.package_identification:_identify(src/indoor_world) by extension 'ros'
[2.393s] Level 1:colcon.colcon_core.package_identification:_identify(src/indoor_world) by extensions ['cmake', 'python']
[2.393s] Level 1:colcon.colcon_core.package_identification:_identify(src/indoor_world) by extension 'cmake'
[2.393s] Level 1:colcon.colcon_core.package_identification:_identify(src/indoor_world) by extension 'python'
[2.393s] Level 1:colcon.colcon_core.package_identification:_identify(src/indoor_world) by extensions ['python_setup_py']
[2.393s] Level 1:colcon.colcon_core.package_identification:_identify(src/indoor_world) by extension 'python_setup_py'
[2.394s] Level 1:colcon.colcon_core.package_identification:_identify(src/log) by extensions ['ignore', 'ignore_ament_install']
[2.394s] Level 1:colcon.colcon_core.package_identification:_identify(src/log) by extension 'ignore'
[2.394s] Level 1:colcon.colcon_core.package_identification:_identify(src/log) ignored
[2.395s] Level 1:colcon.colcon_core.package_discovery:discover_packages(recursive) using defaults
[2.395s] Level 1:colcon.colcon_core.package_discovery:discover_packages(ignore) discover
[2.395s] Level 1:colcon.colcon_core.package_discovery:discover_packages(ignore) using defaults
[2.395s] Level 1:colcon.colcon_core.package_discovery:discover_packages(path) discover
[2.395s] Level 1:colcon.colcon_core.package_discovery:discover_packages(path) using defaults
[2.535s] Level 1:colcon.colcon_core.package_discovery:discover_packages(prefix_path) check parameters
[2.535s] Level 1:colcon.colcon_core.package_discovery:discover_packages(prefix_path) discover
[2.569s] DEBUG:colcon.colcon_installed_package_information.package_discovery:Found 4 installed packages in /home/moulik/drone_ws/install
[2.572s] DEBUG:colcon.colcon_installed_package_information.package_discovery:Found 327 installed packages in /opt/ros/humble
[2.574s] Level 1:colcon.colcon_core.package_discovery:discover_packages(prefix_path) using defaults
[2.758s] Level 5:colcon.colcon_core.verb:set package 'car_navigation' build argument 'cmake_args' from command line to 'None'
[2.758s] Level 5:colcon.colcon_core.verb:set package 'car_navigation' build argument 'cmake_target' from command line to 'None'
[2.758s] Level 5:colcon.colcon_core.verb:set package 'car_navigation' build argument 'cmake_target_skip_unavailable' from command line to 'False'
[2.758s] Level 5:colcon.colcon_core.verb:set package 'car_navigation' build argument 'cmake_clean_cache' from command line to 'False'
[2.758s] Level 5:colcon.colcon_core.verb:set package 'car_navigation' build argument 'cmake_clean_first' from command line to 'False'
[2.758s] Level 5:colcon.colcon_core.verb:set package 'car_navigation' build argument 'cmake_force_configure' from command line to 'False'
[2.758s] Level 5:colcon.colcon_core.verb:set package 'car_navigation' build argument 'ament_cmake_args' from command line to 'None'
[2.758s] Level 5:colcon.colcon_core.verb:set package 'car_navigation' build argument 'catkin_cmake_args' from command line to 'None'
[2.758s] Level 5:colcon.colcon_core.verb:set package 'car_navigation' build argument 'catkin_skip_building_tests' from command line to 'False'
[2.758s] DEBUG:colcon.colcon_core.verb:Building package 'car_navigation' with the following arguments: {'ament_cmake_args': None, 'build_base': '/home/moulik/drone_ws/build/car_navigation', 'catkin_cmake_args': None, 'catkin_skip_building_tests': False, 'cmake_args': None, 'cmake_clean_cache': False, 'cmake_clean_first': False, 'cmake_force_configure': False, 'cmake_target': None, 'cmake_target_skip_unavailable': False, 'install_base': '/home/moulik/drone_ws/install/car_navigation', 'merge_install': False, 'path': '/home/moulik/drone_ws/src/car_navigation', 'symlink_install': False, 'test_result_base': None}
[2.759s] Level 5:colcon.colcon_core.verb:set package 'drone_description' build argument 'cmake_args' from command line to 'None'
[2.759s] Level 5:colcon.colcon_core.verb:set package 'drone_description' build argument 'cmake_target' from command line to 'None'
[2.759s] Level 5:colcon.colcon_core.verb:set package 'drone_description' build argument 'cmake_target_skip_unavailable' from command line to 'False'
[2.759s] Level 5:colcon.colcon_core.verb:set package 'drone_description' build argument 'cmake_clean_cache' from command line to 'False'
[2.759s] Level 5:colcon.colcon_core.verb:set package 'drone_description' build argument 'cmake_clean_first' from command line to 'False'
[2.759s] Level 5:colcon.colcon_core.verb:set package 'drone_description' build argument 'cmake_force_configure' from command line to 'False'
[2.759s] Level 5:colcon.colcon_core.verb:set package 'drone_description' build argument 'ament_cmake_args' from command line to 'None'
[2.759s] Level 5:colcon.colcon_core.verb:set package 'drone_description' build argument 'catkin_cmake_args' from command line to 'None'
[2.759s] Level 5:colcon.colcon_core.verb:set package 'drone_description' build argument 'catkin_skip_building_tests' from command line to 'False'
[2.759s] DEBUG:colcon.colcon_core.verb:Building package 'drone_description' with the following arguments: {'ament_cmake_args': None, 'build_base': '/home/moulik/drone_ws/build/drone_description', 'catkin_cmake_args': None, 'catkin_skip_building_tests': False, 'cmake_args': None, 'cmake_clean_cache': False, 'cmake_clean_first': False, 'cmake_force_configure': False, 'cmake_target': None, 'cmake_target_skip_unavailable': False, 'install_base': '/home/moulik/drone_ws/install/drone_description', 'merge_install': False, 'path': '/home/moulik/drone_ws/src/drone_description', 'symlink_install': False, 'test_result_base': None}
[2.759s] Level 5:colcon.colcon_core.verb:set package 'drone_navigation' build argument 'cmake_args' from command line to 'None'
[2.759s] Level 5:colcon.colcon_core.verb:set package 'drone_navigation' build argument 'cmake_target' from command line to 'None'
[2.759s] Level 5:colcon.colcon_core.verb:set package 'drone_navigation' build argument 'cmake_target_skip_unavailable' from command line to 'False'
[2.759s] Level 5:colcon.colcon_core.verb:set package 'drone_navigation' build argument 'cmake_clean_cache' from command line to 'False'
[2.759s] Level 5:colcon.colcon_core.verb:set package 'drone_navigation' build argument 'cmake_clean_first' from command line to 'False'
[2.759s] Level 5:colcon.colcon_core.verb:set package 'drone_navigation' build argument 'cmake_force_configure' from command line to 'False'
[2.759s] Level 5:colcon.colcon_core.verb:set package 'drone_navigation' build argument 'ament_cmake_args' from command line to 'None'
[2.759s] Level 5:colcon.colcon_core.verb:set package 'drone_navigation' build argument 'catkin_cmake_args' from command line to 'None'
[2.759s] Level 5:colcon.colcon_core.verb:set package 'drone_navigation' build argument 'catkin_skip_building_tests' from command line to 'False'
[2.759s] DEBUG:colcon.colcon_core.verb:Building package 'drone_navigation' with the following arguments: {'ament_cmake_args': None, 'build_base': '/home/moulik/drone_ws/build/drone_navigation', 'catkin_cmake_args': None, 'catkin_skip_building_tests': False, 'cmake_args': None, 'cmake_clean_cache': False, 'cmake_clean_first': False, 'cmake_force_configure': False, 'cmake_target': None, 'cmake_target_skip_unavailable': False, 'install_base': '/home/moulik/drone_ws/install/drone_navigation', 'merge_install': False, 'path': '/home/moulik/drone_ws/src/drone_navigation', 'symlink_install': False, 'test_result_base': None}
[2.759s] INFO:colcon.colcon_core.executor:Executing jobs using 'parallel' executor
[2.768s] DEBUG:colcon.colcon_parallel_executor.executor.parallel:run_until_complete
[2.768s] INFO:colcon.colcon_ros.task.ament_python.build:Building ROS package in '/home/moulik/drone_ws/src/car_navigation' with build type 'ament_python'
[2.768s] Level 1:colcon.colcon_core.shell:create_environment_hook('car_navigation', 'ament_prefix_path')
[2.790s] INFO:colcon.colcon_core.plugin_system:Skipping extension 'colcon_core.shell.bat': Not used on non-Windows systems
[2.793s] INFO:colcon.colcon_core.shell:Creating environment hook '/home/moulik/drone_ws/install/car_navigation/share/car_navigation/hook/ament_prefix_path.ps1'
[2.800s] INFO:colcon.colcon_core.shell:Creating environment descriptor '/home/moulik/drone_ws/install/car_navigation/share/car_navigation/hook/ament_prefix_path.dsv'
[2.805s] INFO:colcon.colcon_core.shell:Creating environment hook '/home/moulik/drone_ws/install/car_navigation/share/car_navigation/hook/ament_prefix_path.sh'
[2.815s] INFO:colcon.colcon_core.shell:Skip shell extension 'powershell' for command environment: Not usable outside of PowerShell
[2.816s] DEBUG:colcon.colcon_core.shell:Skip shell extension 'dsv' for command environment
[3.467s] INFO:colcon.colcon_core.task.python.build:Building Python package in '/home/moulik/drone_ws/src/car_navigation'
[3.467s] INFO:colcon.colcon_core.shell:Skip shell extension 'powershell' for command environment: Not usable outside of PowerShell
[3.467s] DEBUG:colcon.colcon_core.shell:Skip shell extension 'dsv' for command environment
[4.578s] DEBUG:colcon.colcon_core.event_handler.log_command:Invoking command in '/home/moulik/drone_ws/src/car_navigation': PYTHONPATH=/home/moulik/drone_ws/build/car_navigation/prefix_override:/usr/lib/python3/dist-packages/colcon_core/task/python/colcon_distutils_commands:/home/moulik/drone_ws/install/car_navigation/lib/python3.10/site-packages:${PYTHONPATH} /usr/bin/python3 -W ignore:setup.py install is deprecated -W ignore:easy_install command is deprecated setup.py egg_info --egg-base ../../build/car_navigation build --build-base /home/moulik/drone_ws/build/car_navigation/build install --record /home/moulik/drone_ws/build/car_navigation/install.log --single-version-externally-managed install_data
[5.293s] DEBUG:colcon.colcon_core.event_handler.log_command:Invoked command in '/home/moulik/drone_ws/src/car_navigation' returned '0': PYTHONPATH=/home/moulik/drone_ws/build/car_navigation/prefix_override:/usr/lib/python3/dist-packages/colcon_core/task/python/colcon_distutils_commands:/home/moulik/drone_ws/install/car_navigation/lib/python3.10/site-packages:${PYTHONPATH} /usr/bin/python3 -W ignore:setup.py install is deprecated -W ignore:easy_install command is deprecated setup.py egg_info --egg-base ../../build/car_navigation build --build-base /home/moulik/drone_ws/build/car_navigation/build install --record /home/moulik/drone_ws/build/car_navigation/install.log --single-version-externally-managed install_data
[5.317s] Level 1:colcon.colcon_core.environment:checking '/home/moulik/drone_ws/install/car_navigation' for CMake module files
[5.318s] Level 1:colcon.colcon_core.environment:checking '/home/moulik/drone_ws/install/car_navigation' for CMake config files
[5.319s] Level 1:colcon.colcon_core.environment:checking '/home/moulik/drone_ws/install/car_navigation/lib'
[5.319s] Level 1:colcon.colcon_core.environment:checking '/home/moulik/drone_ws/install/car_navigation/bin'
[5.319s] Level 1:colcon.colcon_core.environment:checking '/home/moulik/drone_ws/install/car_navigation/lib/pkgconfig/car_navigation.pc'
[5.319s] Level 1:colcon.colcon_core.environment:checking '/home/moulik/drone_ws/install/car_navigation/lib/python3.10/site-packages'
[5.319s] Level 1:colcon.colcon_core.shell:create_environment_hook('car_navigation', 'pythonpath')
[5.320s] INFO:colcon.colcon_core.shell:Creating environment hook '/home/moulik/drone_ws/install/car_navigation/share/car_navigation/hook/pythonpath.ps1'
[5.327s] INFO:colcon.colcon_core.shell:Creating environment descriptor '/home/moulik/drone_ws/install/car_navigation/share/car_navigation/hook/pythonpath.dsv'
[5.331s] INFO:colcon.colcon_core.shell:Creating environment hook '/home/moulik/drone_ws/install/car_navigation/share/car_navigation/hook/pythonpath.sh'
[5.335s] Level 1:colcon.colcon_core.environment:checking '/home/moulik/drone_ws/install/car_navigation/bin'
[5.335s] Level 1:colcon.colcon_core.environment:create_environment_scripts_only(car_navigation)
[5.335s] INFO:colcon.colcon_core.shell:Creating package script '/home/moulik/drone_ws/install/car_navigation/share/car_navigation/package.ps1'
[5.339s] INFO:colcon.colcon_core.shell:Creating package descriptor '/home/moulik/drone_ws/install/car_navigation/share/car_navigation/package.dsv'
[5.344s] INFO:colcon.colcon_core.shell:Creating package script '/home/moulik/drone_ws/install/car_navigation/share/car_navigation/package.sh'
[5.351s] INFO:colcon.colcon_core.shell:Creating package script '/home/moulik/drone_ws/install/car_navigation/share/car_navigation/package.bash'
[5.366s] INFO:colcon.colcon_core.shell:Creating package script '/home/moulik/drone_ws/install/car_navigation/share/car_navigation/package.zsh'
[5.373s] Level 1:colcon.colcon_core.environment:create_file_with_runtime_dependencies(/home/moulik/drone_ws/install/car_navigation/share/colcon-core/packages/car_navigation)
[5.391s] INFO:colcon.colcon_ros.task.ament_cmake.build:Building ROS package in '/home/moulik/drone_ws/src/drone_description' with build type 'ament_cmake'
[5.391s] INFO:colcon.colcon_cmake.task.cmake.build:Building CMake package in '/home/moulik/drone_ws/src/drone_description'
[5.391s] INFO:colcon.colcon_core.shell:Skip shell extension 'powershell' for command environment: Not usable outside of PowerShell
[5.391s] DEBUG:colcon.colcon_core.shell:Skip shell extension 'dsv' for command environment
[5.476s] DEBUG:colcon.colcon_core.event_handler.log_command:Invoking command in '/home/moulik/drone_ws/build/drone_description': CMAKE_PREFIX_PATH=${CMAKE_PREFIX_PATH}:/home/moulik/drone_ws/install/drone_navigation:/home/moulik/drone_ws/install/car_navigation:/opt/ros/humble /usr/bin/cmake --build /home/moulik/drone_ws/build/drone_description -- -j1 -l1
[5.826s] DEBUG:colcon.colcon_core.event_handler.log_command:Invoked command in '/home/moulik/drone_ws/build/drone_description' returned '0': CMAKE_PREFIX_PATH=${CMAKE_PREFIX_PATH}:/home/moulik/drone_ws/install/drone_navigation:/home/moulik/drone_ws/install/car_navigation:/opt/ros/humble /usr/bin/cmake --build /home/moulik/drone_ws/build/drone_description -- -j1 -l1
[5.865s] DEBUG:colcon.colcon_core.event_handler.log_command:Invoking command in '/home/moulik/drone_ws/build/drone_description': CMAKE_PREFIX_PATH=${CMAKE_PREFIX_PATH}:/home/moulik/drone_ws/install/drone_navigation:/home/moulik/drone_ws/install/car_navigation:/opt/ros/humble /usr/bin/cmake --install /home/moulik/drone_ws/build/drone_description
[5.945s] Level 1:colcon.colcon_core.environment:create_environment_scripts_only(drone_description)
[5.946s] Level 1:colcon.colcon_core.environment:checking '/home/moulik/drone_ws/install/drone_description' for CMake module files
[5.946s] Level 1:colcon.colcon_core.environment:checking '/home/moulik/drone_ws/install/drone_description' for CMake config files
[5.946s] Level 1:colcon.colcon_core.shell:create_environment_hook('drone_description', 'cmake_prefix_path')
[5.947s] INFO:colcon.colcon_core.shell:Creating environment hook '/home/moulik/drone_ws/install/drone_description/share/drone_description/hook/cmake_prefix_path.ps1'
[5.955s] DEBUG:colcon.colcon_core.event_handler.log_command:Invoked command in '/home/moulik/drone_ws/build/drone_description' returned '0': CMAKE_PREFIX_PATH=${CMAKE_PREFIX_PATH}:/home/moulik/drone_ws/install/drone_navigation:/home/moulik/drone_ws/install/car_navigation:/opt/ros/humble /usr/bin/cmake --install /home/moulik/drone_ws/build/drone_description
[5.955s] INFO:colcon.colcon_core.shell:Creating environment descriptor '/home/moulik/drone_ws/install/drone_description/share/drone_description/hook/cmake_prefix_path.dsv'
[5.956s] INFO:colcon.colcon_core.shell:Creating environment hook '/home/moulik/drone_ws/install/drone_description/share/drone_description/hook/cmake_prefix_path.sh'
[5.964s] Level 1:colcon.colcon_core.environment:checking '/home/moulik/drone_ws/install/drone_description/bin'
[5.964s] Level 1:colcon.colcon_core.environment:checking '/home/moulik/drone_ws/install/drone_description/lib/pkgconfig/drone_description.pc'
[5.964s] Level 1:colcon.colcon_core.environment:checking '/home/moulik/drone_ws/install/drone_description/lib/python3.10/site-packages'
[5.964s] Level 1:colcon.colcon_core.environment:checking '/home/moulik/drone_ws/install/drone_description/bin'
[5.965s] INFO:colcon.colcon_core.shell:Creating package script '/home/moulik/drone_ws/install/drone_description/share/drone_description/package.ps1'
[5.967s] INFO:colcon.colcon_core.shell:Creating package descriptor '/home/moulik/drone_ws/install/drone_description/share/drone_description/package.dsv'
[5.967s] INFO:colcon.colcon_core.shell:Creating package script '/home/moulik/drone_ws/install/drone_description/share/drone_description/package.sh'
[5.968s] INFO:colcon.colcon_core.shell:Creating package script '/home/moulik/drone_ws/install/drone_description/share/drone_description/package.bash'
[5.968s] INFO:colcon.colcon_core.shell:Creating package script '/home/moulik/drone_ws/install/drone_description/share/drone_description/package.zsh'
[5.969s] Level 1:colcon.colcon_core.environment:create_file_with_runtime_dependencies(/home/moulik/drone_ws/install/drone_description/share/colcon-core/packages/drone_description)
[5.969s] Level 1:colcon.colcon_core.environment:create_environment_scripts_only(drone_description)
[5.970s] Level 1:colcon.colcon_core.environment:checking '/home/moulik/drone_ws/install/drone_description' for CMake module files
[5.970s] Level 1:colcon.colcon_core.environment:checking '/home/moulik/drone_ws/install/drone_description' for CMake config files
[5.970s] Level 1:colcon.colcon_core.shell:create_environment_hook('drone_description', 'cmake_prefix_path')
[5.970s] INFO:colcon.colcon_core.shell:Creating environment hook '/home/moulik/drone_ws/install/drone_description/share/drone_description/hook/cmake_prefix_path.ps1'
[5.971s] INFO:colcon.colcon_core.shell:Creating environment descriptor '/home/moulik/drone_ws/install/drone_description/share/drone_description/hook/cmake_prefix_path.dsv'
[5.974s] INFO:colcon.colcon_core.shell:Creating environment hook '/home/moulik/drone_ws/install/drone_description/share/drone_description/hook/cmake_prefix_path.sh'
[5.974s] Level 1:colcon.colcon_core.environment:checking '/home/moulik/drone_ws/install/drone_description/bin'
[5.974s] Level 1:colcon.colcon_core.environment:checking '/home/moulik/drone_ws/install/drone_description/lib/pkgconfig/drone_description.pc'
[5.975s] Level 1:colcon.colcon_core.environment:checking '/home/moulik/drone_ws/install/drone_description/lib/python3.10/site-packages'
[5.975s] Level 1:colcon.colcon_core.environment:checking '/home/moulik/drone_ws/install/drone_description/bin'
[5.975s] INFO:colcon.colcon_core.shell:Creating package script '/home/moulik/drone_ws/install/drone_description/share/drone_description/package.ps1'
[5.977s] INFO:colcon.colcon_core.shell:Creating package descriptor '/home/moulik/drone_ws/install/drone_description/share/drone_description/package.dsv'
[5.979s] INFO:colcon.colcon_core.shell:Creating package script '/home/moulik/drone_ws/install/drone_description/share/drone_description/package.sh'
[5.980s] INFO:colcon.colcon_core.shell:Creating package script '/home/moulik/drone_ws/install/drone_description/share/drone_description/package.bash'
[5.982s] INFO:colcon.colcon_core.shell:Creating package script '/home/moulik/drone_ws/install/drone_description/share/drone_description/package.zsh'
[5.984s] Level 1:colcon.colcon_core.environment:create_file_with_runtime_dependencies(/home/moulik/drone_ws/install/drone_description/share/colcon-core/packages/drone_description)
[5.985s] INFO:colcon.colcon_ros.task.ament_python.build:Building ROS package in '/home/moulik/drone_ws/src/drone_navigation' with build type 'ament_python'
[5.985s] Level 1:colcon.colcon_core.shell:create_environment_hook('drone_navigation', 'ament_prefix_path')
[5.985s] INFO:colcon.colcon_core.shell:Creating environment hook '/home/moulik/drone_ws/install/drone_navigation/share/drone_navigation/hook/ament_prefix_path.ps1'
[5.990s] INFO:colcon.colcon_core.shell:Creating environment descriptor '/home/moulik/drone_ws/install/drone_navigation/share/drone_navigation/hook/ament_prefix_path.dsv'
[5.991s] INFO:colcon.colcon_core.shell:Creating environment hook '/home/moulik/drone_ws/install/drone_navigation/share/drone_navigation/hook/ament_prefix_path.sh'
[5.996s] INFO:colcon.colcon_core.shell:Skip shell extension 'powershell' for command environment: Not usable outside of PowerShell
[5.996s] DEBUG:colcon.colcon_core.shell:Skip shell extension 'dsv' for command environment
[6.532s] INFO:colcon.colcon_core.task.python.build:Building Python package in '/home/moulik/drone_ws/src/drone_navigation'
[6.532s] INFO:colcon.colcon_core.shell:Skip shell extension 'powershell' for command environment: Not usable outside of PowerShell
[6.533s] DEBUG:colcon.colcon_core.shell:Skip shell extension 'dsv' for command environment
[7.239s] DEBUG:colcon.colcon_core.event_handler.log_command:Invoking command in '/home/moulik/drone_ws/src/drone_navigation': PYTHONPATH=/home/moulik/drone_ws/build/drone_navigation/prefix_override:/usr/lib/python3/dist-packages/colcon_core/task/python/colcon_distutils_commands:/home/moulik/drone_ws/install/drone_navigation/lib/python3.10/site-packages:${PYTHONPATH} /usr/bin/python3 -W ignore:setup.py install is deprecated -W ignore:easy_install command is deprecated setup.py egg_info --egg-base ../../build/drone_navigation build --build-base /home/moulik/drone_ws/build/drone_navigation/build install --record /home/moulik/drone_ws/build/drone_navigation/install.log --single-version-externally-managed install_data
[7.836s] Level 1:colcon.colcon_core.environment:checking '/home/moulik/drone_ws/install/drone_navigation' for CMake module files
[7.836s] DEBUG:colcon.colcon_core.event_handler.log_command:Invoked command in '/home/moulik/drone_ws/src/drone_navigation' returned '0': PYTHONPATH=/home/moulik/drone_ws/build/drone_navigation/prefix_override:/usr/lib/python3/dist-packages/colcon_core/task/python/colcon_distutils_commands:/home/moulik/drone_ws/install/drone_navigation/lib/python3.10/site-packages:${PYTHONPATH} /usr/bin/python3 -W ignore:setup.py install is deprecated -W ignore:easy_install command is deprecated setup.py egg_info --egg-base ../../build/drone_navigation build --build-base /home/moulik/drone_ws/build/drone_navigation/build install --record /home/moulik/drone_ws/build/drone_navigation/install.log --single-version-externally-managed install_data
[7.837s] Level 1:colcon.colcon_core.environment:checking '/home/moulik/drone_ws/install/drone_navigation' for CMake config files
[7.840s] Level 1:colcon.colcon_core.environment:checking '/home/moulik/drone_ws/install/drone_navigation/lib'
[7.840s] Level 1:colcon.colcon_core.environment:checking '/home/moulik/drone_ws/install/drone_navigation/bin'
[7.840s] Level 1:colcon.colcon_core.environment:checking '/home/moulik/drone_ws/install/drone_navigation/lib/pkgconfig/drone_navigation.pc'
[7.840s] Level 1:colcon.colcon_core.environment:checking '/home/moulik/drone_ws/install/drone_navigation/lib/python3.10/site-packages'
[7.840s] Level 1:colcon.colcon_core.shell:create_environment_hook('drone_navigation', 'pythonpath')
[7.840s] INFO:colcon.colcon_core.shell:Creating environment hook '/home/moulik/drone_ws/install/drone_navigation/share/drone_navigation/hook/pythonpath.ps1'
[7.844s] INFO:colcon.colcon_core.shell:Creating environment descriptor '/home/moulik/drone_ws/install/drone_navigation/share/drone_navigation/hook/pythonpath.dsv'
[7.845s] INFO:colcon.colcon_core.shell:Creating environment hook '/home/moulik/drone_ws/install/drone_navigation/share/drone_navigation/hook/pythonpath.sh'
[7.848s] Level 1:colcon.colcon_core.environment:checking '/home/moulik/drone_ws/install/drone_navigation/bin'
[7.848s] Level 1:colcon.colcon_core.environment:create_environment_scripts_only(drone_navigation)
[7.849s] INFO:colcon.colcon_core.shell:Creating package script '/home/moulik/drone_ws/install/drone_navigation/share/drone_navigation/package.ps1'
[7.851s] INFO:colcon.colcon_core.shell:Creating package descriptor '/home/moulik/drone_ws/install/drone_navigation/share/drone_navigation/package.dsv'
[7.853s] INFO:colcon.colcon_core.shell:Creating package script '/home/moulik/drone_ws/install/drone_navigation/share/drone_navigation/package.sh'
[7.855s] INFO:colcon.colcon_core.shell:Creating package script '/home/moulik/drone_ws/install/drone_navigation/share/drone_navigation/package.bash'
[7.855s] INFO:colcon.colcon_core.shell:Creating package script '/home/moulik/drone_ws/install/drone_navigation/share/drone_navigation/package.zsh'
[7.857s] Level 1:colcon.colcon_core.environment:create_file_with_runtime_dependencies(/home/moulik/drone_ws/install/drone_navigation/share/colcon-core/packages/drone_navigation)
[7.861s] DEBUG:colcon.colcon_parallel_executor.executor.parallel:closing loop
[7.862s] DEBUG:colcon.colcon_parallel_executor.executor.parallel:loop closed
[7.862s] DEBUG:colcon.colcon_parallel_executor.executor.parallel:run_until_complete finished with '0'
[7.862s] DEBUG:colcon.colcon_core.event_reactor:joining thread
[7.898s] INFO:colcon.colcon_core.plugin_system:Skipping extension 'colcon_notification.desktop_notification.terminal_notifier': Not used on non-Darwin systems
[7.898s] INFO:colcon.colcon_core.plugin_system:Skipping extension 'colcon_notification.desktop_notification.win32': Not used on non-Windows systems
[7.898s] INFO:colcon.colcon_notification.desktop_notification:Sending desktop notification using 'notify2'
[8.196s] DEBUG:colcon.colcon_core.event_reactor:joined thread
[8.196s] INFO:colcon.colcon_core.shell:Creating prefix script '/home/moulik/drone_ws/install/local_setup.ps1'
[8.203s] INFO:colcon.colcon_core.shell:Creating prefix util module '/home/moulik/drone_ws/install/_local_setup_util_ps1.py'
[8.216s] INFO:colcon.colcon_core.shell:Creating prefix chain script '/home/moulik/drone_ws/install/setup.ps1'
[8.220s] INFO:colcon.colcon_core.shell:Creating prefix script '/home/moulik/drone_ws/install/local_setup.sh'
[8.223s] INFO:colcon.colcon_core.shell:Creating prefix util module '/home/moulik/drone_ws/install/_local_setup_util_sh.py'
[8.225s] INFO:colcon.colcon_core.shell:Creating prefix chain script '/home/moulik/drone_ws/install/setup.sh'
[8.230s] INFO:colcon.colcon_core.shell:Creating prefix script '/home/moulik/drone_ws/install/local_setup.bash'
[8.234s] INFO:colcon.colcon_core.shell:Creating prefix chain script '/home/moulik/drone_ws/install/setup.bash'
[8.238s] INFO:colcon.colcon_core.shell:Creating prefix script '/home/moulik/drone_ws/install/local_setup.zsh'
[8.240s] INFO:colcon.colcon_core.shell:Creating prefix chain script '/home/moulik/drone_ws/install/setup.zsh'
