[0.043s] Invoking command in '/home/moulik/drone_ws/build/drone_sim': CMAKE_PREFIX_PATH=/home/moulik/drone_ws/install/drone_sim:/opt/ros/humble /usr/bin/cmake /home/moulik/drone_ws/src/drone_sim -DCMAKE_INSTALL_PREFIX=/home/moulik/drone_ws/install/drone_sim
[0.434s] -- DEBUG: Installing launch folder!
[0.973s] -- The C compiler identification is GNU 11.4.0
[1.245s] -- The CXX compiler identification is GNU 11.4.0
[1.269s] -- Detecting C compiler ABI info
[1.388s] -- Detecting C compiler ABI info - done
[1.394s] -- Check for working C compiler: /usr/bin/cc - skipped
[1.396s] -- Detecting C compile features
[1.398s] -- Detecting C compile features - done
[1.404s] -- Detecting CXX compiler ABI info
[1.525s] -- Detecting CXX compiler ABI info - done
[1.532s] -- Check for working CXX compiler: /usr/bin/c++ - skipped
[1.532s] -- Detecting CXX compile features
[1.532s] -- Detecting CXX compile features - done
[1.563s] -- Found ament_cmake: 1.3.11 (/opt/ros/humble/share/ament_cmake/cmake)
[1.724s] -- Found Python3: /usr/bin/python3 (found version "3.10.12") found components: Interpreter 
[1.965s] -- Found rclpy: 3.3.15 (/opt/ros/humble/share/rclpy/cmake)
[2.051s] -- Configuring done
[2.051s] -- Generating done
[2.054s] -- Build files have been written to: /home/moulik/drone_ws/build/drone_sim
[2.062s] Invoked command in '/home/moulik/drone_ws/build/drone_sim' returned '0': CMAKE_PREFIX_PATH=/home/moulik/drone_ws/install/drone_sim:/opt/ros/humble /usr/bin/cmake /home/moulik/drone_ws/src/drone_sim -DCMAKE_INSTALL_PREFIX=/home/moulik/drone_ws/install/drone_sim
[2.062s] Invoking command in '/home/moulik/drone_ws/build/drone_sim': CMAKE_PREFIX_PATH=/home/moulik/drone_ws/install/drone_sim:/opt/ros/humble /usr/bin/cmake --build /home/moulik/drone_ws/build/drone_sim -- -j1 -l1
[2.116s] Invoked command in '/home/moulik/drone_ws/build/drone_sim' returned '0': CMAKE_PREFIX_PATH=/home/moulik/drone_ws/install/drone_sim:/opt/ros/humble /usr/bin/cmake --build /home/moulik/drone_ws/build/drone_sim -- -j1 -l1
[2.127s] Invoking command in '/home/moulik/drone_ws/build/drone_sim': CMAKE_PREFIX_PATH=/home/moulik/drone_ws/install/drone_sim:/opt/ros/humble /usr/bin/cmake --install /home/moulik/drone_ws/build/drone_sim
[2.137s] -- Install configuration: ""
[2.137s] -- Installing: /home/moulik/drone_ws/install/drone_sim/lib/drone_sim/simple_control.py
[2.138s] -- Installing: /home/moulik/drone_ws/install/drone_sim/share/drone_sim
[2.139s] -- Installing: /home/moulik/drone_ws/install/drone_sim/share/drone_sim/sim_world.launch.py
[2.140s] -- Installing: /home/moulik/drone_ws/install/drone_sim/share/ament_index/resource_index/package_run_dependencies/drone_sim
[2.141s] -- Installing: /home/moulik/drone_ws/install/drone_sim/share/ament_index/resource_index/parent_prefix_path/drone_sim
[2.141s] -- Installing: /home/moulik/drone_ws/install/drone_sim/share/drone_sim/environment/ament_prefix_path.sh
[2.141s] -- Installing: /home/moulik/drone_ws/install/drone_sim/share/drone_sim/environment/ament_prefix_path.dsv
[2.141s] -- Installing: /home/moulik/drone_ws/install/drone_sim/share/drone_sim/environment/path.sh
[2.141s] -- Installing: /home/moulik/drone_ws/install/drone_sim/share/drone_sim/environment/path.dsv
[2.142s] -- Installing: /home/moulik/drone_ws/install/drone_sim/share/drone_sim/local_setup.bash
[2.142s] -- Installing: /home/moulik/drone_ws/install/drone_sim/share/drone_sim/local_setup.sh
[2.142s] -- Installing: /home/moulik/drone_ws/install/drone_sim/share/drone_sim/local_setup.zsh
[2.142s] -- Installing: /home/moulik/drone_ws/install/drone_sim/share/drone_sim/local_setup.dsv
[2.142s] -- Installing: /home/moulik/drone_ws/install/drone_sim/share/drone_sim/package.dsv
[2.142s] -- Installing: /home/moulik/drone_ws/install/drone_sim/share/ament_index/resource_index/packages/drone_sim
[2.143s] -- Installing: /home/moulik/drone_ws/install/drone_sim/share/drone_sim/cmake/drone_simConfig.cmake
[2.143s] -- Installing: /home/moulik/drone_ws/install/drone_sim/share/drone_sim/cmake/drone_simConfig-version.cmake
[2.144s] -- Installing: /home/moulik/drone_ws/install/drone_sim/share/drone_sim/package.xml
[2.145s] Invoked command in '/home/moulik/drone_ws/build/drone_sim' returned '0': CMAKE_PREFIX_PATH=/home/moulik/drone_ws/install/drone_sim:/opt/ros/humble /usr/bin/cmake --install /home/moulik/drone_ws/build/drone_sim
