[2.042s] Invoking command in '/home/moulik/drone_ws/src/drone_navigation': PYTHONPATH=/home/moulik/drone_ws/build/car_navigation/prefix_override:/usr/lib/python3/dist-packages/colcon_core/task/python/colcon_distutils_commands:/home/moulik/drone_ws/install/car_navigation/lib/python3.10/site-packages:${PYTHONPATH} /usr/bin/python3 -W ignore:setup.py install is deprecated -W ignore:easy_install command is deprecated setup.py egg_info --egg-base ../../build/car_navigation build --build-base /home/moulik/drone_ws/build/car_navigation/build install --record /home/moulik/drone_ws/build/car_navigation/install.log --single-version-externally-managed install_data
[2.302s] running egg_info
[2.305s] creating ../../build/car_navigation/drone_navigation.egg-info
[2.305s] writing ../../build/car_navigation/drone_navigation.egg-info/PKG-INFO
[2.306s] writing dependency_links to ../../build/car_navigation/drone_navigation.egg-info/dependency_links.txt
[2.307s] writing entry points to ../../build/car_navigation/drone_navigation.egg-info/entry_points.txt
[2.308s] writing requirements to ../../build/car_navigation/drone_navigation.egg-info/requires.txt
[2.308s] writing top-level names to ../../build/car_navigation/drone_navigation.egg-info/top_level.txt
[2.308s] writing manifest file '../../build/car_navigation/drone_navigation.egg-info/SOURCES.txt'
[2.310s] reading manifest file '../../build/car_navigation/drone_navigation.egg-info/SOURCES.txt'
[2.312s] writing manifest file '../../build/car_navigation/drone_navigation.egg-info/SOURCES.txt'
[2.313s] running build
[2.313s] running build_py
[2.314s] creating /home/moulik/drone_ws/build/car_navigation/build/lib/drone_navigation
[2.314s] copying drone_navigation/obstacle_avoidance.py -> /home/moulik/drone_ws/build/car_navigation/build/lib/drone_navigation
[2.316s] copying drone_navigation/__init__.py -> /home/moulik/drone_ws/build/car_navigation/build/lib/drone_navigation
[2.317s] running install
[2.317s] running install_lib
[2.319s] creating /home/moulik/drone_ws/install/car_navigation/lib/python3.10/site-packages/drone_navigation
[2.320s] copying /home/moulik/drone_ws/build/car_navigation/build/lib/drone_navigation/obstacle_avoidance.py -> /home/moulik/drone_ws/install/car_navigation/lib/python3.10/site-packages/drone_navigation
[2.320s] copying /home/moulik/drone_ws/build/car_navigation/build/lib/drone_navigation/__init__.py -> /home/moulik/drone_ws/install/car_navigation/lib/python3.10/site-packages/drone_navigation
[2.321s] byte-compiling /home/moulik/drone_ws/install/car_navigation/lib/python3.10/site-packages/drone_navigation/obstacle_avoidance.py to obstacle_avoidance.cpython-310.pyc
[2.325s] byte-compiling /home/moulik/drone_ws/install/car_navigation/lib/python3.10/site-packages/drone_navigation/__init__.py to __init__.cpython-310.pyc
[2.325s] running install_data
[2.325s] copying resource/drone_navigation -> /home/moulik/drone_ws/install/car_navigation/share/ament_index/resource_index/packages
[2.326s] creating /home/moulik/drone_ws/install/car_navigation/share/drone_navigation
[2.326s] copying package.xml -> /home/moulik/drone_ws/install/car_navigation/share/drone_navigation
[2.328s] running install_egg_info
[2.328s] Copying ../../build/car_navigation/drone_navigation.egg-info to /home/moulik/drone_ws/install/car_navigation/lib/python3.10/site-packages/drone_navigation-0.0.0-py3.10.egg-info
[2.331s] running install_scripts
[2.372s] Installing obstacle_avoidance script to /home/moulik/drone_ws/install/car_navigation/lib/car_navigation
[2.373s] writing list of installed files to '/home/moulik/drone_ws/build/car_navigation/install.log'
[2.430s] Invoked command in '/home/moulik/drone_ws/src/drone_navigation' returned '0': PYTHONPATH=/home/moulik/drone_ws/build/car_navigation/prefix_override:/usr/lib/python3/dist-packages/colcon_core/task/python/colcon_distutils_commands:/home/moulik/drone_ws/install/car_navigation/lib/python3.10/site-packages:${PYTHONPATH} /usr/bin/python3 -W ignore:setup.py install is deprecated -W ignore:easy_install command is deprecated setup.py egg_info --egg-base ../../build/car_navigation build --build-base /home/moulik/drone_ws/build/car_navigation/build install --record /home/moulik/drone_ws/build/car_navigation/install.log --single-version-externally-managed install_data
