[1.530s] Invoking command in '/home/moulik/drone_ws/src/drone_navigation': PYTHONPATH=/home/moulik/drone_ws/build/drone_navigation/prefix_override:/usr/lib/python3/dist-packages/colcon_core/task/python/colcon_distutils_commands:/home/moulik/drone_ws/install/drone_navigation/lib/python3.10/site-packages:${PYTHONPATH} /usr/bin/python3 -W ignore:setup.py install is deprecated -W ignore:easy_install command is deprecated setup.py egg_info --egg-base ../../build/drone_navigation build --build-base /home/moulik/drone_ws/build/drone_navigation/build install --record /home/moulik/drone_ws/build/drone_navigation/install.log --single-version-externally-managed install_data
[2.033s] running egg_info
[2.041s] writing ../../build/drone_navigation/drone_navigation.egg-info/PKG-INFO
[2.043s] writing dependency_links to ../../build/drone_navigation/drone_navigation.egg-info/dependency_links.txt
[2.045s] writing entry points to ../../build/drone_navigation/drone_navigation.egg-info/entry_points.txt
[2.047s] writing requirements to ../../build/drone_navigation/drone_navigation.egg-info/requires.txt
[2.051s] writing top-level names to ../../build/drone_navigation/drone_navigation.egg-info/top_level.txt
[2.065s] reading manifest file '../../build/drone_navigation/drone_navigation.egg-info/SOURCES.txt'
[2.070s] writing manifest file '../../build/drone_navigation/drone_navigation.egg-info/SOURCES.txt'
[2.073s] running build
[2.073s] running build_py
[2.089s] copying drone_navigation/navigation_node.py -> /home/moulik/drone_ws/build/drone_navigation/build/lib/drone_navigation
[2.089s] copying drone_navigation/__init__.py -> /home/moulik/drone_ws/build/drone_navigation/build/lib/drone_navigation
[2.089s] running install
[2.089s] running install_lib
[2.092s] copying /home/moulik/drone_ws/build/drone_navigation/build/lib/drone_navigation/navigation_node.py -> /home/moulik/drone_ws/install/drone_navigation/lib/python3.10/site-packages/drone_navigation
[2.092s] copying /home/moulik/drone_ws/build/drone_navigation/build/lib/drone_navigation/__init__.py -> /home/moulik/drone_ws/install/drone_navigation/lib/python3.10/site-packages/drone_navigation
[2.096s] byte-compiling /home/moulik/drone_ws/install/drone_navigation/lib/python3.10/site-packages/drone_navigation/navigation_node.py to navigation_node.cpython-310.pyc
[2.097s] byte-compiling /home/moulik/drone_ws/install/drone_navigation/lib/python3.10/site-packages/drone_navigation/__init__.py to __init__.cpython-310.pyc
[2.099s] running install_data
[2.099s] copying resource/drone_navigation -> /home/moulik/drone_ws/install/drone_navigation/share/ament_index/resource_index/packages
[2.107s] copying package.xml -> /home/moulik/drone_ws/install/drone_navigation/share/drone_navigation
[2.132s] running install_egg_info
[2.132s] removing '/home/moulik/drone_ws/install/drone_navigation/lib/python3.10/site-packages/drone_navigation-0.0.0-py3.10.egg-info' (and everything under it)
[2.132s] Copying ../../build/drone_navigation/drone_navigation.egg-info to /home/moulik/drone_ws/install/drone_navigation/lib/python3.10/site-packages/drone_navigation-0.0.0-py3.10.egg-info
[2.144s] running install_scripts
[2.179s] Installing navigation_node script to /home/moulik/drone_ws/install/drone_navigation/lib/drone_navigation
[2.182s] writing list of installed files to '/home/moulik/drone_ws/build/drone_navigation/install.log'
[2.257s] Invoked command in '/home/moulik/drone_ws/src/drone_navigation' returned '0': PYTHONPATH=/home/moulik/drone_ws/build/drone_navigation/prefix_override:/usr/lib/python3/dist-packages/colcon_core/task/python/colcon_distutils_commands:/home/moulik/drone_ws/install/drone_navigation/lib/python3.10/site-packages:${PYTHONPATH} /usr/bin/python3 -W ignore:setup.py install is deprecated -W ignore:easy_install command is deprecated setup.py egg_info --egg-base ../../build/drone_navigation build --build-base /home/moulik/drone_ws/build/drone_navigation/build install --record /home/moulik/drone_ws/build/drone_navigation/install.log --single-version-externally-managed install_data
