[1.332s] DEBUG:colcon:Command line arguments: ['/usr/bin/colcon', 'build']
[1.332s] DEBUG:colcon:Parsed command line arguments: Namespace(log_base=None, log_level=None, verb_name='build', build_base='build', install_base='install', merge_install=False, symlink_install=False, test_result_base=None, continue_on_error=False, executor='parallel', parallel_workers=1, event_handlers=None, ignore_user_meta=False, metas=['./colcon.meta'], base_paths=['.'], packages_ignore=None, packages_ignore_regex=None, paths=None, packages_up_to=None, packages_up_to_regex=None, packages_above=None, packages_above_and_dependencies=None, packages_above_depth=None, packages_select_by_dep=None, packages_skip_by_dep=None, packages_skip_up_to=None, packages_select_build_failed=False, packages_skip_build_finished=False, packages_select_test_failures=False, packages_skip_test_passed=False, packages_select=None, packages_skip=None, packages_select_regex=None, packages_skip_regex=None, packages_start=None, packages_end=None, allow_overriding=[], cmake_args=None, cmake_target=None, cmake_target_skip_unavailable=False, cmake_clean_cache=False, cmake_clean_first=False, cmake_force_configure=False, ament_cmake_args=None, catkin_cmake_args=None, catkin_skip_building_tests=False, mixin_files=None, mixin=None, verb_parser=<colcon_mixin.mixin.mixin_argument.MixinArgumentDecorator object at 0x79cbc0772bc0>, verb_extension=<colcon_core.verb.build.BuildVerb object at 0x79cbc0772710>, main=<bound method BuildVerb.main of <colcon_core.verb.build.BuildVerb object at 0x79cbc0772710>>, mixin_verb=('build',))
[2.448s] Level 1:colcon.colcon_core.package_discovery:discover_packages(colcon_meta) check parameters
[2.448s] Level 1:colcon.colcon_core.package_discovery:discover_packages(recursive) check parameters
[2.448s] Level 1:colcon.colcon_core.package_discovery:discover_packages(ignore) check parameters
[2.448s] Level 1:colcon.colcon_core.package_discovery:discover_packages(path) check parameters
[2.448s] Level 1:colcon.colcon_core.package_discovery:discover_packages(colcon_meta) discover
[2.448s] Level 1:colcon.colcon_core.package_discovery:discover_packages(recursive) discover
[2.448s] INFO:colcon.colcon_core.package_discovery:Crawling recursively for packages in '/home/moulik/drone_ws'
[2.448s] Level 1:colcon.colcon_core.package_identification:_identify(.) by extensions ['ignore', 'ignore_ament_install']
[2.448s] Level 1:colcon.colcon_core.package_identification:_identify(.) by extension 'ignore'
[2.448s] Level 1:colcon.colcon_core.package_identification:_identify(.) by extension 'ignore_ament_install'
[2.448s] Level 1:colcon.colcon_core.package_identification:_identify(.) by extensions ['colcon_pkg']
[2.448s] Level 1:colcon.colcon_core.package_identification:_identify(.) by extension 'colcon_pkg'
[2.448s] Level 1:colcon.colcon_core.package_identification:_identify(.) by extensions ['colcon_meta']
[2.448s] Level 1:colcon.colcon_core.package_identification:_identify(.) by extension 'colcon_meta'
[2.448s] Level 1:colcon.colcon_core.package_identification:_identify(.) by extensions ['ros']
[2.448s] Level 1:colcon.colcon_core.package_identification:_identify(.) by extension 'ros'
[2.499s] Level 1:colcon.colcon_core.package_identification:_identify(.) by extensions ['cmake', 'python']
[2.499s] Level 1:colcon.colcon_core.package_identification:_identify(.) by extension 'cmake'
[2.499s] Level 1:colcon.colcon_core.package_identification:_identify(.) by extension 'python'
[2.499s] Level 1:colcon.colcon_core.package_identification:_identify(.) by extensions ['python_setup_py']
[2.499s] Level 1:colcon.colcon_core.package_identification:_identify(.) by extension 'python_setup_py'
[2.499s] Level 1:colcon.colcon_core.package_identification:_identify(build) by extensions ['ignore', 'ignore_ament_install']
[2.499s] Level 1:colcon.colcon_core.package_identification:_identify(build) by extension 'ignore'
[2.499s] Level 1:colcon.colcon_core.package_identification:_identify(build) ignored
[2.499s] Level 1:colcon.colcon_core.package_identification:_identify(install) by extensions ['ignore', 'ignore_ament_install']
[2.499s] Level 1:colcon.colcon_core.package_identification:_identify(install) by extension 'ignore'
[2.499s] Level 1:colcon.colcon_core.package_identification:_identify(install) ignored
[2.499s] Level 1:colcon.colcon_core.package_identification:_identify(log) by extensions ['ignore', 'ignore_ament_install']
[2.500s] Level 1:colcon.colcon_core.package_identification:_identify(log) by extension 'ignore'
[2.500s] Level 1:colcon.colcon_core.package_identification:_identify(log) ignored
[2.510s] Level 1:colcon.colcon_core.package_identification:_identify(src) by extensions ['ignore', 'ignore_ament_install']
[2.510s] Level 1:colcon.colcon_core.package_identification:_identify(src) by extension 'ignore'
[2.510s] Level 1:colcon.colcon_core.package_identification:_identify(src) by extension 'ignore_ament_install'
[2.510s] Level 1:colcon.colcon_core.package_identification:_identify(src) by extensions ['colcon_pkg']
[2.510s] Level 1:colcon.colcon_core.package_identification:_identify(src) by extension 'colcon_pkg'
[2.514s] Level 1:colcon.colcon_core.package_identification:_identify(src) by extensions ['colcon_meta']
[2.514s] Level 1:colcon.colcon_core.package_identification:_identify(src) by extension 'colcon_meta'
[2.514s] Level 1:colcon.colcon_core.package_identification:_identify(src) by extensions ['ros']
[2.514s] Level 1:colcon.colcon_core.package_identification:_identify(src) by extension 'ros'
[2.514s] Level 1:colcon.colcon_core.package_identification:_identify(src) by extensions ['cmake', 'python']
[2.514s] Level 1:colcon.colcon_core.package_identification:_identify(src) by extension 'cmake'
[2.514s] Level 1:colcon.colcon_core.package_identification:_identify(src) by extension 'python'
[2.514s] Level 1:colcon.colcon_core.package_identification:_identify(src) by extensions ['python_setup_py']
[2.514s] Level 1:colcon.colcon_core.package_identification:_identify(src) by extension 'python_setup_py'
[2.516s] Level 1:colcon.colcon_core.package_identification:_identify(src/car_navigation) by extensions ['ignore', 'ignore_ament_install']
[2.516s] Level 1:colcon.colcon_core.package_identification:_identify(src/car_navigation) by extension 'ignore'
[2.516s] Level 1:colcon.colcon_core.package_identification:_identify(src/car_navigation) by extension 'ignore_ament_install'
[2.517s] Level 1:colcon.colcon_core.package_identification:_identify(src/car_navigation) by extensions ['colcon_pkg']
[2.517s] Level 1:colcon.colcon_core.package_identification:_identify(src/car_navigation) by extension 'colcon_pkg'
[2.517s] Level 1:colcon.colcon_core.package_identification:_identify(src/car_navigation) by extensions ['colcon_meta']
[2.517s] Level 1:colcon.colcon_core.package_identification:_identify(src/car_navigation) by extension 'colcon_meta'
[2.517s] Level 1:colcon.colcon_core.package_identification:_identify(src/car_navigation) by extensions ['ros']
[2.517s] Level 1:colcon.colcon_core.package_identification:_identify(src/car_navigation) by extension 'ros'
[2.529s] DEBUG:colcon.colcon_core.package_identification:Package 'src/car_navigation' with type 'ros.ament_python' and name 'car_navigation'
[2.534s] Level 1:colcon.colcon_core.package_identification:_identify(src/drone_description) by extensions ['ignore', 'ignore_ament_install']
[2.535s] Level 1:colcon.colcon_core.package_identification:_identify(src/drone_description) by extension 'ignore'
[2.535s] Level 1:colcon.colcon_core.package_identification:_identify(src/drone_description) by extension 'ignore_ament_install'
[2.535s] Level 1:colcon.colcon_core.package_identification:_identify(src/drone_description) by extensions ['colcon_pkg']
[2.535s] Level 1:colcon.colcon_core.package_identification:_identify(src/drone_description) by extension 'colcon_pkg'
[2.535s] Level 1:colcon.colcon_core.package_identification:_identify(src/drone_description) by extensions ['colcon_meta']
[2.535s] Level 1:colcon.colcon_core.package_identification:_identify(src/drone_description) by extension 'colcon_meta'
[2.535s] Level 1:colcon.colcon_core.package_identification:_identify(src/drone_description) by extensions ['ros']
[2.535s] Level 1:colcon.colcon_core.package_identification:_identify(src/drone_description) by extension 'ros'
[2.537s] DEBUG:colcon.colcon_core.package_identification:Package 'src/drone_description' with type 'ros.ament_cmake' and name 'drone_description'
[2.540s] Level 1:colcon.colcon_core.package_identification:_identify(src/indoor_world) by extensions ['ignore', 'ignore_ament_install']
[2.540s] Level 1:colcon.colcon_core.package_identification:_identify(src/indoor_world) by extension 'ignore'
[2.540s] Level 1:colcon.colcon_core.package_identification:_identify(src/indoor_world) by extension 'ignore_ament_install'
[2.540s] Level 1:colcon.colcon_core.package_identification:_identify(src/indoor_world) by extensions ['colcon_pkg']
[2.540s] Level 1:colcon.colcon_core.package_identification:_identify(src/indoor_world) by extension 'colcon_pkg'
[2.540s] Level 1:colcon.colcon_core.package_identification:_identify(src/indoor_world) by extensions ['colcon_meta']
[2.540s] Level 1:colcon.colcon_core.package_identification:_identify(src/indoor_world) by extension 'colcon_meta'
[2.540s] Level 1:colcon.colcon_core.package_identification:_identify(src/indoor_world) by extensions ['ros']
[2.540s] Level 1:colcon.colcon_core.package_identification:_identify(src/indoor_world) by extension 'ros'
[2.541s] Level 1:colcon.colcon_core.package_identification:_identify(src/indoor_world) by extensions ['cmake', 'python']
[2.541s] Level 1:colcon.colcon_core.package_identification:_identify(src/indoor_world) by extension 'cmake'
[2.541s] Level 1:colcon.colcon_core.package_identification:_identify(src/indoor_world) by extension 'python'
[2.541s] Level 1:colcon.colcon_core.package_identification:_identify(src/indoor_world) by extensions ['python_setup_py']
[2.541s] Level 1:colcon.colcon_core.package_identification:_identify(src/indoor_world) by extension 'python_setup_py'
[2.544s] Level 1:colcon.colcon_core.package_identification:_identify(src/log) by extensions ['ignore', 'ignore_ament_install']
[2.544s] Level 1:colcon.colcon_core.package_identification:_identify(src/log) by extension 'ignore'
[2.544s] Level 1:colcon.colcon_core.package_identification:_identify(src/log) ignored
[2.544s] Level 1:colcon.colcon_core.package_discovery:discover_packages(recursive) using defaults
[2.544s] Level 1:colcon.colcon_core.package_discovery:discover_packages(ignore) discover
[2.544s] Level 1:colcon.colcon_core.package_discovery:discover_packages(ignore) using defaults
[2.544s] Level 1:colcon.colcon_core.package_discovery:discover_packages(path) discover
[2.544s] Level 1:colcon.colcon_core.package_discovery:discover_packages(path) using defaults
[2.713s] Level 1:colcon.colcon_core.package_discovery:discover_packages(prefix_path) check parameters
[2.713s] Level 1:colcon.colcon_core.package_discovery:discover_packages(prefix_path) discover
[2.733s] DEBUG:colcon.colcon_installed_package_information.package_discovery:Found 4 installed packages in /home/moulik/drone_ws/install
[2.734s] DEBUG:colcon.colcon_installed_package_information.package_discovery:Found 352 installed packages in /opt/ros/humble
[2.735s] Level 1:colcon.colcon_core.package_discovery:discover_packages(prefix_path) using defaults
[2.880s] Level 5:colcon.colcon_core.verb:set package 'car_navigation' build argument 'cmake_args' from command line to 'None'
[2.880s] Level 5:colcon.colcon_core.verb:set package 'car_navigation' build argument 'cmake_target' from command line to 'None'
[2.880s] Level 5:colcon.colcon_core.verb:set package 'car_navigation' build argument 'cmake_target_skip_unavailable' from command line to 'False'
[2.880s] Level 5:colcon.colcon_core.verb:set package 'car_navigation' build argument 'cmake_clean_cache' from command line to 'False'
[2.880s] Level 5:colcon.colcon_core.verb:set package 'car_navigation' build argument 'cmake_clean_first' from command line to 'False'
[2.880s] Level 5:colcon.colcon_core.verb:set package 'car_navigation' build argument 'cmake_force_configure' from command line to 'False'
[2.880s] Level 5:colcon.colcon_core.verb:set package 'car_navigation' build argument 'ament_cmake_args' from command line to 'None'
[2.880s] Level 5:colcon.colcon_core.verb:set package 'car_navigation' build argument 'catkin_cmake_args' from command line to 'None'
[2.880s] Level 5:colcon.colcon_core.verb:set package 'car_navigation' build argument 'catkin_skip_building_tests' from command line to 'False'
[2.880s] DEBUG:colcon.colcon_core.verb:Building package 'car_navigation' with the following arguments: {'ament_cmake_args': None, 'build_base': '/home/moulik/drone_ws/build/car_navigation', 'catkin_cmake_args': None, 'catkin_skip_building_tests': False, 'cmake_args': None, 'cmake_clean_cache': False, 'cmake_clean_first': False, 'cmake_force_configure': False, 'cmake_target': None, 'cmake_target_skip_unavailable': False, 'install_base': '/home/moulik/drone_ws/install/car_navigation', 'merge_install': False, 'path': '/home/moulik/drone_ws/src/car_navigation', 'symlink_install': False, 'test_result_base': None}
[2.880s] Level 5:colcon.colcon_core.verb:set package 'drone_description' build argument 'cmake_args' from command line to 'None'
[2.880s] Level 5:colcon.colcon_core.verb:set package 'drone_description' build argument 'cmake_target' from command line to 'None'
[2.880s] Level 5:colcon.colcon_core.verb:set package 'drone_description' build argument 'cmake_target_skip_unavailable' from command line to 'False'
[2.880s] Level 5:colcon.colcon_core.verb:set package 'drone_description' build argument 'cmake_clean_cache' from command line to 'False'
[2.880s] Level 5:colcon.colcon_core.verb:set package 'drone_description' build argument 'cmake_clean_first' from command line to 'False'
[2.880s] Level 5:colcon.colcon_core.verb:set package 'drone_description' build argument 'cmake_force_configure' from command line to 'False'
[2.880s] Level 5:colcon.colcon_core.verb:set package 'drone_description' build argument 'ament_cmake_args' from command line to 'None'
[2.880s] Level 5:colcon.colcon_core.verb:set package 'drone_description' build argument 'catkin_cmake_args' from command line to 'None'
[2.880s] Level 5:colcon.colcon_core.verb:set package 'drone_description' build argument 'catkin_skip_building_tests' from command line to 'False'
[2.881s] DEBUG:colcon.colcon_core.verb:Building package 'drone_description' with the following arguments: {'ament_cmake_args': None, 'build_base': '/home/moulik/drone_ws/build/drone_description', 'catkin_cmake_args': None, 'catkin_skip_building_tests': False, 'cmake_args': None, 'cmake_clean_cache': False, 'cmake_clean_first': False, 'cmake_force_configure': False, 'cmake_target': None, 'cmake_target_skip_unavailable': False, 'install_base': '/home/moulik/drone_ws/install/drone_description', 'merge_install': False, 'path': '/home/moulik/drone_ws/src/drone_description', 'symlink_install': False, 'test_result_base': None}
[2.881s] INFO:colcon.colcon_core.executor:Executing jobs using 'parallel' executor
[2.882s] DEBUG:colcon.colcon_parallel_executor.executor.parallel:run_until_complete
[2.883s] INFO:colcon.colcon_ros.task.ament_python.build:Building ROS package in '/home/moulik/drone_ws/src/car_navigation' with build type 'ament_python'
[2.883s] Level 1:colcon.colcon_core.shell:create_environment_hook('car_navigation', 'ament_prefix_path')
[2.943s] INFO:colcon.colcon_core.plugin_system:Skipping extension 'colcon_core.shell.bat': Not used on non-Windows systems
[2.943s] INFO:colcon.colcon_core.shell:Creating environment hook '/home/moulik/drone_ws/install/car_navigation/share/car_navigation/hook/ament_prefix_path.ps1'
[2.949s] INFO:colcon.colcon_core.shell:Creating environment descriptor '/home/moulik/drone_ws/install/car_navigation/share/car_navigation/hook/ament_prefix_path.dsv'
[2.951s] INFO:colcon.colcon_core.shell:Creating environment hook '/home/moulik/drone_ws/install/car_navigation/share/car_navigation/hook/ament_prefix_path.sh'
[2.957s] INFO:colcon.colcon_core.shell:Skip shell extension 'powershell' for command environment: Not usable outside of PowerShell
[2.958s] DEBUG:colcon.colcon_core.shell:Skip shell extension 'dsv' for command environment
[3.950s] INFO:colcon.colcon_core.task.python.build:Building Python package in '/home/moulik/drone_ws/src/car_navigation'
[3.950s] INFO:colcon.colcon_core.shell:Skip shell extension 'powershell' for command environment: Not usable outside of PowerShell
[3.950s] DEBUG:colcon.colcon_core.shell:Skip shell extension 'dsv' for command environment
[6.120s] DEBUG:colcon.colcon_core.event_handler.log_command:Invoking command in '/home/moulik/drone_ws/src/car_navigation': PYTHONPATH=/home/moulik/drone_ws/build/car_navigation/prefix_override:/usr/lib/python3/dist-packages/colcon_core/task/python/colcon_distutils_commands:/home/moulik/drone_ws/install/car_navigation/lib/python3.10/site-packages:${PYTHONPATH} /usr/bin/python3 -W ignore:setup.py install is deprecated -W ignore:easy_install command is deprecated setup.py egg_info --egg-base ../../build/car_navigation build --build-base /home/moulik/drone_ws/build/car_navigation/build install --record /home/moulik/drone_ws/build/car_navigation/install.log --single-version-externally-managed install_data
[6.847s] DEBUG:colcon.colcon_core.event_handler.log_command:Invoked command in '/home/moulik/drone_ws/src/car_navigation' returned '0': PYTHONPATH=/home/moulik/drone_ws/build/car_navigation/prefix_override:/usr/lib/python3/dist-packages/colcon_core/task/python/colcon_distutils_commands:/home/moulik/drone_ws/install/car_navigation/lib/python3.10/site-packages:${PYTHONPATH} /usr/bin/python3 -W ignore:setup.py install is deprecated -W ignore:easy_install command is deprecated setup.py egg_info --egg-base ../../build/car_navigation build --build-base /home/moulik/drone_ws/build/car_navigation/build install --record /home/moulik/drone_ws/build/car_navigation/install.log --single-version-externally-managed install_data
[6.880s] Level 1:colcon.colcon_core.environment:checking '/home/moulik/drone_ws/install/car_navigation' for CMake module files
[6.881s] Level 1:colcon.colcon_core.environment:checking '/home/moulik/drone_ws/install/car_navigation' for CMake config files
[6.881s] Level 1:colcon.colcon_core.environment:checking '/home/moulik/drone_ws/install/car_navigation/lib'
[6.881s] Level 1:colcon.colcon_core.environment:checking '/home/moulik/drone_ws/install/car_navigation/bin'
[6.881s] Level 1:colcon.colcon_core.environment:checking '/home/moulik/drone_ws/install/car_navigation/lib/pkgconfig/car_navigation.pc'
[6.882s] Level 1:colcon.colcon_core.environment:checking '/home/moulik/drone_ws/install/car_navigation/lib/python3.10/site-packages'
[6.882s] Level 1:colcon.colcon_core.shell:create_environment_hook('car_navigation', 'pythonpath')
[6.882s] INFO:colcon.colcon_core.shell:Creating environment hook '/home/moulik/drone_ws/install/car_navigation/share/car_navigation/hook/pythonpath.ps1'
[6.892s] INFO:colcon.colcon_core.shell:Creating environment descriptor '/home/moulik/drone_ws/install/car_navigation/share/car_navigation/hook/pythonpath.dsv'
[6.905s] INFO:colcon.colcon_core.shell:Creating environment hook '/home/moulik/drone_ws/install/car_navigation/share/car_navigation/hook/pythonpath.sh'
[6.918s] Level 1:colcon.colcon_core.environment:checking '/home/moulik/drone_ws/install/car_navigation/bin'
[6.918s] Level 1:colcon.colcon_core.environment:create_environment_scripts_only(car_navigation)
[6.919s] INFO:colcon.colcon_core.shell:Creating package script '/home/moulik/drone_ws/install/car_navigation/share/car_navigation/package.ps1'
[6.923s] INFO:colcon.colcon_core.shell:Creating package descriptor '/home/moulik/drone_ws/install/car_navigation/share/car_navigation/package.dsv'
[6.925s] INFO:colcon.colcon_core.shell:Creating package script '/home/moulik/drone_ws/install/car_navigation/share/car_navigation/package.sh'
[6.927s] INFO:colcon.colcon_core.shell:Creating package script '/home/moulik/drone_ws/install/car_navigation/share/car_navigation/package.bash'
[6.937s] INFO:colcon.colcon_core.shell:Creating package script '/home/moulik/drone_ws/install/car_navigation/share/car_navigation/package.zsh'
[6.949s] Level 1:colcon.colcon_core.environment:create_file_with_runtime_dependencies(/home/moulik/drone_ws/install/car_navigation/share/colcon-core/packages/car_navigation)
[6.953s] INFO:colcon.colcon_ros.task.ament_cmake.build:Building ROS package in '/home/moulik/drone_ws/src/drone_description' with build type 'ament_cmake'
[6.953s] INFO:colcon.colcon_cmake.task.cmake.build:Building CMake package in '/home/moulik/drone_ws/src/drone_description'
[6.954s] INFO:colcon.colcon_core.shell:Skip shell extension 'powershell' for command environment: Not usable outside of PowerShell
[6.954s] DEBUG:colcon.colcon_core.shell:Skip shell extension 'dsv' for command environment
[7.012s] DEBUG:colcon.colcon_core.event_handler.log_command:Invoking command in '/home/moulik/drone_ws/build/drone_description': CMAKE_PREFIX_PATH=${CMAKE_PREFIX_PATH}:/home/moulik/drone_ws/install/drone_navigation:/home/moulik/drone_ws/install/car_navigation:/opt/ros/humble /usr/bin/cmake --build /home/moulik/drone_ws/build/drone_description -- -j1 -l1
[7.457s] DEBUG:colcon.colcon_core.event_handler.log_command:Invoked command in '/home/moulik/drone_ws/build/drone_description' returned '0': CMAKE_PREFIX_PATH=${CMAKE_PREFIX_PATH}:/home/moulik/drone_ws/install/drone_navigation:/home/moulik/drone_ws/install/car_navigation:/opt/ros/humble /usr/bin/cmake --build /home/moulik/drone_ws/build/drone_description -- -j1 -l1
[7.498s] DEBUG:colcon.colcon_core.event_handler.log_command:Invoking command in '/home/moulik/drone_ws/build/drone_description': CMAKE_PREFIX_PATH=${CMAKE_PREFIX_PATH}:/home/moulik/drone_ws/install/drone_navigation:/home/moulik/drone_ws/install/car_navigation:/opt/ros/humble /usr/bin/cmake --install /home/moulik/drone_ws/build/drone_description
[7.663s] Level 1:colcon.colcon_core.environment:create_environment_scripts_only(drone_description)
[7.663s] Level 1:colcon.colcon_core.environment:checking '/home/moulik/drone_ws/install/drone_description' for CMake module files
[7.664s] Level 1:colcon.colcon_core.environment:checking '/home/moulik/drone_ws/install/drone_description' for CMake config files
[7.664s] Level 1:colcon.colcon_core.shell:create_environment_hook('drone_description', 'cmake_prefix_path')
[7.664s] INFO:colcon.colcon_core.shell:Creating environment hook '/home/moulik/drone_ws/install/drone_description/share/drone_description/hook/cmake_prefix_path.ps1'
[7.672s] DEBUG:colcon.colcon_core.event_handler.log_command:Invoked command in '/home/moulik/drone_ws/build/drone_description' returned '0': CMAKE_PREFIX_PATH=${CMAKE_PREFIX_PATH}:/home/moulik/drone_ws/install/drone_navigation:/home/moulik/drone_ws/install/car_navigation:/opt/ros/humble /usr/bin/cmake --install /home/moulik/drone_ws/build/drone_description
[7.672s] INFO:colcon.colcon_core.shell:Creating environment descriptor '/home/moulik/drone_ws/install/drone_description/share/drone_description/hook/cmake_prefix_path.dsv'
[7.673s] INFO:colcon.colcon_core.shell:Creating environment hook '/home/moulik/drone_ws/install/drone_description/share/drone_description/hook/cmake_prefix_path.sh'
[7.674s] Level 1:colcon.colcon_core.environment:checking '/home/moulik/drone_ws/install/drone_description/bin'
[7.674s] Level 1:colcon.colcon_core.environment:checking '/home/moulik/drone_ws/install/drone_description/lib/pkgconfig/drone_description.pc'
[7.675s] Level 1:colcon.colcon_core.environment:checking '/home/moulik/drone_ws/install/drone_description/lib/python3.10/site-packages'
[7.675s] Level 1:colcon.colcon_core.environment:checking '/home/moulik/drone_ws/install/drone_description/bin'
[7.675s] INFO:colcon.colcon_core.shell:Creating package script '/home/moulik/drone_ws/install/drone_description/share/drone_description/package.ps1'
[7.676s] INFO:colcon.colcon_core.shell:Creating package descriptor '/home/moulik/drone_ws/install/drone_description/share/drone_description/package.dsv'
[7.676s] INFO:colcon.colcon_core.shell:Creating package script '/home/moulik/drone_ws/install/drone_description/share/drone_description/package.sh'
[7.677s] INFO:colcon.colcon_core.shell:Creating package script '/home/moulik/drone_ws/install/drone_description/share/drone_description/package.bash'
[7.678s] INFO:colcon.colcon_core.shell:Creating package script '/home/moulik/drone_ws/install/drone_description/share/drone_description/package.zsh'
[7.682s] Level 1:colcon.colcon_core.environment:create_file_with_runtime_dependencies(/home/moulik/drone_ws/install/drone_description/share/colcon-core/packages/drone_description)
[7.683s] Level 1:colcon.colcon_core.environment:create_environment_scripts_only(drone_description)
[7.683s] Level 1:colcon.colcon_core.environment:checking '/home/moulik/drone_ws/install/drone_description' for CMake module files
[7.683s] Level 1:colcon.colcon_core.environment:checking '/home/moulik/drone_ws/install/drone_description' for CMake config files
[7.683s] Level 1:colcon.colcon_core.shell:create_environment_hook('drone_description', 'cmake_prefix_path')
[7.684s] INFO:colcon.colcon_core.shell:Creating environment hook '/home/moulik/drone_ws/install/drone_description/share/drone_description/hook/cmake_prefix_path.ps1'
[7.693s] INFO:colcon.colcon_core.shell:Creating environment descriptor '/home/moulik/drone_ws/install/drone_description/share/drone_description/hook/cmake_prefix_path.dsv'
[7.694s] INFO:colcon.colcon_core.shell:Creating environment hook '/home/moulik/drone_ws/install/drone_description/share/drone_description/hook/cmake_prefix_path.sh'
[7.695s] Level 1:colcon.colcon_core.environment:checking '/home/moulik/drone_ws/install/drone_description/bin'
[7.695s] Level 1:colcon.colcon_core.environment:checking '/home/moulik/drone_ws/install/drone_description/lib/pkgconfig/drone_description.pc'
[7.695s] Level 1:colcon.colcon_core.environment:checking '/home/moulik/drone_ws/install/drone_description/lib/python3.10/site-packages'
[7.696s] Level 1:colcon.colcon_core.environment:checking '/home/moulik/drone_ws/install/drone_description/bin'
[7.696s] INFO:colcon.colcon_core.shell:Creating package script '/home/moulik/drone_ws/install/drone_description/share/drone_description/package.ps1'
[7.697s] INFO:colcon.colcon_core.shell:Creating package descriptor '/home/moulik/drone_ws/install/drone_description/share/drone_description/package.dsv'
[7.697s] INFO:colcon.colcon_core.shell:Creating package script '/home/moulik/drone_ws/install/drone_description/share/drone_description/package.sh'
[7.698s] INFO:colcon.colcon_core.shell:Creating package script '/home/moulik/drone_ws/install/drone_description/share/drone_description/package.bash'
[7.699s] INFO:colcon.colcon_core.shell:Creating package script '/home/moulik/drone_ws/install/drone_description/share/drone_description/package.zsh'
[7.699s] Level 1:colcon.colcon_core.environment:create_file_with_runtime_dependencies(/home/moulik/drone_ws/install/drone_description/share/colcon-core/packages/drone_description)
[7.700s] DEBUG:colcon.colcon_parallel_executor.executor.parallel:closing loop
[7.702s] DEBUG:colcon.colcon_parallel_executor.executor.parallel:loop closed
[7.702s] DEBUG:colcon.colcon_parallel_executor.executor.parallel:run_until_complete finished with '0'
[7.702s] DEBUG:colcon.colcon_core.event_reactor:joining thread
[7.719s] INFO:colcon.colcon_core.plugin_system:Skipping extension 'colcon_notification.desktop_notification.terminal_notifier': Not used on non-Darwin systems
[7.719s] INFO:colcon.colcon_core.plugin_system:Skipping extension 'colcon_notification.desktop_notification.win32': Not used on non-Windows systems
[7.719s] INFO:colcon.colcon_notification.desktop_notification:Sending desktop notification using 'notify2'
[7.814s] DEBUG:colcon.colcon_core.event_reactor:joined thread
[7.815s] INFO:colcon.colcon_core.shell:Creating prefix script '/home/moulik/drone_ws/install/local_setup.ps1'
[7.827s] INFO:colcon.colcon_core.shell:Creating prefix util module '/home/moulik/drone_ws/install/_local_setup_util_ps1.py'
[7.837s] INFO:colcon.colcon_core.shell:Creating prefix chain script '/home/moulik/drone_ws/install/setup.ps1'
[7.840s] INFO:colcon.colcon_core.shell:Creating prefix script '/home/moulik/drone_ws/install/local_setup.sh'
[7.846s] INFO:colcon.colcon_core.shell:Creating prefix util module '/home/moulik/drone_ws/install/_local_setup_util_sh.py'
[7.848s] INFO:colcon.colcon_core.shell:Creating prefix chain script '/home/moulik/drone_ws/install/setup.sh'
[7.859s] INFO:colcon.colcon_core.shell:Creating prefix script '/home/moulik/drone_ws/install/local_setup.bash'
[7.868s] INFO:colcon.colcon_core.shell:Creating prefix chain script '/home/moulik/drone_ws/install/setup.bash'
[7.870s] INFO:colcon.colcon_core.shell:Creating prefix script '/home/moulik/drone_ws/install/local_setup.zsh'
[7.872s] INFO:colcon.colcon_core.shell:Creating prefix chain script '/home/moulik/drone_ws/install/setup.zsh'
