[0.054s] Invoking command in '/home/moulik/drone_ws/build/drone_description': CMAKE_PREFIX_PATH=${CMAKE_PREFIX_PATH}:/opt/ros/humble /usr/bin/cmake /home/moulik/drone_ws/src/drone_description -DCMAKE_INSTALL_PREFIX=/home/moulik/drone_ws/install/drone_description
[0.674s] -- The C compiler identification is GNU 11.4.0
[0.984s] -- The CXX compiler identification is GNU 11.4.0
[1.010s] -- Detecting C compiler ABI info
[1.196s] -- Detecting C compiler ABI info - done
[1.201s] -- Check for working C compiler: /usr/bin/cc - skipped
[1.214s] -- Detecting C compile features
[1.214s] -- Detecting C compile features - done
[1.226s] -- Detecting CXX compiler ABI info
[1.411s] -- Detecting CXX compiler ABI info - done
[1.412s] -- Check for working CXX compiler: /usr/bin/c++ - skipped
[1.412s] -- Detecting CXX compile features
[1.415s] -- Detecting CXX compile features - done
[1.441s] -- Found ament_cmake: 1.3.11 (/opt/ros/humble/share/ament_cmake/cmake)
[1.775s] -- Found Python3: /usr/bin/python3 (found version "3.10.12") found components: Interpreter 
[2.050s] -- Found ament_lint_auto: 0.12.11 (/opt/ros/humble/share/ament_lint_auto/cmake)
[2.198s] -- Added test 'flake8' to check Python code syntax and style conventions
[2.199s] -- Added test 'lint_cmake' to check CMake code style
[2.200s] -- Added test 'pep257' to check Python code against some of the docstring style conventions in PEP 257
[2.209s] -- Added test 'xmllint' to check XML markup files
[2.238s] -- Configuring done
[2.238s] -- Generating done
[2.238s] -- Build files have been written to: /home/moulik/drone_ws/build/drone_description
[2.238s] Invoked command in '/home/moulik/drone_ws/build/drone_description' returned '0': CMAKE_PREFIX_PATH=${CMAKE_PREFIX_PATH}:/opt/ros/humble /usr/bin/cmake /home/moulik/drone_ws/src/drone_description -DCMAKE_INSTALL_PREFIX=/home/moulik/drone_ws/install/drone_description
[2.238s] Invoking command in '/home/moulik/drone_ws/build/drone_description': CMAKE_PREFIX_PATH=${CMAKE_PREFIX_PATH}:/opt/ros/humble /usr/bin/cmake --build /home/moulik/drone_ws/build/drone_description -- -j1 -l1
[2.284s] Invoked command in '/home/moulik/drone_ws/build/drone_description' returned '0': CMAKE_PREFIX_PATH=${CMAKE_PREFIX_PATH}:/opt/ros/humble /usr/bin/cmake --build /home/moulik/drone_ws/build/drone_description -- -j1 -l1
[2.296s] Invoking command in '/home/moulik/drone_ws/build/drone_description': CMAKE_PREFIX_PATH=${CMAKE_PREFIX_PATH}:/opt/ros/humble /usr/bin/cmake --install /home/moulik/drone_ws/build/drone_description
[2.307s] -- Install configuration: ""
[2.307s] -- Installing: /home/moulik/drone_ws/install/drone_description/share/ament_index/resource_index/package_run_dependencies/drone_description
[2.307s] -- Installing: /home/moulik/drone_ws/install/drone_description/share/ament_index/resource_index/parent_prefix_path/drone_description
[2.307s] -- Installing: /home/moulik/drone_ws/install/drone_description/share/drone_description/environment/ament_prefix_path.sh
[2.307s] -- Installing: /home/moulik/drone_ws/install/drone_description/share/drone_description/environment/ament_prefix_path.dsv
[2.307s] -- Installing: /home/moulik/drone_ws/install/drone_description/share/drone_description/environment/path.sh
[2.308s] -- Installing: /home/moulik/drone_ws/install/drone_description/share/drone_description/environment/path.dsv
[2.308s] -- Installing: /home/moulik/drone_ws/install/drone_description/share/drone_description/local_setup.bash
[2.308s] -- Installing: /home/moulik/drone_ws/install/drone_description/share/drone_description/local_setup.sh
[2.308s] -- Installing: /home/moulik/drone_ws/install/drone_description/share/drone_description/local_setup.zsh
[2.308s] -- Installing: /home/moulik/drone_ws/install/drone_description/share/drone_description/local_setup.dsv
[2.308s] -- Installing: /home/moulik/drone_ws/install/drone_description/share/drone_description/package.dsv
[2.308s] -- Installing: /home/moulik/drone_ws/install/drone_description/share/ament_index/resource_index/packages/drone_description
[2.309s] -- Installing: /home/moulik/drone_ws/install/drone_description/share/drone_description/cmake/drone_descriptionConfig.cmake
[2.309s] -- Installing: /home/moulik/drone_ws/install/drone_description/share/drone_description/cmake/drone_descriptionConfig-version.cmake
[2.309s] -- Installing: /home/moulik/drone_ws/install/drone_description/share/drone_description/package.xml
[2.323s] Invoked command in '/home/moulik/drone_ws/build/drone_description' returned '0': CMAKE_PREFIX_PATH=${CMAKE_PREFIX_PATH}:/opt/ros/humble /usr/bin/cmake --install /home/moulik/drone_ws/build/drone_description
