[2.378s] Invoking command in '/home/moulik/drone_ws/src/car_navigation': PYTHONPATH=/home/moulik/drone_ws/build/car_navigation/prefix_override:/usr/lib/python3/dist-packages/colcon_core/task/python/colcon_distutils_commands:/home/moulik/drone_ws/install/car_navigation/lib/python3.10/site-packages:${PYTHONPATH} /usr/bin/python3 -W ignore:setup.py install is deprecated -W ignore:easy_install command is deprecated setup.py egg_info --egg-base ../../build/car_navigation build --build-base /home/moulik/drone_ws/build/car_navigation/build install --record /home/moulik/drone_ws/build/car_navigation/install.log --single-version-externally-managed install_data
[2.771s] running egg_info
[2.772s] writing ../../build/car_navigation/car_navigation.egg-info/PKG-INFO
[2.777s] writing dependency_links to ../../build/car_navigation/car_navigation.egg-info/dependency_links.txt
[2.778s] writing entry points to ../../build/car_navigation/car_navigation.egg-info/entry_points.txt
[2.783s] writing requirements to ../../build/car_navigation/car_navigation.egg-info/requires.txt
[2.790s] writing top-level names to ../../build/car_navigation/car_navigation.egg-info/top_level.txt
[2.791s] reading manifest file '../../build/car_navigation/car_navigation.egg-info/SOURCES.txt'
[2.795s] writing manifest file '../../build/car_navigation/car_navigation.egg-info/SOURCES.txt'
[2.796s] running build
[2.796s] running build_py
[2.801s] running install
[2.801s] running install_lib
[2.803s] running install_data
[2.806s] running install_egg_info
[2.806s] removing '/home/moulik/drone_ws/install/car_navigation/lib/python3.10/site-packages/car_navigation-0.0.0-py3.10.egg-info' (and everything under it)
[2.806s] Copying ../../build/car_navigation/car_navigation.egg-info to /home/moulik/drone_ws/install/car_navigation/lib/python3.10/site-packages/car_navigation-0.0.0-py3.10.egg-info
[2.808s] running install_scripts
[2.825s] Installing obstacle_avoidance script to /home/moulik/drone_ws/install/car_navigation/lib/car_navigation
[2.832s] Installing simple_lidar_test script to /home/moulik/drone_ws/install/car_navigation/lib/car_navigation
[2.841s] writing list of installed files to '/home/moulik/drone_ws/build/car_navigation/install.log'
[2.876s] Invoked command in '/home/moulik/drone_ws/src/car_navigation' returned '0': PYTHONPATH=/home/moulik/drone_ws/build/car_navigation/prefix_override:/usr/lib/python3/dist-packages/colcon_core/task/python/colcon_distutils_commands:/home/moulik/drone_ws/install/car_navigation/lib/python3.10/site-packages:${PYTHONPATH} /usr/bin/python3 -W ignore:setup.py install is deprecated -W ignore:easy_install command is deprecated setup.py egg_info --egg-base ../../build/car_navigation build --build-base /home/moulik/drone_ws/build/car_navigation/build install --record /home/moulik/drone_ws/build/car_navigation/install.log --single-version-externally-managed install_data
